Log file open, 01/30/17 20:45:12
LogInit:Display: Running engine for game: PrimordialSoup
LogPlatformFile: Not using cached read wrapper
LogInit:Display: RandInit(-220487547) SRandInit(-220487547).
LogTaskGraph: Started task graph with 5 named threads and 8 total threads with 1 sets of task threads.
LogStats: Stats thread started at 0.069790
LogPluginManager: Loaded Plugin Paper2D, From B:/Programs/Epic/Epic Games/4.14/Engine/Plugins/2D/Paper2D/Paper2D.uplugin
LogPluginManager: Loaded Plugin LightPropagationVolume, From B:/Programs/Epic/Epic Games/4.14/Engine/Plugins/Blendables/LightPropagationVolume/LightPropagationVolume.uplugin
LogPluginManager: Loaded Plugin BlankPlugin, From B:/Programs/Epic/Epic Games/4.14/Engine/Plugins/Developer/BlankPlugin/BlankPlugin.uplugin
LogPluginManager: Loaded Plugin CodeLiteSourceCodeAccess, From B:/Programs/Epic/Epic Games/4.14/Engine/Plugins/Developer/CodeLiteSourceCodeAccess/CodeLiteSourceCodeAccess.uplugin
LogPluginManager: Loaded Plugin GitSourceControl, From B:/Programs/Epic/Epic Games/4.14/Engine/Plugins/Developer/GitSourceControl/GitSourceControl.uplugin
LogPluginManager: Loaded Plugin KDevelopSourceCodeAccess, From B:/Programs/Epic/Epic Games/4.14/Engine/Plugins/Developer/KDevelopSourceCodeAccess/KDevelopSourceCodeAccess.uplugin
LogPluginManager: Loaded Plugin NullSourceCodeAccess, From B:/Programs/Epic/Epic Games/4.14/Engine/Plugins/Developer/NullSourceCodeAccess/NullSourceCodeAccess.uplugin
LogPluginManager: Loaded Plugin OneSkyLocalizationService, From B:/Programs/Epic/Epic Games/4.14/Engine/Plugins/Developer/OneSkyLocalizationService/OneSkyLocalizationService.uplugin
LogPluginManager: Loaded Plugin PerforceSourceControl, From B:/Programs/Epic/Epic Games/4.14/Engine/Plugins/Developer/PerforceSourceControl/PerforceSourceControl.uplugin
LogPluginManager: Loaded Plugin SubversionSourceControl, From B:/Programs/Epic/Epic Games/4.14/Engine/Plugins/Developer/SubversionSourceControl/SubversionSourceControl.uplugin
LogPluginManager: Loaded Plugin UObjectPlugin, From B:/Programs/Epic/Epic Games/4.14/Engine/Plugins/Developer/UObjectPlugin/UObjectPlugin.uplugin
LogPluginManager: Loaded Plugin VisualStudioSourceCodeAccess, From B:/Programs/Epic/Epic Games/4.14/Engine/Plugins/Developer/VisualStudioSourceCodeAccess/VisualStudioSourceCodeAccess.uplugin
LogPluginManager: Loaded Plugin XCodeSourceCodeAccess, From B:/Programs/Epic/Epic Games/4.14/Engine/Plugins/Developer/XCodeSourceCodeAccess/XCodeSourceCodeAccess.uplugin
LogPluginManager: Loaded Plugin AudioCapture, From B:/Programs/Epic/Epic Games/4.14/Engine/Plugins/Editor/AudioCapture/AudioCapture.uplugin
LogPluginManager: Loaded Plugin EpicSurvey, From B:/Programs/Epic/Epic Games/4.14/Engine/Plugins/Editor/EpicSurvey/EpicSurvey.uplugin
LogPluginManager: Loaded Plugin MacGraphicsSwitching, From B:/Programs/Epic/Epic Games/4.14/Engine/Plugins/Editor/MacGraphicsSwitching/MacGraphicsSwitching.uplugin
LogPluginManager: Loaded Plugin MobileLauncherProfileWizard, From B:/Programs/Epic/Epic Games/4.14/Engine/Plugins/Editor/MobileLauncherProfileWizard/MobileLauncherProfileWizard.uplugin
LogPluginManager: Loaded Plugin PluginBrowser, From B:/Programs/Epic/Epic Games/4.14/Engine/Plugins/Editor/PluginBrowser/PluginBrowser.uplugin
LogPluginManager: Loaded Plugin SpeedTreeImporter, From B:/Programs/Epic/Epic Games/4.14/Engine/Plugins/Editor/SpeedTreeImporter/SpeedTreeImporter.uplugin
LogPluginManager: Loaded Plugin SuperSearchEditor, From B:/Programs/Epic/Epic Games/4.14/Engine/Plugins/Editor/SuperSearchEditor/SuperSearchEditor.uplugin
LogPluginManager: Loaded Plugin AlembicImporter, From B:/Programs/Epic/Epic Games/4.14/Engine/Plugins/Experimental/AlembicImporter/AlembicImporter.uplugin
LogPluginManager: Loaded Plugin BlueprintStats, From B:/Programs/Epic/Epic Games/4.14/Engine/Plugins/Experimental/BlueprintStats/BlueprintStats.uplugin
LogPluginManager: Loaded Plugin CharacterAI, From B:/Programs/Epic/Epic Games/4.14/Engine/Plugins/Experimental/CharacterAI/CharacterAI.uplugin
LogPluginManager: Loaded Plugin CodeEditor, From B:/Programs/Epic/Epic Games/4.14/Engine/Plugins/Experimental/CodeEditor/CodeEditor.uplugin
LogPluginManager: Loaded Plugin CodeView, From B:/Programs/Epic/Epic Games/4.14/Engine/Plugins/Experimental/CodeView/CodeView.uplugin
LogPluginManager: Loaded Plugin HTML5Networking, From B:/Programs/Epic/Epic Games/4.14/Engine/Plugins/Experimental/HTML5Networking/HTML5Networking.uplugin
LogPluginManager: Loaded Plugin OSVR, From B:/Programs/Epic/Epic Games/4.14/Engine/Plugins/Experimental/OSVR/OSVR.uplugin
LogPluginManager: Loaded Plugin Phya, From B:/Programs/Epic/Epic Games/4.14/Engine/Plugins/Experimental/Phya/Phya.uplugin
LogPluginManager: Loaded Plugin SignificanceManager, From B:/Programs/Epic/Epic Games/4.14/Engine/Plugins/Experimental/SignificanceManager/SignificanceManager.uplugin
LogPluginManager: Loaded Plugin SimpleHMD, From B:/Programs/Epic/Epic Games/4.14/Engine/Plugins/Experimental/SimpleHMD/SimpleHMD.uplugin
LogPluginManager: Loaded Plugin StereoPanorama, From B:/Programs/Epic/Epic Games/4.14/Engine/Plugins/Experimental/StereoPanorama/StereoPanorama.uplugin
LogPluginManager: Loaded Plugin StructBox, From B:/Programs/Epic/Epic Games/4.14/Engine/Plugins/Experimental/StructBox/StructBox.uplugin
LogPluginManager: Loaded Plugin AndroidMedia, From B:/Programs/Epic/Epic Games/4.14/Engine/Plugins/Media/AndroidMedia/AndroidMedia.uplugin
LogPluginManager: Loaded Plugin AvfMedia, From B:/Programs/Epic/Epic Games/4.14/Engine/Plugins/Media/AvfMedia/AvfMedia.uplugin
LogPluginManager: Loaded Plugin MediaPlayerEditor, From B:/Programs/Epic/Epic Games/4.14/Engine/Plugins/Media/MediaPlayerEditor/MediaPlayerEditor.uplugin
LogPluginManager: Loaded Plugin WmfMedia, From B:/Programs/Epic/Epic Games/4.14/Engine/Plugins/Media/WmfMedia/WmfMedia.uplugin
LogPluginManager: Loaded Plugin MessagingDebugger, From B:/Programs/Epic/Epic Games/4.14/Engine/Plugins/Messaging/MessagingDebugger/MessagingDebugger.uplugin
LogPluginManager: Loaded Plugin TcpMessaging, From B:/Programs/Epic/Epic Games/4.14/Engine/Plugins/Messaging/TcpMessaging/TcpMessaging.uplugin
LogPluginManager: Loaded Plugin UdpMessaging, From B:/Programs/Epic/Epic Games/4.14/Engine/Plugins/Messaging/UdpMessaging/UdpMessaging.uplugin
LogPluginManager: Loaded Plugin LevelSequenceEditor, From B:/Programs/Epic/Epic Games/4.14/Engine/Plugins/MovieScene/LevelSequenceEditor/LevelSequenceEditor.uplugin
LogPluginManager: Loaded Plugin MatineeToLevelSequence, From B:/Programs/Epic/Epic Games/4.14/Engine/Plugins/MovieScene/MatineeToLevelSequence/MatineeToLevelSequence.uplugin
LogPluginManager: Loaded Plugin NetcodeUnitTest, From B:/Programs/Epic/Epic Games/4.14/Engine/Plugins/NetcodeUnitTest/NetcodeUnitTest/NetcodeUnitTest.uplugin
LogPluginManager: Loaded Plugin NUTUnrealEngine4, From B:/Programs/Epic/Epic Games/4.14/Engine/Plugins/NetcodeUnitTest/NUTUnrealEngine4/NUTUnrealEngine4.uplugin
LogPluginManager: Loaded Plugin OnlineSubsystemGameCircle, From B:/Programs/Epic/Epic Games/4.14/Engine/Plugins/Online/Android/OnlineSubsystemGameCircle/OnlineSubsystemGameCircle.uplugin
LogPluginManager: Loaded Plugin OnlineSubsystemGooglePlay, From B:/Programs/Epic/Epic Games/4.14/Engine/Plugins/Online/Android/OnlineSubsystemGooglePlay/OnlineSubsystemGooglePlay.uplugin
LogPluginManager: Loaded Plugin OnlineSubsystemIOS, From B:/Programs/Epic/Epic Games/4.14/Engine/Plugins/Online/IOS/OnlineSubsystemIOS/OnlineSubsystemIOS.uplugin
LogPluginManager: Loaded Plugin OnlineFramework, From B:/Programs/Epic/Epic Games/4.14/Engine/Plugins/Online/OnlineFramework/OnlineFramework.uplugin
LogPluginManager: Loaded Plugin OnlineSubsystem, From B:/Programs/Epic/Epic Games/4.14/Engine/Plugins/Online/OnlineSubsystem/OnlineSubsystem.uplugin
LogPluginManager: Loaded Plugin OnlineSubsystemAmazon, From B:/Programs/Epic/Epic Games/4.14/Engine/Plugins/Online/OnlineSubsystemAmazon/OnlineSubsystemAmazon.uplugin
LogPluginManager: Loaded Plugin OnlineSubsystemFacebook, From B:/Programs/Epic/Epic Games/4.14/Engine/Plugins/Online/OnlineSubsystemFacebook/OnlineSubsystemFacebook.uplugin
LogPluginManager: Loaded Plugin OnlineSubsystemNull, From B:/Programs/Epic/Epic Games/4.14/Engine/Plugins/Online/OnlineSubsystemNull/OnlineSubsystemNull.uplugin
LogPluginManager: Loaded Plugin OnlineSubsystemOculus, From B:/Programs/Epic/Epic Games/4.14/Engine/Plugins/Online/OnlineSubsystemOculus/OnlineSubsystemOculus.uplugin
LogPluginManager: Loaded Plugin OnlineSubsystemSteam, From B:/Programs/Epic/Epic Games/4.14/Engine/Plugins/Online/OnlineSubsystemSteam/OnlineSubsystemSteam.uplugin
LogPluginManager: Loaded Plugin OnlineSubsystemUtils, From B:/Programs/Epic/Epic Games/4.14/Engine/Plugins/Online/OnlineSubsystemUtils/OnlineSubsystemUtils.uplugin
LogPluginManager: Loaded Plugin IOSTapJoy, From B:/Programs/Epic/Epic Games/4.14/Engine/Plugins/Runtime/Advertising/IOSTapJoy/IOSTapJoy.uplugin
LogPluginManager: Loaded Plugin AnalyticsBlueprintLibrary, From B:/Programs/Epic/Epic Games/4.14/Engine/Plugins/Runtime/Analytics/AnalyticsBlueprintLibrary/AnalyticsBlueprintLibrary.uplugin
LogPluginManager: Loaded Plugin AnalyticsMulticast, From B:/Programs/Epic/Epic Games/4.14/Engine/Plugins/Runtime/Analytics/AnalyticsMulticast/AnalyticsMulticast.uplugin
LogPluginManager: Loaded Plugin Apsalar, From B:/Programs/Epic/Epic Games/4.14/Engine/Plugins/Runtime/Analytics/Apsalar/Apsalar.uplugin
LogPluginManager: Loaded Plugin FileLogging, From B:/Programs/Epic/Epic Games/4.14/Engine/Plugins/Runtime/Analytics/FileLogging/FileLogging.uplugin
LogPluginManager: Loaded Plugin Flurry, From B:/Programs/Epic/Epic Games/4.14/Engine/Plugins/Runtime/Analytics/Flurry/Flurry.uplugin
LogPluginManager: Loaded Plugin AndroidDeviceProfileSelector, From B:/Programs/Epic/Epic Games/4.14/Engine/Plugins/Runtime/AndroidDeviceProfileSelector/AndroidDeviceProfileSelector.uplugin
LogPluginManager: Loaded Plugin AndroidMoviePlayer, From B:/Programs/Epic/Epic Games/4.14/Engine/Plugins/Runtime/AndroidMoviePlayer/AndroidMoviePlayer.uplugin
LogPluginManager: Loaded Plugin AppleMoviePlayer, From B:/Programs/Epic/Epic Games/4.14/Engine/Plugins/Runtime/AppleMoviePlayer/AppleMoviePlayer.uplugin
LogPluginManager: Loaded Plugin ArchVisCharacter, From B:/Programs/Epic/Epic Games/4.14/Engine/Plugins/Runtime/ArchVisCharacter/ArchVisCharacter.uplugin
LogPluginManager: Loaded Plugin CableComponent, From B:/Programs/Epic/Epic Games/4.14/Engine/Plugins/Runtime/CableComponent/CableComponent.uplugin
LogPluginManager: Loaded Plugin CustomMeshComponent, From B:/Programs/Epic/Epic Games/4.14/Engine/Plugins/Runtime/CustomMeshComponent/CustomMeshComponent.uplugin
LogPluginManager: Loaded Plugin ExampleDeviceProfileSelector, From B:/Programs/Epic/Epic Games/4.14/Engine/Plugins/Runtime/ExampleDeviceProfileSelector/ExampleDeviceProfileSelector.uplugin
LogPluginManager: Loaded Plugin GearVR, From B:/Programs/Epic/Epic Games/4.14/Engine/Plugins/Runtime/GearVR/GearVR.uplugin
LogPluginManager: Loaded Plugin GoogleVRController, From B:/Programs/Epic/Epic Games/4.14/Engine/Plugins/Runtime/GoogleVR/GoogleVRController/GoogleVRController.uplugin
LogPluginManager: Loaded Plugin GoogleVRHMD, From B:/Programs/Epic/Epic Games/4.14/Engine/Plugins/Runtime/GoogleVR/GoogleVRHMD/GoogleVRHMD.uplugin
LogPluginManager: Loaded Plugin IOSDeviceProfileSelector, From B:/Programs/Epic/Epic Games/4.14/Engine/Plugins/Runtime/IOSDeviceProfileSelector/IOSDeviceProfileSelector.uplugin
LogPluginManager: Loaded Plugin LeapMotion, From B:/Programs/Epic/Epic Games/4.14/Engine/Plugins/Runtime/LeapMotion/LeapMotion.uplugin
LogPluginManager: Loaded Plugin LinuxDeviceProfileSelector, From B:/Programs/Epic/Epic Games/4.14/Engine/Plugins/Runtime/LinuxDeviceProfileSelector/LinuxDeviceProfileSelector.uplugin
LogPluginManager: Loaded Plugin MIDIDevice, From B:/Programs/Epic/Epic Games/4.14/Engine/Plugins/Runtime/MIDIDevice/MIDIDevice.uplugin
LogPluginManager: Loaded Plugin MobilePatchingUtils, From B:/Programs/Epic/Epic Games/4.14/Engine/Plugins/Runtime/MobilePatchingUtils/MobilePatchingUtils.uplugin
LogPluginManager: Loaded Plugin Ansel, From B:/Programs/Epic/Epic Games/4.14/Engine/Plugins/Runtime/Nvidia/Ansel/Ansel.uplugin
LogPluginManager: Loaded Plugin OculusAudio, From B:/Programs/Epic/Epic Games/4.14/Engine/Plugins/Runtime/OculusAudio/OculusAudio.uplugin
LogPluginManager: Loaded Plugin OculusInput, From B:/Programs/Epic/Epic Games/4.14/Engine/Plugins/Runtime/OculusInput/OculusInput.uplugin
LogPluginManager: Loaded Plugin OculusLibrary, From B:/Programs/Epic/Epic Games/4.14/Engine/Plugins/Runtime/OculusLibrary/OculusLibrary.uplugin
LogPluginManager: Loaded Plugin OculusRift, From B:/Programs/Epic/Epic Games/4.14/Engine/Plugins/Runtime/OculusRift/OculusRift.uplugin
LogPluginManager: Loaded Plugin Oodle, From B:/Programs/Epic/Epic Games/4.14/Engine/Plugins/Runtime/PacketHandlers/CompressionComponents/Oodle/Oodle.uplugin
LogPluginManager: Loaded Plugin ProceduralMeshComponent, From B:/Programs/Epic/Epic Games/4.14/Engine/Plugins/Runtime/ProceduralMeshComponent/ProceduralMeshComponent.uplugin
LogPluginManager: Loaded Plugin SoundMod, From B:/Programs/Epic/Epic Games/4.14/Engine/Plugins/Runtime/SoundMod/SoundMod.uplugin
LogPluginManager: Loaded Plugin SoundVisualizations, From B:/Programs/Epic/Epic Games/4.14/Engine/Plugins/Runtime/SoundVisualizations/SoundVisualizations.uplugin
LogPluginManager: Loaded Plugin SteamController, From B:/Programs/Epic/Epic Games/4.14/Engine/Plugins/Runtime/Steam/SteamController/SteamController.uplugin
LogPluginManager: Loaded Plugin SteamVR, From B:/Programs/Epic/Epic Games/4.14/Engine/Plugins/Runtime/Steam/SteamVR/SteamVR.uplugin
LogPluginManager: Loaded Plugin WebBrowserWidget, From B:/Programs/Epic/Epic Games/4.14/Engine/Plugins/Runtime/WebBrowserWidget/WebBrowserWidget.uplugin
LogPluginManager: Loaded Plugin WindowsDeviceProfileSelector, From B:/Programs/Epic/Epic Games/4.14/Engine/Plugins/Runtime/WindowsDeviceProfileSelector/WindowsDeviceProfileSelector.uplugin
LogPluginManager: Loaded Plugin WindowsMoviePlayer, From B:/Programs/Epic/Epic Games/4.14/Engine/Plugins/Runtime/WindowsMoviePlayer/WindowsMoviePlayer.uplugin
LogPluginManager: Loaded Plugin ScriptPlugin, From B:/Programs/Epic/Epic Games/4.14/Engine/Plugins/ScriptPlugin/ScriptPlugin.uplugin
LogPluginManager: Loaded Plugin SlateRemote, From B:/Programs/Epic/Epic Games/4.14/Engine/Plugins/Slate/SlateRemote/SlateRemote.uplugin
LogPluginManager: Loaded Plugin EditorTests, From B:/Programs/Epic/Epic Games/4.14/Engine/Plugins/Tests/EditorTests/EditorTests.uplugin
LogPluginManager: Loaded Plugin FbxAutomationTestBuilder, From B:/Programs/Epic/Epic Games/4.14/Engine/Plugins/Tests/FbxAutomationTestBuilder/FbxAutomationTestBuilder.uplugin
LogPluginManager: Loaded Plugin FunctionalTestingEditor, From B:/Programs/Epic/Epic Games/4.14/Engine/Plugins/Tests/FunctionalTestingEditor/FunctionalTestingEditor.uplugin
LogPluginManager: Loaded Plugin RuntimeTests, From B:/Programs/Epic/Epic Games/4.14/Engine/Plugins/Tests/RuntimeTests/RuntimeTests.uplugin
LogPluginManager: Loaded Plugin ScreenshotTools, From B:/Programs/Epic/Epic Games/4.14/Engine/Plugins/Tests/ScreenshotTools/ScreenshotTools.uplugin
LogInit: Using libcurl 7.47.1
LogInit:  - built for x86_64-pc-win32
LogInit:  - supports SSL with OpenSSL/1.0.2g
LogInit:  - supports HTTP deflate (compression) using libz 1.2.8
LogInit:  - other features:
LogInit:      CURL_VERSION_SSL
LogInit:      CURL_VERSION_LIBZ
LogInit:      CURL_VERSION_IPV6
LogInit:      CURL_VERSION_ASYNCHDNS
LogInit:      CURL_VERSION_LARGEFILE
LogInit:      CURL_VERSION_IDN
LogInit:  CurlRequestOptions (configurable via config and command line):
LogInit:  - bVerifyPeer = false  - Libcurl will NOT verify peer certificate
LogInit:  - bUseHttpProxy = false  - Libcurl will NOT use HTTP proxy
LogInit:  - bDontReuseConnections = false  - Libcurl will reuse connections
LogInit:  - CertBundlePath = nullptr  - Libcurl will use whatever was configured at build time.
LogInit: Build: ++UE4+Release-4.14-CL-3249277
LogInit: Engine Version: 4.14.3-3249277+++UE4+Release-4.14
LogInit: Compatible Engine Version: 4.14.0-3195953+++UE4+Release-4.14
LogInit: Net CL: 3195953
LogDevObjectVersion: Number of dev versions registered: 13
LogDevObjectVersion:   Dev-Blueprints (B0D832E4-1F89-4F0D-ACCF-7EB736FD4AA2): 7
LogDevObjectVersion:   Dev-Build (E1C64328-A22C-4D53-A36C-8E866417BD8C): 0
LogDevObjectVersion:   Dev-Core (375EC13C-06E4-48FB-B500-84F0262A717E): 1
LogDevObjectVersion:   Dev-Editor (E4B068ED-F494-42E9-A231-DA0B2E46BB41): 8
LogDevObjectVersion:   Dev-Framework (CFFC743F-43B0-4480-9391-14DF171D2073): 17
LogDevObjectVersion:   Dev-Mobile (B02B49B5-BB20-44E9-A304-32B752E40360): 0
LogDevObjectVersion:   Dev-Networking (A4E4105C-59A1-49B5-A7C5-40C4547EDFEE): 0
LogDevObjectVersion:   Dev-Online (39C831C9-5AE6-47DC-9A44-9C173E1C8E7C): 0
LogDevObjectVersion:   Dev-Physics (78F01B33-EBEA-4F98-B9B4-84EACCB95AA2): 0
LogDevObjectVersion:   Dev-Platform (6631380F-2D4D-43E0-8009-CF276956A95A): 0
LogDevObjectVersion:   Dev-Rendering (12F88B9F-8875-4AFC-A67C-D90C383ABD29): 12
LogDevObjectVersion:   Dev-Sequencer (7B5AE74C-D270-4C10-A958-57980B212A5A): 1
LogDevObjectVersion:   Dev-VR (D7296918-1DD6-4BDD-9DE2-64A83CC13884): 0
LogInit: Compiled (64-bit): Jan  6 2017 10:49:43
LogInit: Compiled with Visual C++: 19.00.23026.00
LogInit: Build Configuration: Development
LogInit: Branch Name: ++UE4+Release-4.14
LogInit: Command line:  
LogInit: Base directory: B:/Programs/Epic/Epic Games/4.14/Engine/Binaries/Win64/
LogInit: Installed Engine Build: 1
LogInit: Presizing for max 8388607 objects, including 0 objects not considered by GC, pre-allocating 0 bytes for permanent pool.
LogInit: Object subsystem initialized
[2017.01.30-17.45.12:270][  0]LogInit: Selected Device Profile: [Windows]
[2017.01.30-17.45.12:270][  0]LogInit: Applying CVar settings loaded from the selected device profile: [Windows]
[2017.01.30-17.45.12:286][  0]LogInit: Computer: LAKER-PC
[2017.01.30-17.45.12:286][  0]LogInit: User: laker
[2017.01.30-17.45.12:286][  0]LogInit: CPU Page size=65536, Cores=4
[2017.01.30-17.45.12:286][  0]LogInit: High frequency timer resolution =3.410076 MHz
[2017.01.30-17.45.12:286][  0]LogMemory: Memory total: Physical=7.9GB (8GB approx)
[2017.01.30-17.45.12:286][  0]LogMemory: Platform Memory Stats for Windows
[2017.01.30-17.45.12:286][  0]LogMemory: Process Physical Memory: 264.82 MB used, 264.82 MB peak
[2017.01.30-17.45.12:286][  0]LogMemory: Process Virtual Memory: 262.83 MB used, 262.83 MB peak
[2017.01.30-17.45.12:286][  0]LogMemory: Physical Memory: 4210.67 MB used,  3848.76 MB free, 8059.43 MB total
[2017.01.30-17.45.12:286][  0]LogMemory: Virtual Memory: 676.50 MB used,  3848.76 MB free, 134217728.00 MB total
[2017.01.30-17.45.12:319][  0]LogTextLocalizationManager: No translations for ('ru-RU') exist, falling back to 'en' for localization and internationalization data.
[2017.01.30-17.45.12:913][  0]LogD3D11RHI: D3D11 adapters:
[2017.01.30-17.45.13:672][  0]LogD3D11RHI:    0. 'NVIDIA GeForce GTX 960' (Feature Level 11_0)
[2017.01.30-17.45.13:672][  0]LogD3D11RHI:       4062/0/4029 MB DedicatedVideo/DedicatedSystem/SharedSystem, Outputs:2, VendorId:0x10de
[2017.01.30-17.45.13:680][  0]LogD3D11RHI:    1. 'Intel(R) HD Graphics 4600' (Feature Level 11_0)
[2017.01.30-17.45.13:680][  0]LogD3D11RHI:       112/0/2048 MB DedicatedVideo/DedicatedSystem/SharedSystem, Outputs:0, VendorId:0x8086
[2017.01.30-17.45.13:681][  0]LogD3D11RHI:    2. 'Microsoft Basic Render Driver' (Feature Level 11_0)
[2017.01.30-17.45.13:681][  0]LogD3D11RHI:       0/0/4029 MB DedicatedVideo/DedicatedSystem/SharedSystem, Outputs:0, VendorId:0x1414
[2017.01.30-17.45.13:681][  0]LogD3D11RHI: Chosen D3D11 Adapter: 0
[2017.01.30-17.45.13:685][  0]LogD3D11RHI: Creating new Direct3DDevice
[2017.01.30-17.45.13:685][  0]LogD3D11RHI:     GPU DeviceId: 0x1401 (for the marketing name, search the web for "GPU Device Id")
[2017.01.30-17.45.13:685][  0]LogWindows: EnumDisplayDevices:
[2017.01.30-17.45.13:685][  0]LogWindows:    0. 'NVIDIA GeForce GTX 960' (P:1 D:1)
[2017.01.30-17.45.13:685][  0]LogWindows:    1. 'NVIDIA GeForce GTX 960' (P:0 D:1)
[2017.01.30-17.45.13:685][  0]LogWindows:    2. 'NVIDIA GeForce GTX 960' (P:0 D:0)
[2017.01.30-17.45.13:685][  0]LogWindows:    3. 'NVIDIA GeForce GTX 960' (P:0 D:0)
[2017.01.30-17.45.13:686][  0]LogWindows:    4. 'Intel(R) HD Graphics 4600' (P:0 D:0)
[2017.01.30-17.45.13:686][  0]LogWindows:    5. 'Intel(R) HD Graphics 4600' (P:0 D:0)
[2017.01.30-17.45.13:686][  0]LogWindows:    6. 'Intel(R) HD Graphics 4600' (P:0 D:0)
[2017.01.30-17.45.13:686][  0]LogWindows: DebugString: PrimaryIsNotTheChoosenAdapter PrimaryIsNotTheChoosenAdapter PrimaryIsNotTheChoosenAdapter FoundDriverCount:4 
[2017.01.30-17.45.13:686][  0]LogD3D11RHI:     Adapter Name: NVIDIA GeForce GTX 960
[2017.01.30-17.45.13:686][  0]LogD3D11RHI:   Driver Version: 378.49 (internal:21.21.13.7849, unified:378.49)
[2017.01.30-17.45.13:686][  0]LogD3D11RHI:      Driver Date: 1-20-2017
[2017.01.30-17.45.13:686][  0]LogRHI: Texture pool is 1361 MB (70% of 1945 MB)
[2017.01.30-17.45.14:391][  0]LogD3D11RHI: Async texture creation enabled
[2017.01.30-17.45.14:421][  0]LogD3D11RHI: GPU Timing Frequency: 1000.000000 (Debug: 2 1)
[2017.01.30-17.45.14:421][  0]LogShaderCompilers: Guid format shader working directory is -30 characters bigger than the processId version (../../../../../../../Development/gameDevelopment/SaintCactus/PrimordialSoup/Intermediate/Shaders/WorkingDirectory/10664/).
[2017.01.30-17.45.14:422][  0]LogShaderCompilers: Cleaned the shader compiler working directory 'C:/Users/laker/AppData/Local/Temp/UnrealShaderWorkingDir/7AE9454F4231836BB358E2972F7DE24F/'.
[2017.01.30-17.45.14:422][  0]LogShaderCompilers:Display: Using Local Shader Compiler.
[2017.01.30-17.45.15:470][  0]LogTemp:Display: Loaded TP AllDesktopTargetPlatform
[2017.01.30-17.45.15:509][  0]LogTemp:Display: Loaded TP MacClientTargetPlatform
[2017.01.30-17.45.15:549][  0]LogTemp:Display: Loaded TP MacNoEditorTargetPlatform
[2017.01.30-17.45.15:589][  0]LogTemp:Display: Loaded TP MacServerTargetPlatform
[2017.01.30-17.45.15:628][  0]LogTemp:Display: Loaded TP MacTargetPlatform
[2017.01.30-17.45.15:667][  0]LogTemp:Display: Loaded TP WindowsClientTargetPlatform
[2017.01.30-17.45.15:707][  0]LogTemp:Display: Loaded TP WindowsNoEditorTargetPlatform
[2017.01.30-17.45.15:746][  0]LogTemp:Display: Loaded TP WindowsServerTargetPlatform
[2017.01.30-17.45.15:777][  0]LogTemp:Display: Loaded TP WindowsTargetPlatform
[2017.01.30-17.45.15:817][  0]LogTemp:Display: Loaded TP AndroidTargetPlatform
[2017.01.30-17.45.15:857][  0]LogTemp:Display: Loaded TP Android_ASTCTargetPlatform
[2017.01.30-17.45.15:896][  0]LogTemp:Display: Loaded TP Android_ATCTargetPlatform
[2017.01.30-17.45.15:934][  0]LogTemp:Display: Loaded TP Android_DXTTargetPlatform
[2017.01.30-17.45.15:973][  0]LogTemp:Display: Loaded TP Android_ETC1TargetPlatform
[2017.01.30-17.45.16:012][  0]LogTemp:Display: Loaded TP Android_ETC2TargetPlatform
[2017.01.30-17.45.16:089][  0]LogTemp:Display: Loaded TP Android_MultiTargetPlatform
[2017.01.30-17.45.16:089][  0]LogTemp:Display: Loaded TP Android_PVRTCTargetPlatform
[2017.01.30-17.45.16:115][  0]LogTemp:Display: Loaded TP HTML5TargetPlatform
[2017.01.30-17.45.16:177][  0]LogTemp:Display: Loaded TP IOSTargetPlatform
[2017.01.30-17.45.16:203][  0]LogTemp:Display: Loaded TP TVOSTargetPlatform
[2017.01.30-17.45.16:241][  0]LogTemp:Display: Loaded TP LinuxClientTargetPlatform
[2017.01.30-17.45.16:281][  0]LogTemp:Display: Loaded TP LinuxNoEditorTargetPlatform
[2017.01.30-17.45.16:320][  0]LogTemp:Display: Loaded TP LinuxServerTargetPlatform
[2017.01.30-17.45.16:358][  0]LogTemp:Display: Loaded TP LinuxTargetPlatform
[2017.01.30-17.45.16:358][  0]LogTargetPlatformManager:Display: Building Assets For Windows
[2017.01.30-17.45.16:605][  0]LogDerivedDataCache:Display: Max Cache Size: 512 MB
[2017.01.30-17.45.16:657][  0]LogDerivedDataCache: Loaded boot cache 0.05s 50MB C:/Users/laker/AppData/Local/UnrealEngine/4.14/DerivedDataCache/Boot.ddc.
[2017.01.30-17.45.16:657][  0]LogDerivedDataCache:Display: Loaded Boot cache: C:/Users/laker/AppData/Local/UnrealEngine/4.14/DerivedDataCache/Boot.ddc
[2017.01.30-17.45.16:657][  0]LogDerivedDataCache: FDerivedDataBackendGraph:  Pak pak cache file ../../../../../../../Development/gameDevelopment/SaintCactus/PrimordialSoup/DerivedDataCache/DDC.ddp not found, will not use a pak cache.
[2017.01.30-17.45.16:657][  0]LogDerivedDataCache: Unable to find inner node Pak for hierarchical cache Hierarchy.
[2017.01.30-17.45.16:657][  0]LogDerivedDataCache: FDerivedDataBackendGraph:  CompressedPak pak cache file ../../../../../../../Development/gameDevelopment/SaintCactus/PrimordialSoup/DerivedDataCache/Compressed.ddp not found, will not use a pak cache.
[2017.01.30-17.45.16:657][  0]LogDerivedDataCache: Unable to find inner node CompressedPak for hierarchical cache Hierarchy.
[2017.01.30-17.45.16:672][  0]LogDerivedDataCache:Display: Pak cache opened for reading ../../../Engine/DerivedDataCache/Compressed.ddp.
[2017.01.30-17.45.16:685][  0]LogDerivedDataCache: Using Local data cache path C:/Users/laker/AppData/Local/UnrealEngine/Common/DerivedDataCache: Writable
[2017.01.30-17.45.16:856][  0]LogInit: Selected Device Profile: [Windows]
[2017.01.30-17.45.16:859][  0]LogContentStreaming: Texture pool size is 0.00 MB
[2017.01.30-17.45.17:019][  0]LogMeshUtilities: Using QuadricMeshReduction for automatic static mesh reduction
[2017.01.30-17.45.17:048][  0]LogSimplygon: Simplygon DLL not present - disabling.
[2017.01.30-17.45.17:078][  0]LogMeshUtilities: Using SimplygonSwarm for distributed automatic mesh merging
[2017.01.30-17.45.17:078][  0]LogMeshUtilities: No automatic skeletal mesh reduction module available
[2017.01.30-17.45.17:078][  0]LogMeshUtilities: No automatic mesh merging module available
[2017.01.30-17.45.17:536][  0]LogNetVersion: GetLocalNetworkVersion: CL: 3195953, ProjectName: primordialsoup, ProjectVersion: , EngineNetworkVersion: 2, GameNetworkVersion: 0, NetworkChecksum: 1510063732
[2017.01.30-17.45.17:584][  0]LogAssetRegistry: FAssetRegistry took 0.0216 seconds to start up
[2017.01.30-17.45.17:610][  0]LogPackageLocalizationCache: Processed 3 localized package path(s) for 1 prioritized culture(s) in 0.012578 seconds
[2017.01.30-17.45.17:615][  0]LogUObjectArray: 31946 objects as part of root set at end of initial load.
[2017.01.30-17.45.17:615][  0]LogUObjectAllocator: 6935840 out of 0 bytes used by permanent object pool.
[2017.01.30-17.45.17:615][  0]LogUObjectArray: CloseDisregardForGC: 0/0 objects in disregard for GC pool
[2017.01.30-17.45.17:652][  0]LogInit: WinSock: version 1.1 (2.2), MaxSocks=32767, MaxUdp=65467
[2017.01.30-17.45.18:123][  0]LogSlate: Using Freetype 2.6.0
[2017.01.30-17.45.18:123][  0]LogSlate: SlateFontCache - WITH_FREETYPE: 1, WITH_HARFBUZZ: 1
[2017.01.30-17.45.18:123][  0]LogSlate: SlateFontCache - WITH_FREETYPE: 1, WITH_HARFBUZZ: 1
[2017.01.30-17.45.18:815][  0]LogTcpMessaging: Initializing TcpMessaging bridge
[2017.01.30-17.45.18:844][  0]LogUdpMessaging: Initializing bridge on interface 0.0.0.0:0 to multicast group 230.0.0.1:6666.
[2017.01.30-17.45.19:070][  0]LogMaterial: Uniform references updated for custom material expression Custom.
[2017.01.30-17.45.19:352][  0]SourceControl: Info Source control is disabled
[2017.01.30-17.45.19:434][  0]SourceControl: Info Source control is disabled
[2017.01.30-17.45.19:466][  0]SourceControl: Info Source control is disabled
[2017.01.30-17.45.19:496][  0]SourceControl: Info Source control is disabled
[2017.01.30-17.45.19:688][  0]LogLinker:Warning: Can't find file '/Game/PrimordialSoup/TopDownOverview'
[2017.01.30-17.45.19:688][  0]LogLinker:Warning: Can't find file '/Game/PrimordialSoup/TopDownOverview'
[2017.01.30-17.45.19:688][  0]LogUObjectGlobals:Warning: Failed to find object 'Class /Game/PrimordialSoup/TopDownOverview.TopDownOverview_C'
[2017.01.30-17.45.20:343][  0]LogEngine: Initializing Engine...
[2017.01.30-17.45.20:344][  0]LogHMD: Failed to initialize OpenVR with code 110
[2017.01.30-17.45.20:535][  0]LogAIModule: Creating AISystem for world Untitled
[2017.01.30-17.45.20:550][  0]LogInit: XAudio2 using 'Динамики (Realtek High Definition Audio)' : 2 channels at 48 kHz using 32 bits per sample (channel mask 0x3)
[2017.01.30-17.45.20:566][  0]LogInit: FAudioDevice initialized.
[2017.01.30-17.45.20:591][  0]LogDerivedDataCache: Saved boot cache 0.03s 50MB C:/Users/laker/AppData/Local/UnrealEngine/4.14/DerivedDataCache/Boot.ddc.
[2017.01.30-17.45.20:598][  0]LogInit: Texture streaming: Enabled
[2017.01.30-17.45.20:716][  0]LogInit: Transaction tracking system initialized
[2017.01.30-17.45.20:937][  0]BlueprintLog: New page: Editor Load
[2017.01.30-17.45.21:503][  0]LocalizationService: Info Localization service is disabled
[2017.01.30-17.45.21:931][  0]LogConsoleResponse:Display: 
[2017.01.30-17.45.22:044][  0]LogCook:Display: Max memory allowance for cook 16384mb min free memory 0mb
[2017.01.30-17.45.22:044][  0]LogCook:Display: Mobile HDR setting 1
[2017.01.30-17.45.22:293][  0]LogFileCache: Scanning file cache for directory 'B:/Development/gameDevelopment/SaintCactus/PrimordialSoup/Content/' took 0.01s
[2017.01.30-17.45.22:669][  0]SourceControl: Info Source control is disabled
[2017.01.30-17.45.22:669][  0]Cmd: MAP LOAD FILE="../../../../../../../Development/gameDevelopment/SaintCactus/PrimordialSoup/Content/Assets/maps/developmentMaps/developmentRoom.umap" TEMPLATE=0 SHOWPROGRESS=1 FEATURELEVEL=3
[2017.01.30-17.45.22:671][  0]LightingResults: New page: Lighting Build
[2017.01.30-17.45.22:697][  0]MapCheck: New page: Map Check
[2017.01.30-17.45.22:697][  0]LightingResults: New page: Lighting Build
[2017.01.30-17.45.22:908][  0]LogAIModule: Creating AISystem for world developmentRoom
[2017.01.30-17.45.22:913][  0]LogEditorServer: Finished looking for orphan Actors (0.000 secs)
[2017.01.30-17.45.22:914][  0]Cmd: MAP CHECKDEP NOCLEARLOG
[2017.01.30-17.45.22:949][  0]MapCheck: Info Map check complete: 0 Error(s), 0 Warning(s), took 34.674ms to complete.
[2017.01.30-17.45.22:949][  0]LogFileHelpers: Loading map 'developmentRoom' took 0.280
[2017.01.30-17.45.23:024][  0]LogWindowsTextInputMethodSystem:Display: IME system now deactivated.
[2017.01.30-17.45.23:087][  0]LogCollectionManager: Loaded 0 collections in 0.000744 seconds
[2017.01.30-17.45.23:155][  0]LogFileCache: Scanning file cache for directory 'B:/Development/gameDevelopment/SaintCactus/PrimordialSoup/Saved/Collections/' took 0.01s
[2017.01.30-17.45.23:155][  0]LogFileCache: Scanning file cache for directory 'B:/Development/gameDevelopment/SaintCactus/PrimordialSoup/Content/Developers/laker/Collections/' took 0.01s
[2017.01.30-17.45.23:155][  0]LogFileCache: Scanning file cache for directory 'B:/Development/gameDevelopment/SaintCactus/PrimordialSoup/Content/Collections/' took 0.01s
[2017.01.30-17.45.23:155][  0]LogCollectionManager: Rebuilt the GUID cache for 0 collections in 0.000001 seconds
[2017.01.30-17.45.23:163][  0]LogContentBrowser: Native class hierarchy populated in 0.0081 seconds. Added 2190 classes and 428 folders.
[2017.01.30-17.45.23:190][  0]LogStats: UGameplayTagsManager::ConstructGameplayTagTree: Construct from data asset -  0.000 s
[2017.01.30-17.45.23:191][  0]LogStats: UGameplayTagsManager::ConstructGameplayTagTree: GameplayTagTreeChangedEvent.Broadcast -  0.000 s
[2017.01.30-17.45.23:191][  0]LogContentBrowser: Native class hierarchy updated for 'GameplayTags' in 0.0005 seconds. Added 13 classes and 0 folders.
[2017.01.30-17.45.23:230][  0]LogContentBrowser: Native class hierarchy updated for 'WidgetCarousel' in 0.0004 seconds. Added 0 classes and 0 folders.
[2017.01.30-17.45.23:268][  0]LogContentBrowser: Native class hierarchy updated for 'AddContentDialog' in 0.0005 seconds. Added 0 classes and 0 folders.
[2017.01.30-17.45.23:296][  0]LogContentBrowser: Native class hierarchy updated for 'SceneOutliner' in 0.0005 seconds. Added 1 classes and 2 folders.
[2017.01.30-17.45.23:325][  0]LogCrashTracker: Crashtracker disabled due to settings.
[2017.01.30-17.45.24:338][  0]LogSlate: Only BGRA pngs, bmps or icos are supported in by External Image Picker
[2017.01.30-17.45.24:361][  0]LogUObjectGlobals:Warning: Failed to find object 'Class None.'
[2017.01.30-17.45.24:621][  0]LogTemp:Display: Executing iPhonePackager certificates Engine -bundlename com.YourCompany.PrimordialSoup

[2017.01.30-17.45.24:621][  0]LogTemp:Display: CWD: B:\Programs\Epic\Epic Games\4.14\Engine\Binaries\DotNet\IOS

[2017.01.30-17.45.24:621][  0]LogTemp:Display: Initial Dir: B:\Programs\Epic\Epic Games\4.14

[2017.01.30-17.45.24:621][  0]LogTemp:Display: Env CWD: B:\Programs\Epic\Epic Games\4.14\Engine\Binaries\DotNet\IOS

[2017.01.30-17.45.24:621][  0]LogTemp:Display: BranchPath = LAKER-PC/B/Programs/Epic/Epic Games/4.14/Engine/Binaries --- GameBranchPath = LAKER-PC/B/Programs/Epic/Epic Games/4.14/Engine/Binaries

[2017.01.30-17.45.24:621][  0]LogTemp:Display: IPP ERROR: Application exception: System.IO.DirectoryNotFoundException: ?? 㤠???? ????? ????? ???? "C:\Users\laker\AppData\Local\Apple Computer\MobileDevice\Provisioning Profiles".

[2017.01.30-17.45.24:621][  0]LogTemp:Display:    ? System.IO.__Error.WinIOError(Int32 errorCode, String maybeFullPath)

[2017.01.30-17.45.24:621][  0]LogTemp:Display: 

[2017.01.30-17.45.24:621][  0]LogTemp:Display:    ? System.IO.FileSystemEnumerableIterator`1.CommonInit()

[2017.01.30-17.45.24:621][  0]LogTemp:Display:    ? System.IO.Directory.EnumerateFiles(String path, String searchPattern)

[2017.01.30-17.45.24:621][  0]LogTemp:Display:    ? iPhonePackager.CodeSignatureBuilder.FindProvisions(String CFBundleIdentifier)

[2017.01.30-17.45.24:621][  0]LogTemp:Display:    ? iPhonePackager.Program.Main(String[] args)

[2017.01.30-17.45.24:662][  0]LogContentBrowser: Native class hierarchy updated for 'HierarchicalLODOutliner' in 0.0005 seconds. Added 1 classes and 2 folders.
[2017.01.30-17.45.24:662][  0]LogLoad: (Engine Initialization) Total time: 13.54 seconds
[2017.01.30-17.45.24:662][  0]LogLoad: (Engine Initialization) Total Blueprint compile time: 0.07 seconds
[2017.01.30-17.45.24:662][  0]LogExternalProfiler: Found external profiler: VSPerf
[2017.01.30-17.45.24:662][  0]LogExternalProfiler: Using external profiler: VSPerf
[2017.01.30-17.45.24:672][  0]LogOcInput: OculusInput pre-init called
[2017.01.30-17.45.24:691][  0]LogContentStreaming: Texture pool size now 1000 MB
[2017.01.30-17.45.24:831][  0]LogRenderer: Reallocating scene render targets to support 1208x576 NumSamples 1 (Frame:2).
[2017.01.30-17.45.24:907][  1]LogAssetRegistry: Asset discovery search completed in 7.3440 seconds
[2017.01.30-17.45.24:907][  1]LogCollectionManager: Rebuilt the object cache for 0 collections in 0.000001 seconds (found 0 objects)
[2017.01.30-17.45.24:907][  1]LogCollectionManager: Fixed up redirectors for 0 collections in 0.000012 seconds (updated 0 objects)
[2017.01.30-17.47.12:600][850]LogLinker:Warning: Can't find file '/Game/Mannequin/Animations/ThirdPerson_AnimBP'
[2017.01.30-17.47.12:601][850]LogLinker:Warning: Can't find file for asset '/Game/Mannequin/Animations/ThirdPerson_AnimBP' while loading ../../../../../../../Development/gameDevelopment/SaintCactus/PrimordialSoup/Content/Assets/scripts/Blueprints/TopDownCharacter.uasset.
[2017.01.30-17.47.12:601][850]LoadErrors:Error: Error /Game/Assets/scripts/Blueprints/TopDownCharacter : Can't find file for asset. /Game/Mannequin/Animations/ThirdPerson_AnimBP
[2017.01.30-17.47.12:603][850]LogLinker:Warning: Can't find file '/Game/TopDownBP/Blueprints/M_Cursor_Decal'
[2017.01.30-17.47.12:603][850]LogLinker:Warning: Can't find file for asset '/Game/TopDownBP/Blueprints/M_Cursor_Decal' while loading ../../../../../../../Development/gameDevelopment/SaintCactus/PrimordialSoup/Content/Assets/scripts/Blueprints/TopDownCharacter.uasset.
[2017.01.30-17.47.12:603][850]LoadErrors:Error: Error /Game/Assets/scripts/Blueprints/TopDownCharacter : Can't find file for asset. /Game/TopDownBP/Blueprints/M_Cursor_Decal
[2017.01.30-17.47.12:603][850]LogLinker:Warning: Can't find file '/Game/Mannequin/Animations/ThirdPerson_AnimBP'
[2017.01.30-17.47.12:603][850]LogLinker:Warning: Can't find file for asset '/Game/Mannequin/Animations/ThirdPerson_AnimBP' while loading ../../../../../../../Development/gameDevelopment/SaintCactus/PrimordialSoup/Content/Assets/scripts/Blueprints/TopDownCharacter.uasset.
[2017.01.30-17.47.12:603][850]LogLinker:Warning: Can't find file '/Game/Mannequin/Character/Mesh/SK_Mannequin'
[2017.01.30-17.47.12:603][850]LogLinker:Warning: Can't find file for asset '/Game/Mannequin/Character/Mesh/SK_Mannequin' while loading ../../../../../../../Development/gameDevelopment/SaintCactus/PrimordialSoup/Content/Assets/scripts/Blueprints/TopDownCharacter.uasset.
[2017.01.30-17.47.12:603][850]LoadErrors:Error: Error /Game/Assets/scripts/Blueprints/TopDownCharacter : Can't find file for asset. /Game/Mannequin/Character/Mesh/SK_Mannequin
[2017.01.30-17.47.12:603][850]LogLinker:Warning: Can't find file '/Game/TopDownBP/Blueprints/M_Cursor_Decal'
[2017.01.30-17.47.12:603][850]LogLinker:Warning: Can't find file for asset '/Game/TopDownBP/Blueprints/M_Cursor_Decal' while loading ../../../../../../../Development/gameDevelopment/SaintCactus/PrimordialSoup/Content/Assets/scripts/Blueprints/TopDownCharacter.uasset.
[2017.01.30-17.47.12:604][850]LogLinker:Warning: Can't find file '/Game/Mannequin/Character/Mesh/SK_Mannequin'
[2017.01.30-17.47.12:604][850]LogLinker:Warning: Can't find file for asset '/Game/Mannequin/Character/Mesh/SK_Mannequin' while loading ../../../../../../../Development/gameDevelopment/SaintCactus/PrimordialSoup/Content/Assets/scripts/Blueprints/TopDownCharacter.uasset.
[2017.01.30-17.47.12:605][850]LogLinker:Warning: Can't find file '/Game/Mannequin/Animations/ThirdPerson_AnimBP'
[2017.01.30-17.47.12:605][850]LogLinker:Warning: Can't find file for asset '/Game/Mannequin/Animations/ThirdPerson_AnimBP' while loading NULL.
[2017.01.30-17.47.12:605][850]LogLinker:Warning: Can't find file '/Game/TopDownBP/Blueprints/M_Cursor_Decal'
[2017.01.30-17.47.12:605][850]LogLinker:Warning: Can't find file for asset '/Game/TopDownBP/Blueprints/M_Cursor_Decal' while loading NULL.
[2017.01.30-17.47.12:605][850]LogLinker:Warning: Can't find file '/Game/Mannequin/Animations/ThirdPerson_AnimBP'
[2017.01.30-17.47.12:605][850]LogLinker:Warning: Can't find file for asset '/Game/Mannequin/Animations/ThirdPerson_AnimBP' while loading NULL.
[2017.01.30-17.47.12:605][850]LogLinker:Warning: Can't find file '/Game/Mannequin/Character/Mesh/SK_Mannequin'
[2017.01.30-17.47.12:605][850]LogLinker:Warning: Can't find file for asset '/Game/Mannequin/Character/Mesh/SK_Mannequin' while loading NULL.
[2017.01.30-17.47.12:605][850]LogLinker:Warning: Can't find file '/Game/TopDownBP/Blueprints/M_Cursor_Decal'
[2017.01.30-17.47.12:606][850]LogLinker:Warning: Can't find file for asset '/Game/TopDownBP/Blueprints/M_Cursor_Decal' while loading NULL.
[2017.01.30-17.47.12:606][850]LogLinker:Warning: Can't find file '/Game/Mannequin/Character/Mesh/SK_Mannequin'
[2017.01.30-17.47.12:606][850]LogLinker:Warning: Can't find file for asset '/Game/Mannequin/Character/Mesh/SK_Mannequin' while loading NULL.
[2017.01.30-17.47.12:606][850]LogLinker:Warning: Can't find file '/Game/Mannequin/Animations/ThirdPerson_AnimBP'
[2017.01.30-17.47.12:606][850]LoadErrors: Info Failed to load /Game/Mannequin/Animations/ThirdPerson_AnimBP.ThirdPerson_AnimBP_C Referenced by Default__TopDownCharacter_C
[2017.01.30-17.47.12:606][850]LogLinker:Warning: Can't find file for asset '/Game/Mannequin/Animations/ThirdPerson_AnimBP' while loading NULL.
[2017.01.30-17.47.12:607][850]LogLinker:Warning: Can't find file '/Game/Mannequin/Animations/ThirdPerson_AnimBP'
[2017.01.30-17.47.12:607][850]LogLinker:Warning: Can't find file for asset '/Game/Mannequin/Animations/ThirdPerson_AnimBP' while loading NULL.
[2017.01.30-17.47.12:607][850]LogLinker:Warning: Can't find file '/Game/Mannequin/Character/Mesh/SK_Mannequin'
[2017.01.30-17.47.12:607][850]LoadErrors: Info Failed to load /Game/Mannequin/Character/Mesh/SK_Mannequin.SK_Mannequin Referenced by Default__TopDownCharacter_C
[2017.01.30-17.47.12:607][850]LogLinker:Warning: Can't find file for asset '/Game/Mannequin/Character/Mesh/SK_Mannequin' while loading NULL.
[2017.01.30-17.47.12:614][850]LogLinker:Warning: Can't find file '/Game/TopDownBP/Blueprints/M_Cursor_Decal'
[2017.01.30-17.47.12:614][850]LoadErrors: Info Failed to load /Game/TopDownBP/Blueprints/M_Cursor_Decal.M_Cursor_Decal Referenced by CursorToWorld_GEN_VARIABLE
[2017.01.30-17.47.12:614][850]LogLinker:Warning: Can't find file for asset '/Game/TopDownBP/Blueprints/M_Cursor_Decal' while loading NULL.
[2017.01.30-17.47.12:630][850]LogBlueprint:Warning: [Compiler TopDownCharacter] Warning InputAction Event references unknown Action 'ResetVR' for  K2Node_InputAction_0
[2017.01.30-17.47.12:633][850]LogBlueprint:Warning: [Compiler TopDownCharacter] Warning [0121.51] Compile of TopDownCharacter successful, but with 1 Warning(s) [in 9 ms] (/Game/Assets/scripts/Blueprints/TopDownCharacter.TopDownCharacter)
[2017.01.30-17.47.12:633][850]LogBlueprint:Warning: [Compiler TopDownCharacter] Warning [0121.51] Compile of TopDownCharacter successful, but with 2 Warning(s) [in 0 ms] (/Game/Assets/scripts/Blueprints/TopDownCharacter.TopDownCharacter)
[2017.01.30-17.47.12:633][850]LogBlueprint:Warning: [Compiler TopDownCharacter] Warning [0121.51] Compile of TopDownCharacter successful, but with 3 Warning(s) [in 0 ms] (/Game/Assets/scripts/Blueprints/TopDownCharacter.TopDownCharacter)
[2017.01.30-17.47.12:641][850]LogBlueprint:Warning: [Compiler TopDownCharacter] Warning InputAction Event references unknown Action 'ResetVR' for  K2Node_InputAction_0
[2017.01.30-17.47.12:644][850]LogBlueprint:Warning: [Compiler TopDownCharacter] Warning [0121.52] Compile of TopDownCharacter successful, but with 1 Warning(s) [in 9 ms] (/Game/Assets/scripts/Blueprints/TopDownCharacter.TopDownCharacter)
[2017.01.30-17.47.12:644][850]LogBlueprint:Warning: [Compiler TopDownCharacter] Warning [0121.52] Compile of TopDownCharacter successful, but with 2 Warning(s) [in 0 ms] (/Game/Assets/scripts/Blueprints/TopDownCharacter.TopDownCharacter)
[2017.01.30-17.47.12:644][850]LogBlueprint:Warning: [Compiler TopDownCharacter] Warning [0121.52] Compile of TopDownCharacter successful, but with 3 Warning(s) [in 0 ms] (/Game/Assets/scripts/Blueprints/TopDownCharacter.TopDownCharacter)
[2017.01.30-17.47.13:081][850]LogContentBrowser: Native class hierarchy updated for 'BlueprintGraph' in 0.0009 seconds. Added 111 classes and 0 folders.
[2017.01.30-17.47.21:660][440]LogRenderer: Reallocating scene render targets to support 1208x712 NumSamples 1 (Frame:10752).
[2017.01.30-17.49.30:037][ 30]Cmd: OBJ SAVEPACKAGE PACKAGE="/Game/Assets/actors/protocellChar" FILE="../../../../../../../Development/gameDevelopment/SaintCactus/PrimordialSoup/Content/Assets/actors/protocellChar.uasset" SILENT=true
[2017.01.30-17.49.30:056][ 30]LogSavePackage: Save=15.94ms
[2017.01.30-17.49.30:056][ 30]LogSavePackage: Moving '../../../../../../../Development/gameDevelopment/SaintCactus/PrimordialSoup/Saved/protocellChar049A410C4050E707BDA80BBA6D41C6F4.tmp' to '../../../../../../../Development/gameDevelopment/SaintCactus/PrimordialSoup/Content/Assets/actors/protocellChar.uasset'
[2017.01.30-17.49.30:058][ 30]LogSavePackage:Display: Finished SavePackage ../../../../../../../Development/gameDevelopment/SaintCactus/PrimordialSoup/Content/Assets/actors/protocellChar.uasset
[2017.01.30-17.49.30:526][ 86]BlueprintLog: New page: Compile protocellChar
[2017.01.30-17.49.34:874][556]LogMaterial: Missing cached shader map for material M_Cursor_Decal, compiling. 
[2017.01.30-17.49.35:003][556]LogMaterial: Missing cached shader map for material M_Cursor_Decal, compiling. 
[2017.01.30-17.49.35:015][556]LogMaterial: 0.00 seconds spent updating 1 materials, 1 interfaces, 0 instances, 0 with static permutations.
[2017.01.30-17.49.35:041][556]LogMaterial: Missing cached shader map for material FMatExpressionPreview MaterialExpressionComponentMask_0, compiling. 
[2017.01.30-17.49.35:045][556]LogMaterial: Missing cached shader map for material FMatExpressionPreview MaterialExpressionTextureSample_1, compiling. 
[2017.01.30-17.49.35:050][556]LogMaterial: Missing cached shader map for material FMatExpressionPreview MaterialExpressionConstant3Vector_0, compiling. 
[2017.01.30-17.49.37:236][703]MaterialEditorStats: Info Base pass shader with only dynamic lighting: 28 instructions
[2017.01.30-17.49.37:236][703]MaterialEditorStats: Info Base pass shader for self shadowed translucency: 65 instructions
[2017.01.30-17.49.37:236][703]MaterialEditorStats: Info Vertex shader: 66 instructions
[2017.01.30-17.49.37:236][703]MaterialEditorStats: Info Texture samplers: 5/16
[2017.01.30-17.52.30:611][456]LogSavePackage: Save=9.30ms
[2017.01.30-17.52.30:611][456]LogSavePackage: Moving '../../../../../../../Development/gameDevelopment/SaintCactus/PrimordialSoup/Saved/developmentMaterialB57AF4ED4EA358AB988721878F86C091.tmp' to '../../../../../../../Development/gameDevelopment/SaintCactus/PrimordialSoup/Content/Assets/textures/materials/developmentMaterial.uasset'
[2017.01.30-17.52.30:612][456]LogSavePackage:Display: Finished SavePackage ../../../../../../../Development/gameDevelopment/SaintCactus/PrimordialSoup/Content/Assets/textures/materials/developmentMaterial.uasset
[2017.01.30-17.52.30:760][456]Cmd: OBJ SAVEPACKAGE PACKAGE="/Game/Assets/actors/protocellChar" FILE="../../../../../../../Development/gameDevelopment/SaintCactus/PrimordialSoup/Content/Assets/actors/protocellChar.uasset" SILENT=true
[2017.01.30-17.52.30:778][456]LogSavePackage: Save=16.57ms
[2017.01.30-17.52.30:778][456]LogSavePackage: Moving '../../../../../../../Development/gameDevelopment/SaintCactus/PrimordialSoup/Saved/protocellCharC3BFF24E418DF115F264FB9A022B38BB.tmp' to '../../../../../../../Development/gameDevelopment/SaintCactus/PrimordialSoup/Content/Assets/actors/protocellChar.uasset'
[2017.01.30-17.52.30:779][456]LogSavePackage:Display: Finished SavePackage ../../../../../../../Development/gameDevelopment/SaintCactus/PrimordialSoup/Content/Assets/actors/protocellChar.uasset
[2017.01.30-17.55.02:572][521]LogMaterial: Missing cached shader map for material cursorMaterial, compiling. 
[2017.01.30-17.55.02:629][521]LogMaterial: Missing cached shader map for material cursorMaterial, compiling. 
[2017.01.30-17.55.02:639][521]LogMaterial: 0.00 seconds spent updating 1 materials, 1 interfaces, 0 instances, 0 with static permutations.
[2017.01.30-17.55.03:612][621]MaterialEditorStats: Info Base pass shader with only dynamic lighting: 22 instructions
[2017.01.30-17.55.03:612][621]MaterialEditorStats: Info Vertex shader: 29 instructions
[2017.01.30-17.55.03:612][621]MaterialEditorStats: Info Texture samplers: 0/16
[2017.01.30-17.55.20:633][417]LogMaterial: Missing cached shader map for material cursorMaterial, compiling. 
[2017.01.30-17.55.20:642][417]LogMaterial: 0.00 seconds spent updating 1 materials, 1 interfaces, 0 instances, 0 with static permutations.
[2017.01.30-17.55.20:643][417]LogMaterial: Missing cached shader map for material FMatExpressionPreview MaterialExpressionTextureSample_0, compiling. 
[2017.01.30-17.55.21:644][497]MaterialEditorStats: Info Base pass shader with only dynamic lighting: 22 instructions
[2017.01.30-17.55.21:644][497]MaterialEditorStats: Info Vertex shader: 29 instructions
[2017.01.30-17.55.21:644][497]MaterialEditorStats: Info Texture samplers: 0/16
[2017.01.30-17.55.42:343][514]LogSavePackage: Save=14.92ms
[2017.01.30-17.55.42:343][514]LogSavePackage: Moving '../../../../../../../Development/gameDevelopment/SaintCactus/PrimordialSoup/Saved/developmentRoom88A16B564AA0ACDD4E39839886AE704D.tmp' to '../../../../../../../Development/gameDevelopment/SaintCactus/PrimordialSoup/Content/Assets/maps/developmentMaps/developmentRoom.umap'
[2017.01.30-17.55.42:345][514]LogSavePackage:Display: Finished SavePackage ../../../../../../../Development/gameDevelopment/SaintCactus/PrimordialSoup/Content/Assets/maps/developmentMaps/developmentRoom.umap
[2017.01.30-17.55.42:361][514]LogFileHelpers: Saving map 'developmentRoom' took 0.093
[2017.01.30-17.55.42:393][514]LogSavePackage: Save=9.72ms
[2017.01.30-17.55.42:393][514]LogSavePackage: Moving '../../../../../../../Development/gameDevelopment/SaintCactus/PrimordialSoup/Saved/cursorMaterial3AD56E3644B4D043709C6AA6933FC20D.tmp' to '../../../../../../../Development/gameDevelopment/SaintCactus/PrimordialSoup/Content/Assets/textures/materials/cursorMaterial.uasset'
[2017.01.30-17.55.42:395][514]LogSavePackage:Display: Finished SavePackage ../../../../../../../Development/gameDevelopment/SaintCactus/PrimordialSoup/Content/Assets/textures/materials/cursorMaterial.uasset
[2017.01.30-17.55.47:286][611]LogMaterial: Missing cached shader map for material cursorMaterial, compiling. 
[2017.01.30-17.55.47:304][611]LogMaterial: 0.00 seconds spent updating 1 materials, 1 interfaces, 0 instances, 0 with static permutations.
[2017.01.30-17.55.47:332][611]LogMaterial: Missing cached shader map for material cursorMaterial, compiling. 
[2017.01.30-17.55.47:360][611]LogMaterial: Missing cached shader map for material cursorMaterial, compiling. 
[2017.01.30-17.55.47:376][611]LogMaterial: 0.00 seconds spent updating 1 materials, 1 interfaces, 0 instances, 0 with static permutations.
[2017.01.30-17.55.49:510][611]LogSavePackage: Save=26.69ms
[2017.01.30-17.55.49:510][611]LogSavePackage: Moving '../../../../../../../Development/gameDevelopment/SaintCactus/PrimordialSoup/Saved/cursorMaterial07FC291F46ED674CE4E821B8346214BD.tmp' to '../../../../../../../Development/gameDevelopment/SaintCactus/PrimordialSoup/Content/Assets/textures/materials/cursorMaterial.uasset'
[2017.01.30-17.55.49:513][611]LogSavePackage:Display: Finished SavePackage ../../../../../../../Development/gameDevelopment/SaintCactus/PrimordialSoup/Content/Assets/textures/materials/cursorMaterial.uasset
[2017.01.30-17.55.49:576][611]LogActorComponent: UnregisterComponent: (/Engine/Transient.EditorFloorComp) Not registered. Aborting.
[2017.01.30-17.55.49:964][612]Cmd: QUIT_EDITOR
[2017.01.30-17.55.49:991][612]LogWindowsTextInputMethodSystem:Display: IME system now deactivated.
[2017.01.30-17.55.50:013][612]LogExit: Preparing to exit.
[2017.01.30-17.55.50:170][612]LogDirectoryWatcher: A directory notification for 'B:/Development/gameDevelopment/SaintCactus/PrimordialSoup/Content/' was aborted.
[2017.01.30-17.55.50:199][612]LogExit: Editor shut down
[2017.01.30-17.55.50:199][612]LogExit: Transaction tracking system shut down
[2017.01.30-17.55.50:296][612]LogObj: Freed 0b from 0 cluster array pools.
[2017.01.30-17.55.50:296][612]LogExit: Object subsystem successfully closed.
[2017.01.30-17.55.50:308][612]LogD3D11RHI: Shutdown
[2017.01.30-17.55.50:308][612]LogD3D11RHI: CleanupD3DDevice
[2017.01.30-17.55.50:383][612]LogD3D11RHI: ~FD3D11DynamicRHI
[2017.01.30-17.55.50:390][612]LogHttp:Display: Http module shutting down, but needs to wait on 1 outstanding Http requests:
[2017.01.30-17.55.50:390][612]LogHttp:Display: 	verb=[POST] url=[https://datarouter.ol.epicgames.com/datarouter/api/v1/public/data?SessionID=%7BA814FFB7-4CC4-1FA0-EAAA-23A17060CB76%7D&AppID=UEEditor.Rocket.Release&AppVersion=4.14.3-3249277%2B%2B%2BUE4%2BRelease-4.14&UserID=79261e63407afad88666eeac45b97bac%7C59c513c77e104fb391b6ddd67aba2485%7Cccfefd32-51bd-4421-aa1f-7f30b92f3991&AppEnvironment=datacollector-binary&UploadType=eteventstream] status=Processing
[2017.01.30-17.55.50:390][612]LogHttp:Display: Sleeping 0.5s to wait for 1 outstanding Http requests.
[2017.01.30-17.55.50:891][612]LogHttp:Display: Sleeping 0.5s to wait for 1 outstanding Http requests.
[2017.01.30-17.55.51:405][612]LogModuleManager: Shutting down and abandoning module MaterialEditor (245)
[2017.01.30-17.55.51:405][612]LogModuleManager: Shutting down and abandoning module BlueprintGraph (244)
[2017.01.30-17.55.51:405][612]LogModuleManager: Shutting down and abandoning module BlueprintProfiler (243)
[2017.01.30-17.55.51:405][612]LogModuleManager: Shutting down and abandoning module HierarchicalLODOutliner (242)
[2017.01.30-17.55.51:405][612]LogModuleManager: Shutting down and abandoning module ExternalImagePicker (241)
[2017.01.30-17.55.51:405][612]LogModuleManager: Shutting down and abandoning module CrashTracker (240)
[2017.01.30-17.55.51:405][612]LogModuleManager: Shutting down and abandoning module SceneOutliner (239)
[2017.01.30-17.55.51:405][612]LogModuleManager: Shutting down and abandoning module WidgetCarousel (238)
[2017.01.30-17.55.51:405][612]LogModuleManager: Shutting down and abandoning module AddContentDialog (237)
[2017.01.30-17.55.51:405][612]LogDirectoryWatcher: A directory notification for 'B:/Programs/Epic/Epic Games/4.14/FeaturePacks/' was aborted.
[2017.01.30-17.55.51:407][612]LogModuleManager: Shutting down and abandoning module GameplayTags (236)
[2017.01.30-17.55.51:407][612]LogModuleManager: Shutting down and abandoning module EditorWidgets (235)
[2017.01.30-17.55.51:407][612]LogModuleManager: Shutting down and abandoning module CollectionManager (234)
[2017.01.30-17.55.51:408][612]LogDirectoryWatcher: A directory notification for 'B:/Development/gameDevelopment/SaintCactus/PrimordialSoup/Content/Collections/' was aborted.
[2017.01.30-17.55.51:408][612]LogDirectoryWatcher: A directory notification for 'B:/Development/gameDevelopment/SaintCactus/PrimordialSoup/Content/Developers/laker/Collections/' was aborted.
[2017.01.30-17.55.51:408][612]LogDirectoryWatcher: A directory notification for 'B:/Development/gameDevelopment/SaintCactus/PrimordialSoup/Saved/Collections/' was aborted.
[2017.01.30-17.55.51:408][612]LogModuleManager: Shutting down and abandoning module StatsViewer (233)
[2017.01.30-17.55.51:408][612]LogModuleManager: Shutting down and abandoning module FoliageEdit (232)
[2017.01.30-17.55.51:408][612]LogModuleManager: Shutting down and abandoning module LandscapeEditor (231)
[2017.01.30-17.55.51:408][612]LogModuleManager: Shutting down and abandoning module SceneDepthPickerMode (230)
[2017.01.30-17.55.51:408][612]LogModuleManager: Shutting down and abandoning module ActorPickerMode (229)
[2017.01.30-17.55.51:408][612]LogModuleManager: Shutting down and abandoning module GeometryMode (228)
[2017.01.30-17.55.51:408][612]LogModuleManager: Shutting down and abandoning module TextureAlignMode (227)
[2017.01.30-17.55.51:408][612]LogModuleManager: Shutting down and abandoning module BspMode (226)
[2017.01.30-17.55.51:408][612]LogModuleManager: Shutting down and abandoning module HardwareSurvey (225)
[2017.01.30-17.55.51:408][612]LogModuleManager: Shutting down and abandoning module SequenceRecorderSections (224)
[2017.01.30-17.55.51:408][612]LogModuleManager: Shutting down and abandoning module AutomationWorker (223)
[2017.01.30-17.55.51:408][612]LogModuleManager: Shutting down and abandoning module MatineeToLevelSequence (222)
[2017.01.30-17.55.51:408][612]LogModuleManager: Shutting down and abandoning module PlacementMode (221)
[2017.01.30-17.55.51:408][612]LogModuleManager: Shutting down and abandoning module LevelSequenceEditor (220)
[2017.01.30-17.55.51:408][612]LogModuleManager: Shutting down and abandoning module WmfMediaFactory (219)
[2017.01.30-17.55.51:408][612]LogModuleManager: Shutting down and abandoning module WmfMediaEditor (218)
[2017.01.30-17.55.51:408][612]LogModuleManager: Shutting down and abandoning module AvfMediaFactory (217)
[2017.01.30-17.55.51:408][612]LogModuleManager: Shutting down and abandoning module AvfMediaEditor (216)
[2017.01.30-17.55.51:408][612]LogModuleManager: Shutting down and abandoning module Media (215)
[2017.01.30-17.55.51:408][612]LogModuleManager: Shutting down and abandoning module AndroidMediaFactory (214)
[2017.01.30-17.55.51:408][612]LogModuleManager: Shutting down and abandoning module AndroidMediaEditor (213)
[2017.01.30-17.55.51:408][612]LogModuleManager: Shutting down and abandoning module CharacterAI (212)
[2017.01.30-17.55.51:408][612]LogModuleManager: Shutting down and abandoning module SequenceRecorder (211)
[2017.01.30-17.55.51:408][612]LogModuleManager: Shutting down and abandoning module AudioCapture (210)
[2017.01.30-17.55.51:408][612]LogModuleManager: Shutting down and abandoning module SmartSnapping (209)
[2017.01.30-17.55.51:408][612]LogModuleManager: Shutting down and abandoning module SessionServices (208)
[2017.01.30-17.55.51:408][612]LogModuleManager: Shutting down and abandoning module ViewportSnapping (207)
[2017.01.30-17.55.51:408][612]LogModuleManager: Shutting down and abandoning module ViewportInteraction (206)
[2017.01.30-17.55.51:408][612]LogModuleManager: Shutting down and abandoning module LogVisualizer (205)
[2017.01.30-17.55.51:408][612]LogModuleManager: Shutting down and abandoning module GameProjectGeneration (204)
[2017.01.30-17.55.51:408][612]LogModuleManager: Shutting down and abandoning module IntroTutorials (203)
[2017.01.30-17.55.51:408][612]LogModuleManager: Shutting down and abandoning module EditorLiveStreaming (202)
[2017.01.30-17.55.51:408][612]LogModuleManager: Shutting down and abandoning module IOSPlatformEditor (201)
[2017.01.30-17.55.51:408][612]LogModuleManager: Shutting down and abandoning module HTML5PlatformEditor (200)
[2017.01.30-17.55.51:408][612]LogModuleManager: Shutting down and abandoning module AndroidDeviceDetection (199)
[2017.01.30-17.55.51:945][612]LogModuleManager: Shutting down and abandoning module AndroidPlatformEditor (198)
[2017.01.30-17.55.51:945][612]LogModuleManager: Shutting down and abandoning module IOSRuntimeSettings (197)
[2017.01.30-17.55.51:945][612]LogModuleManager: Shutting down and abandoning module AndroidRuntimeSettings (196)
[2017.01.30-17.55.51:945][612]LogModuleManager: Shutting down and abandoning module InputBindingEditor (195)
[2017.01.30-17.55.51:945][612]LogModuleManager: Shutting down and abandoning module NiagaraEditor (194)
[2017.01.30-17.55.51:945][612]LogModuleManager: Shutting down and abandoning module MergeActors (193)
[2017.01.30-17.55.51:945][612]LogModuleManager: Shutting down and abandoning module SizeMap (192)
[2017.01.30-17.55.51:945][612]LogModuleManager: Shutting down and abandoning module TreeMap (191)
[2017.01.30-17.55.51:945][612]LogModuleManager: Shutting down and abandoning module ReferenceViewer (190)
[2017.01.30-17.55.51:945][612]LogModuleManager: Shutting down and abandoning module LocalizationService (189)
[2017.01.30-17.55.51:945][612]LogModuleManager: Shutting down and abandoning module LocalizationDashboard (188)
[2017.01.30-17.55.51:945][612]LogModuleManager: Shutting down and abandoning module HardwareTargeting (187)
[2017.01.30-17.55.51:945][612]LogModuleManager: Shutting down and abandoning module DeviceProfileEditor (186)
[2017.01.30-17.55.51:945][612]LogModuleManager: Shutting down and abandoning module UndoHistory (185)
[2017.01.30-17.55.51:945][612]LogModuleManager: Shutting down and abandoning module UserFeedback (184)
[2017.01.30-17.55.51:945][612]LogModuleManager: Shutting down and abandoning module XmlParser (183)
[2017.01.30-17.55.51:945][612]LogModuleManager: Shutting down and abandoning module Blutility (182)
[2017.01.30-17.55.51:945][612]LogModuleManager: Shutting down and abandoning module ProjectTargetPlatformEditor (181)
[2017.01.30-17.55.51:945][612]LogModuleManager: Shutting down and abandoning module ProjectSettingsViewer (180)
[2017.01.30-17.55.51:945][612]LogModuleManager: Shutting down and abandoning module EditorSettingsViewer (179)
[2017.01.30-17.55.51:945][612]LogModuleManager: Shutting down and abandoning module SettingsEditor (178)
[2017.01.30-17.55.51:945][612]LogModuleManager: Shutting down and abandoning module ProjectLauncher (177)
[2017.01.30-17.55.51:945][612]LogModuleManager: Shutting down and abandoning module SessionFrontend (176)
[2017.01.30-17.55.51:945][612]LogModuleManager: Shutting down and abandoning module ProfilerClient (175)
[2017.01.30-17.55.51:945][612]LogModuleManager: Shutting down and abandoning module TargetDeviceServices (174)
[2017.01.30-17.55.51:945][612]LogModuleManager: Shutting down and abandoning module DeviceManager (173)
[2017.01.30-17.55.51:986][612]LogModuleManager: Shutting down and abandoning module AutomationController (172)
[2017.01.30-17.55.51:986][612]LogModuleManager: Shutting down and abandoning module AutomationWindow (171)
[2017.01.30-17.55.51:986][612]LogModuleManager: Shutting down and abandoning module Layers (170)
[2017.01.30-17.55.51:986][612]LogModuleManager: Shutting down and abandoning module ComponentVisualizers (169)
[2017.01.30-17.55.51:986][612]LogModuleManager: Shutting down and abandoning module DetailCustomizations (168)
[2017.01.30-17.55.51:986][612]LogModuleManager: Shutting down and abandoning module PackagesDialog (167)
[2017.01.30-17.55.51:986][612]LogModuleManager: Shutting down and abandoning module AnimGraph (166)
[2017.01.30-17.55.51:986][612]LogModuleManager: Shutting down and abandoning module Persona (165)
[2017.01.30-17.55.51:986][612]LogModuleManager: Shutting down and abandoning module Kismet (164)
[2017.01.30-17.55.51:992][612]LogModuleManager: Shutting down and abandoning module GraphEditor (163)
[2017.01.30-17.55.51:992][612]LogModuleManager: Shutting down and abandoning module ClassViewer (162)
[2017.01.30-17.55.51:992][612]LogModuleManager: Shutting down and abandoning module Toolbox (161)
[2017.01.30-17.55.51:992][612]LogModuleManager: Shutting down and abandoning module ModuleUI (160)
[2017.01.30-17.55.51:992][612]LogModuleManager: Shutting down and abandoning module MovieSceneTools (159)
[2017.01.30-17.55.51:992][612]LogModuleManager: Shutting down and abandoning module OutputLog (158)
[2017.01.30-17.55.51:992][612]LogModuleManager: Shutting down and abandoning module GammaUI (157)
[2017.01.30-17.55.51:992][612]LogModuleManager: Shutting down and abandoning module Documentation (156)
[2017.01.30-17.55.51:992][612]LogModuleManager: Shutting down and abandoning module Niagara (155)
[2017.01.30-17.55.51:992][612]LogModuleManager: Shutting down and abandoning module StreamingPauseRendering (154)
[2017.01.30-17.55.51:993][612]LogModuleManager: Shutting down and abandoning module AnalyticsET (153)
[2017.01.30-17.55.51:993][612]LogModuleManager: Shutting down and abandoning module PortalServices (152)
[2017.01.30-17.55.51:993][612]LogModuleManager: Shutting down and abandoning module PortalRpc (151)
[2017.01.30-17.55.51:993][612]LogModuleManager: Shutting down and abandoning module MessagingRpc (150)
[2017.01.30-17.55.51:993][612]LogModuleManager: Shutting down and abandoning module GameplayDebugger (149)
[2017.01.30-17.55.51:993][612]LogModuleManager: Shutting down and abandoning module AITestSuite (148)
[2017.01.30-17.55.51:993][612]LogModuleManager: Shutting down and abandoning module AIModule (147)
[2017.01.30-17.55.51:993][612]LogModuleManager: Shutting down and abandoning module ProfilerService (146)
[2017.01.30-17.55.52:082][612]LogModuleManager: Shutting down and abandoning module TaskGraph (145)
[2017.01.30-17.55.52:082][612]LogModuleManager: Shutting down and abandoning module SlateRemote (144)
[2017.01.30-17.55.52:082][612]LogModuleManager: Shutting down and abandoning module SteamVRController (143)
[2017.01.30-17.55.52:082][612]LogModuleManager: Shutting down and abandoning module SteamVR (142)
[2017.01.30-17.55.52:082][612]LogModuleManager: Shutting down and abandoning module ProceduralMeshComponentEditor (141)
[2017.01.30-17.55.52:082][612]LogModuleManager: Shutting down and abandoning module ProceduralMeshComponent (140)
[2017.01.30-17.55.52:082][612]LogModuleManager: Shutting down and abandoning module OculusLibrary (139)
[2017.01.30-17.55.52:082][612]LogModuleManager: Shutting down and abandoning module OculusInput (138)
[2017.01.30-17.55.52:082][612]LogModuleManager: Shutting down and abandoning module MobilePatchingUtils (137)
[2017.01.30-17.55.52:082][612]LogModuleManager: Shutting down and abandoning module CustomMeshComponent (136)
[2017.01.30-17.55.52:082][612]LogModuleManager: Shutting down and abandoning module CableComponent (135)
[2017.01.30-17.55.52:082][612]LogModuleManager: Shutting down and abandoning module ArchVisCharacter (134)
[2017.01.30-17.55.52:082][612]LogModuleManager: Shutting down and abandoning module MediaPlayerEditor (132)
[2017.01.30-17.55.52:082][612]LogModuleManager: Shutting down and abandoning module HTML5Networking (131)
[2017.01.30-17.55.52:082][612]LogModuleManager: Shutting down and abandoning module GeometryCacheEd (130)
[2017.01.30-17.55.52:082][612]LogModuleManager: Shutting down and abandoning module GeometryCache (129)
[2017.01.30-17.55.52:082][612]LogModuleManager: Shutting down and abandoning module AlembicLibrary (128)
[2017.01.30-17.55.52:082][612]LogModuleManager: Shutting down and abandoning module AlembicImporter (127)
[2017.01.30-17.55.52:082][612]LogModuleManager: Shutting down and abandoning module SuperSearch (126)
[2017.01.30-17.55.52:082][612]LogModuleManager: Shutting down and abandoning module SuperSearchEditor (125)
[2017.01.30-17.55.52:082][612]LogModuleManager: Shutting down and abandoning module SpeedTreeImporter (124)
[2017.01.30-17.55.52:082][612]LogModuleManager: Shutting down and abandoning module PluginBrowser (123)
[2017.01.30-17.55.52:082][612]LogModuleManager: Shutting down and abandoning module MobileLauncherProfileWizard (122)
[2017.01.30-17.55.52:082][612]LogModuleManager: Shutting down and abandoning module EpicSurvey (121)
[2017.01.30-17.55.52:082][612]LogModuleManager: Shutting down and abandoning module DesktopPlatform (120)
[2017.01.30-17.55.52:082][612]LogModuleManager: Shutting down and abandoning module VisualStudioSourceCodeAccess (119)
[2017.01.30-17.55.52:082][612]LogModuleManager: Shutting down and abandoning module UObjectPlugin (118)
[2017.01.30-17.55.52:082][612]LogModuleManager: Shutting down and abandoning module SubversionSourceControl (117)
[2017.01.30-17.55.52:082][612]LogModuleManager: Shutting down and abandoning module PerforceSourceControl (116)
[2017.01.30-17.55.52:082][612]LogModuleManager: Shutting down and abandoning module SourceControl (115)
[2017.01.30-17.55.52:082][612]LogModuleManager: Shutting down and abandoning module GitSourceControl (114)
[2017.01.30-17.55.52:082][612]LogModuleManager: Shutting down and abandoning module LightPropagationVolumeEditor (113)
[2017.01.30-17.55.52:082][612]LogModuleManager: Shutting down and abandoning module PaperTiledImporter (112)
[2017.01.30-17.55.52:082][612]LogModuleManager: Shutting down and abandoning module PaperSpriteSheetImporter (111)
[2017.01.30-17.55.52:082][612]LogModuleManager: Shutting down and abandoning module MeshPaint (110)
[2017.01.30-17.55.52:082][612]LogModuleManager: Shutting down and abandoning module PixelInspectorModule (109)
[2017.01.30-17.55.52:082][612]LogModuleManager: Shutting down and abandoning module HotReload (108)
[2017.01.30-17.55.52:083][612]LogModuleManager: Shutting down and abandoning module MainFrame (107)
[2017.01.30-17.55.52:083][612]LogModuleManager: Shutting down and abandoning module LevelEditor (106)
[2017.01.30-17.55.52:083][612]LogModuleManager: Shutting down and abandoning module ContentBrowser (105)
[2017.01.30-17.55.52:084][612]LogModuleManager: Shutting down and abandoning module Paper2DEditor (104)
[2017.01.30-17.55.52:084][612]LogModuleManager: Shutting down and abandoning module UdpMessaging (103)
[2017.01.30-17.55.52:184][612]LogModuleManager: Shutting down and abandoning module TcpMessaging (102)
[2017.01.30-17.55.52:285][612]LogModuleManager: Shutting down and abandoning module LightPropagationVolumeRuntime (101)
[2017.01.30-17.55.52:285][612]LogModuleManager: Shutting down and abandoning module Paper2D (100)
[2017.01.30-17.55.52:285][612]LogModuleManager: Shutting down and abandoning module WindowsMoviePlayer (99)
[2017.01.30-17.55.52:285][612]LogModuleManager: Shutting down and abandoning module WmfMedia (98)
[2017.01.30-17.55.52:285][612]LogModuleManager: Shutting down and abandoning module MediaAssets (97)
[2017.01.30-17.55.52:285][612]LogModuleManager: Shutting down and abandoning module GameLiveStreaming (96)
[2017.01.30-17.55.52:285][612]LogModuleManager: Shutting down and abandoning module GameplayTagsEditor (95)
[2017.01.30-17.55.52:285][612]LogModuleManager: Shutting down and abandoning module VREditor (94)
[2017.01.30-17.55.52:285][612]LogModuleManager: Shutting down and abandoning module GameplayTasksEditor (93)
[2017.01.30-17.55.52:285][612]LogModuleManager: Shutting down and abandoning module BehaviorTreeEditor (92)
[2017.01.30-17.55.52:285][612]LogModuleManager: Shutting down and abandoning module FunctionalTesting (91)
[2017.01.30-17.55.52:285][612]LogModuleManager: Shutting down and abandoning module CollisionAnalyzer (90)
[2017.01.30-17.55.52:285][612]LogModuleManager: Shutting down and abandoning module Sequencer (89)
[2017.01.30-17.55.52:285][612]LogModuleManager: Shutting down and abandoning module WorkspaceMenuStructure (88)
[2017.01.30-17.55.52:285][612]LogModuleManager: Shutting down and abandoning module MessageLog (87)
[2017.01.30-17.55.52:285][612]LogModuleManager: Shutting down and abandoning module AssetTools (86)
[2017.01.30-17.55.52:285][612]LogModuleManager: Shutting down and abandoning module UMGEditor (85)
[2017.01.30-17.55.52:285][612]LogModuleManager: Shutting down and abandoning module UMG (84)
[2017.01.30-17.55.52:285][612]LogModuleManager: Shutting down and abandoning module SlateReflector (83)
[2017.01.30-17.55.52:285][612]LogModuleManager: Shutting down and abandoning module Slate (82)
[2017.01.30-17.55.52:285][612]LogModuleManager: Shutting down and abandoning module EditorStyle (81)
[2017.01.30-17.55.52:287][612]LogModuleManager: Shutting down and abandoning module SourceCodeAccess (80)
[2017.01.30-17.55.52:287][612]LogModuleManager: Shutting down and abandoning module HeadMountedDisplay (79)
[2017.01.30-17.55.52:287][612]LogModuleManager: Shutting down and abandoning module XAudio2 (78)
[2017.01.30-17.55.52:287][612]LogModuleManager: Shutting down and abandoning module Networking (76)
[2017.01.30-17.55.52:287][612]LogModuleManager: Shutting down and abandoning module Core (75)
[2017.01.30-17.55.52:287][612]LogModuleManager: Shutting down and abandoning module DirectoryWatcher (74)
[2017.01.30-17.55.52:287][612]LogDirectoryWatcher: A directory notification for '../../../Engine/Content/' was aborted.
[2017.01.30-17.55.52:287][612]LogDirectoryWatcher: A directory notification for '../../../../../../../Development/gameDevelopment/SaintCactus/PrimordialSoup/Content/' was aborted.
[2017.01.30-17.55.52:287][612]LogDirectoryWatcher: A directory notification for '../../../Engine/Plugins/2D/Paper2D/Content/' was aborted.
[2017.01.30-17.55.52:287][612]LogModuleManager: Shutting down and abandoning module AssetRegistry (73)
[2017.01.30-17.55.52:400][612]LogModuleManager: Shutting down and abandoning module KismetCompiler (72)
[2017.01.30-17.55.52:400][612]LogModuleManager: Shutting down and abandoning module PhysXFormats (71)
[2017.01.30-17.55.52:400][612]LogModuleManager: Shutting down and abandoning module SimplygonSwarm (70)
[2017.01.30-17.55.52:400][612]LogModuleManager: Shutting down and abandoning module SimplygonMeshReduction (69)
[2017.01.30-17.55.52:400][612]LogModuleManager: Shutting down and abandoning module QuadricMeshReduction (68)
[2017.01.30-17.55.52:400][612]LogModuleManager: Shutting down and abandoning module PropertyEditor (67)
[2017.01.30-17.55.52:400][612]LogModuleManager: Shutting down and abandoning module MeshUtilities (66)
[2017.01.30-17.55.52:400][612]LogModuleManager: Shutting down and abandoning module DerivedDataCache (65)
[2017.01.30-17.55.52:481][612]LogDerivedDataCache: Shutdown
[2017.01.30-17.55.52:481][612]LogModuleManager: Shutting down and abandoning module VulkanShaderFormat (64)
[2017.01.30-17.55.52:481][612]LogModuleManager: Shutting down and abandoning module ShaderFormatOpenGL (63)
[2017.01.30-17.55.52:481][612]LogModuleManager: Shutting down and abandoning module ShaderFormatD3D (62)
[2017.01.30-17.55.52:481][612]LogModuleManager: Shutting down and abandoning module MetalShaderFormat (61)
[2017.01.30-17.55.52:481][612]LogModuleManager: Shutting down and abandoning module TextureFormatUncompressed (60)
[2017.01.30-17.55.52:481][612]LogModuleManager: Shutting down and abandoning module TextureFormatPVR (59)
[2017.01.30-17.55.52:481][612]LogModuleManager: Shutting down and abandoning module TextureFormatDXT (58)
[2017.01.30-17.55.52:481][612]LogModuleManager: Shutting down and abandoning module TextureFormatIntelISPCTexComp (57)
[2017.01.30-17.55.52:481][612]LogModuleManager: Shutting down and abandoning module ImageWrapper (56)
[2017.01.30-17.55.52:481][612]LogModuleManager: Shutting down and abandoning module TextureFormatASTC (55)
[2017.01.30-17.55.52:481][612]LogModuleManager: Shutting down and abandoning module TextureFormatAndroid (54)
[2017.01.30-17.55.52:481][612]LogModuleManager: Shutting down and abandoning module AudioFormatOpus (53)
[2017.01.30-17.55.52:481][612]LogModuleManager: Shutting down and abandoning module AudioFormatOgg (52)
[2017.01.30-17.55.52:481][612]LogModuleManager: Shutting down and abandoning module AudioFormatADPCM (51)
[2017.01.30-17.55.52:481][612]LogModuleManager: Shutting down and abandoning module LinuxTargetPlatform (50)
[2017.01.30-17.55.52:481][612]LogModuleManager: Shutting down and abandoning module LinuxServerTargetPlatform (49)
[2017.01.30-17.55.52:481][612]LogModuleManager: Shutting down and abandoning module LinuxNoEditorTargetPlatform (48)
[2017.01.30-17.55.52:481][612]LogModuleManager: Shutting down and abandoning module LinuxClientTargetPlatform (47)
[2017.01.30-17.55.52:481][612]LogModuleManager: Shutting down and abandoning module TVOSTargetPlatform (46)
[2017.01.30-17.55.52:481][612]LogModuleManager: Shutting down and abandoning module Messaging (45)
[2017.01.30-17.55.52:481][612]LogModuleManager: Shutting down and abandoning module IOSTargetPlatform (44)
[2017.01.30-17.55.52:481][612]LogModuleManager: Shutting down and abandoning module HTML5TargetPlatform (43)
[2017.01.30-17.55.52:481][612]LogModuleManager: Shutting down and abandoning module Android_PVRTCTargetPlatform (42)
[2017.01.30-17.55.52:481][612]LogModuleManager: Shutting down and abandoning module Android_MultiTargetPlatform (41)
[2017.01.30-17.55.52:481][612]LogModuleManager: Shutting down and abandoning module Android_ETC2TargetPlatform (40)
[2017.01.30-17.55.52:481][612]LogModuleManager: Shutting down and abandoning module Android_ETC1TargetPlatform (39)
[2017.01.30-17.55.52:481][612]LogModuleManager: Shutting down and abandoning module Android_DXTTargetPlatform (38)
[2017.01.30-17.55.52:482][612]LogModuleManager: Shutting down and abandoning module Android_ATCTargetPlatform (37)
[2017.01.30-17.55.52:482][612]LogModuleManager: Shutting down and abandoning module Android_ASTCTargetPlatform (36)
[2017.01.30-17.55.52:482][612]LogModuleManager: Shutting down and abandoning module AndroidTargetPlatform (35)
[2017.01.30-17.55.52:482][612]LogModuleManager: Shutting down and abandoning module WindowsTargetPlatform (34)
[2017.01.30-17.55.52:482][612]LogModuleManager: Shutting down and abandoning module WindowsServerTargetPlatform (33)
[2017.01.30-17.55.52:482][612]LogModuleManager: Shutting down and abandoning module WindowsNoEditorTargetPlatform (32)
[2017.01.30-17.55.52:482][612]LogModuleManager: Shutting down and abandoning module WindowsClientTargetPlatform (31)
[2017.01.30-17.55.52:482][612]LogModuleManager: Shutting down and abandoning module MacTargetPlatform (30)
[2017.01.30-17.55.52:482][612]LogModuleManager: Shutting down and abandoning module MacServerTargetPlatform (29)
[2017.01.30-17.55.52:482][612]LogModuleManager: Shutting down and abandoning module MacNoEditorTargetPlatform (28)
[2017.01.30-17.55.52:482][612]LogModuleManager: Shutting down and abandoning module MacClientTargetPlatform (27)
[2017.01.30-17.55.52:482][612]LogModuleManager: Shutting down and abandoning module AllDesktopTargetPlatform (26)
[2017.01.30-17.55.52:482][612]LogModuleManager: Shutting down and abandoning module TargetPlatform (25)
[2017.01.30-17.55.52:482][612]LogModuleManager: Shutting down and abandoning module InputCore (24)
[2017.01.30-17.55.52:482][612]LogModuleManager: Shutting down and abandoning module Settings (23)
[2017.01.30-17.55.52:482][612]LogModuleManager: Shutting down and abandoning module OculusRift (22)
[2017.01.30-17.55.52:482][612]LogModuleManager: Shutting down and abandoning module ExampleDeviceProfileSelector (21)
[2017.01.30-17.55.52:482][612]LogModuleManager: Shutting down and abandoning module OnlineBlueprintSupport (20)
[2017.01.30-17.55.52:482][612]LogModuleManager: Shutting down and abandoning module OnlineSubsystem (18)
[2017.01.30-17.55.52:482][612]LogOnline:Display: Unloading online subsystem: NULL
[2017.01.30-17.55.52:482][612]LogModuleManager: Shutting down and abandoning module SSL (17)
[2017.01.30-17.55.52:483][612]LogModuleManager: Shutting down and abandoning module HTTP (16)
[2017.01.30-17.55.52:483][612]LogModuleManager: Shutting down and abandoning module XMPP (15)
[2017.01.30-17.55.52:483][612]LogModuleManager: Shutting down and abandoning module TextureCompressor (14)
[2017.01.30-17.55.52:483][612]LogModuleManager: Shutting down and abandoning module ShaderCore (13)
[2017.01.30-17.55.52:483][612]LogModuleManager: Shutting down and abandoning module Landscape (12)
[2017.01.30-17.55.52:483][612]LogModuleManager: Shutting down and abandoning module SlateRHIRenderer (11)
[2017.01.30-17.55.52:485][612]LogModuleManager: Shutting down and abandoning module OpenGLDrv (10)
[2017.01.30-17.55.52:485][612]LogModuleManager: Shutting down and abandoning module D3D11RHI (9)
[2017.01.30-17.55.52:485][612]LogModuleManager: Shutting down and abandoning module AnimGraphRuntime (8)
[2017.01.30-17.55.52:485][612]LogModuleManager: Shutting down and abandoning module Renderer (7)
[2017.01.30-17.55.52:485][612]LogModuleManager: Shutting down and abandoning module Engine (6)
[2017.01.30-17.55.52:485][612]LogModuleManager: Shutting down and abandoning module CoreUObject (5)
[2017.01.30-17.55.52:485][612]LogModuleManager: Shutting down and abandoning module NetworkFile (4)
[2017.01.30-17.55.52:485][612]LogModuleManager: Shutting down and abandoning module StreamingFile (3)
[2017.01.30-17.55.52:485][612]LogModuleManager: Shutting down and abandoning module SandboxFile (2)
[2017.01.30-17.55.52:485][612]LogModuleManager: Shutting down and abandoning module PakFile (1)
[2017.01.30-17.55.52:487][612]LogExit: Exiting.
[2017.01.30-17.55.52:489][612]Log file closed, 01/30/17 20:55:52
