Log file open, 01/29/17 23:48:31
LogInit:Display: Running engine for game: PrimordialSoup
LogPlatformFile: Not using cached read wrapper
LogInit:Display: RandInit(345344883) SRandInit(345344883).
LogTaskGraph: Started task graph with 5 named threads and 8 total threads with 1 sets of task threads.
LogStats: Stats thread started at 0.073241
LogPluginManager: Loaded Plugin Paper2D, From B:/Programs/Epic/Epic Games/4.14/Engine/Plugins/2D/Paper2D/Paper2D.uplugin
LogPluginManager: Loaded Plugin LightPropagationVolume, From B:/Programs/Epic/Epic Games/4.14/Engine/Plugins/Blendables/LightPropagationVolume/LightPropagationVolume.uplugin
LogPluginManager: Loaded Plugin BlankPlugin, From B:/Programs/Epic/Epic Games/4.14/Engine/Plugins/Developer/BlankPlugin/BlankPlugin.uplugin
LogPluginManager: Loaded Plugin CodeLiteSourceCodeAccess, From B:/Programs/Epic/Epic Games/4.14/Engine/Plugins/Developer/CodeLiteSourceCodeAccess/CodeLiteSourceCodeAccess.uplugin
LogPluginManager: Loaded Plugin GitSourceControl, From B:/Programs/Epic/Epic Games/4.14/Engine/Plugins/Developer/GitSourceControl/GitSourceControl.uplugin
LogPluginManager: Loaded Plugin KDevelopSourceCodeAccess, From B:/Programs/Epic/Epic Games/4.14/Engine/Plugins/Developer/KDevelopSourceCodeAccess/KDevelopSourceCodeAccess.uplugin
LogPluginManager: Loaded Plugin NullSourceCodeAccess, From B:/Programs/Epic/Epic Games/4.14/Engine/Plugins/Developer/NullSourceCodeAccess/NullSourceCodeAccess.uplugin
LogPluginManager: Loaded Plugin OneSkyLocalizationService, From B:/Programs/Epic/Epic Games/4.14/Engine/Plugins/Developer/OneSkyLocalizationService/OneSkyLocalizationService.uplugin
LogPluginManager: Loaded Plugin PerforceSourceControl, From B:/Programs/Epic/Epic Games/4.14/Engine/Plugins/Developer/PerforceSourceControl/PerforceSourceControl.uplugin
LogPluginManager: Loaded Plugin SubversionSourceControl, From B:/Programs/Epic/Epic Games/4.14/Engine/Plugins/Developer/SubversionSourceControl/SubversionSourceControl.uplugin
LogPluginManager: Loaded Plugin UObjectPlugin, From B:/Programs/Epic/Epic Games/4.14/Engine/Plugins/Developer/UObjectPlugin/UObjectPlugin.uplugin
LogPluginManager: Loaded Plugin VisualStudioSourceCodeAccess, From B:/Programs/Epic/Epic Games/4.14/Engine/Plugins/Developer/VisualStudioSourceCodeAccess/VisualStudioSourceCodeAccess.uplugin
LogPluginManager: Loaded Plugin XCodeSourceCodeAccess, From B:/Programs/Epic/Epic Games/4.14/Engine/Plugins/Developer/XCodeSourceCodeAccess/XCodeSourceCodeAccess.uplugin
LogPluginManager: Loaded Plugin AudioCapture, From B:/Programs/Epic/Epic Games/4.14/Engine/Plugins/Editor/AudioCapture/AudioCapture.uplugin
LogPluginManager: Loaded Plugin EpicSurvey, From B:/Programs/Epic/Epic Games/4.14/Engine/Plugins/Editor/EpicSurvey/EpicSurvey.uplugin
LogPluginManager: Loaded Plugin MacGraphicsSwitching, From B:/Programs/Epic/Epic Games/4.14/Engine/Plugins/Editor/MacGraphicsSwitching/MacGraphicsSwitching.uplugin
LogPluginManager: Loaded Plugin MobileLauncherProfileWizard, From B:/Programs/Epic/Epic Games/4.14/Engine/Plugins/Editor/MobileLauncherProfileWizard/MobileLauncherProfileWizard.uplugin
LogPluginManager: Loaded Plugin PluginBrowser, From B:/Programs/Epic/Epic Games/4.14/Engine/Plugins/Editor/PluginBrowser/PluginBrowser.uplugin
LogPluginManager: Loaded Plugin SpeedTreeImporter, From B:/Programs/Epic/Epic Games/4.14/Engine/Plugins/Editor/SpeedTreeImporter/SpeedTreeImporter.uplugin
LogPluginManager: Loaded Plugin SuperSearchEditor, From B:/Programs/Epic/Epic Games/4.14/Engine/Plugins/Editor/SuperSearchEditor/SuperSearchEditor.uplugin
LogPluginManager: Loaded Plugin AlembicImporter, From B:/Programs/Epic/Epic Games/4.14/Engine/Plugins/Experimental/AlembicImporter/AlembicImporter.uplugin
LogPluginManager: Loaded Plugin BlueprintStats, From B:/Programs/Epic/Epic Games/4.14/Engine/Plugins/Experimental/BlueprintStats/BlueprintStats.uplugin
LogPluginManager: Loaded Plugin CharacterAI, From B:/Programs/Epic/Epic Games/4.14/Engine/Plugins/Experimental/CharacterAI/CharacterAI.uplugin
LogPluginManager: Loaded Plugin CodeEditor, From B:/Programs/Epic/Epic Games/4.14/Engine/Plugins/Experimental/CodeEditor/CodeEditor.uplugin
LogPluginManager: Loaded Plugin CodeView, From B:/Programs/Epic/Epic Games/4.14/Engine/Plugins/Experimental/CodeView/CodeView.uplugin
LogPluginManager: Loaded Plugin HTML5Networking, From B:/Programs/Epic/Epic Games/4.14/Engine/Plugins/Experimental/HTML5Networking/HTML5Networking.uplugin
LogPluginManager: Loaded Plugin OSVR, From B:/Programs/Epic/Epic Games/4.14/Engine/Plugins/Experimental/OSVR/OSVR.uplugin
LogPluginManager: Loaded Plugin Phya, From B:/Programs/Epic/Epic Games/4.14/Engine/Plugins/Experimental/Phya/Phya.uplugin
LogPluginManager: Loaded Plugin SignificanceManager, From B:/Programs/Epic/Epic Games/4.14/Engine/Plugins/Experimental/SignificanceManager/SignificanceManager.uplugin
LogPluginManager: Loaded Plugin SimpleHMD, From B:/Programs/Epic/Epic Games/4.14/Engine/Plugins/Experimental/SimpleHMD/SimpleHMD.uplugin
LogPluginManager: Loaded Plugin StereoPanorama, From B:/Programs/Epic/Epic Games/4.14/Engine/Plugins/Experimental/StereoPanorama/StereoPanorama.uplugin
LogPluginManager: Loaded Plugin StructBox, From B:/Programs/Epic/Epic Games/4.14/Engine/Plugins/Experimental/StructBox/StructBox.uplugin
LogPluginManager: Loaded Plugin AndroidMedia, From B:/Programs/Epic/Epic Games/4.14/Engine/Plugins/Media/AndroidMedia/AndroidMedia.uplugin
LogPluginManager: Loaded Plugin AvfMedia, From B:/Programs/Epic/Epic Games/4.14/Engine/Plugins/Media/AvfMedia/AvfMedia.uplugin
LogPluginManager: Loaded Plugin MediaPlayerEditor, From B:/Programs/Epic/Epic Games/4.14/Engine/Plugins/Media/MediaPlayerEditor/MediaPlayerEditor.uplugin
LogPluginManager: Loaded Plugin WmfMedia, From B:/Programs/Epic/Epic Games/4.14/Engine/Plugins/Media/WmfMedia/WmfMedia.uplugin
LogPluginManager: Loaded Plugin MessagingDebugger, From B:/Programs/Epic/Epic Games/4.14/Engine/Plugins/Messaging/MessagingDebugger/MessagingDebugger.uplugin
LogPluginManager: Loaded Plugin TcpMessaging, From B:/Programs/Epic/Epic Games/4.14/Engine/Plugins/Messaging/TcpMessaging/TcpMessaging.uplugin
LogPluginManager: Loaded Plugin UdpMessaging, From B:/Programs/Epic/Epic Games/4.14/Engine/Plugins/Messaging/UdpMessaging/UdpMessaging.uplugin
LogPluginManager: Loaded Plugin LevelSequenceEditor, From B:/Programs/Epic/Epic Games/4.14/Engine/Plugins/MovieScene/LevelSequenceEditor/LevelSequenceEditor.uplugin
LogPluginManager: Loaded Plugin MatineeToLevelSequence, From B:/Programs/Epic/Epic Games/4.14/Engine/Plugins/MovieScene/MatineeToLevelSequence/MatineeToLevelSequence.uplugin
LogPluginManager: Loaded Plugin NetcodeUnitTest, From B:/Programs/Epic/Epic Games/4.14/Engine/Plugins/NetcodeUnitTest/NetcodeUnitTest/NetcodeUnitTest.uplugin
LogPluginManager: Loaded Plugin NUTUnrealEngine4, From B:/Programs/Epic/Epic Games/4.14/Engine/Plugins/NetcodeUnitTest/NUTUnrealEngine4/NUTUnrealEngine4.uplugin
LogPluginManager: Loaded Plugin OnlineSubsystemGameCircle, From B:/Programs/Epic/Epic Games/4.14/Engine/Plugins/Online/Android/OnlineSubsystemGameCircle/OnlineSubsystemGameCircle.uplugin
LogPluginManager: Loaded Plugin OnlineSubsystemGooglePlay, From B:/Programs/Epic/Epic Games/4.14/Engine/Plugins/Online/Android/OnlineSubsystemGooglePlay/OnlineSubsystemGooglePlay.uplugin
LogPluginManager: Loaded Plugin OnlineSubsystemIOS, From B:/Programs/Epic/Epic Games/4.14/Engine/Plugins/Online/IOS/OnlineSubsystemIOS/OnlineSubsystemIOS.uplugin
LogPluginManager: Loaded Plugin OnlineFramework, From B:/Programs/Epic/Epic Games/4.14/Engine/Plugins/Online/OnlineFramework/OnlineFramework.uplugin
LogPluginManager: Loaded Plugin OnlineSubsystem, From B:/Programs/Epic/Epic Games/4.14/Engine/Plugins/Online/OnlineSubsystem/OnlineSubsystem.uplugin
LogPluginManager: Loaded Plugin OnlineSubsystemAmazon, From B:/Programs/Epic/Epic Games/4.14/Engine/Plugins/Online/OnlineSubsystemAmazon/OnlineSubsystemAmazon.uplugin
LogPluginManager: Loaded Plugin OnlineSubsystemFacebook, From B:/Programs/Epic/Epic Games/4.14/Engine/Plugins/Online/OnlineSubsystemFacebook/OnlineSubsystemFacebook.uplugin
LogPluginManager: Loaded Plugin OnlineSubsystemNull, From B:/Programs/Epic/Epic Games/4.14/Engine/Plugins/Online/OnlineSubsystemNull/OnlineSubsystemNull.uplugin
LogPluginManager: Loaded Plugin OnlineSubsystemOculus, From B:/Programs/Epic/Epic Games/4.14/Engine/Plugins/Online/OnlineSubsystemOculus/OnlineSubsystemOculus.uplugin
LogPluginManager: Loaded Plugin OnlineSubsystemSteam, From B:/Programs/Epic/Epic Games/4.14/Engine/Plugins/Online/OnlineSubsystemSteam/OnlineSubsystemSteam.uplugin
LogPluginManager: Loaded Plugin OnlineSubsystemUtils, From B:/Programs/Epic/Epic Games/4.14/Engine/Plugins/Online/OnlineSubsystemUtils/OnlineSubsystemUtils.uplugin
LogPluginManager: Loaded Plugin IOSTapJoy, From B:/Programs/Epic/Epic Games/4.14/Engine/Plugins/Runtime/Advertising/IOSTapJoy/IOSTapJoy.uplugin
LogPluginManager: Loaded Plugin AnalyticsBlueprintLibrary, From B:/Programs/Epic/Epic Games/4.14/Engine/Plugins/Runtime/Analytics/AnalyticsBlueprintLibrary/AnalyticsBlueprintLibrary.uplugin
LogPluginManager: Loaded Plugin AnalyticsMulticast, From B:/Programs/Epic/Epic Games/4.14/Engine/Plugins/Runtime/Analytics/AnalyticsMulticast/AnalyticsMulticast.uplugin
LogPluginManager: Loaded Plugin Apsalar, From B:/Programs/Epic/Epic Games/4.14/Engine/Plugins/Runtime/Analytics/Apsalar/Apsalar.uplugin
LogPluginManager: Loaded Plugin FileLogging, From B:/Programs/Epic/Epic Games/4.14/Engine/Plugins/Runtime/Analytics/FileLogging/FileLogging.uplugin
LogPluginManager: Loaded Plugin Flurry, From B:/Programs/Epic/Epic Games/4.14/Engine/Plugins/Runtime/Analytics/Flurry/Flurry.uplugin
LogPluginManager: Loaded Plugin AndroidDeviceProfileSelector, From B:/Programs/Epic/Epic Games/4.14/Engine/Plugins/Runtime/AndroidDeviceProfileSelector/AndroidDeviceProfileSelector.uplugin
LogPluginManager: Loaded Plugin AndroidMoviePlayer, From B:/Programs/Epic/Epic Games/4.14/Engine/Plugins/Runtime/AndroidMoviePlayer/AndroidMoviePlayer.uplugin
LogPluginManager: Loaded Plugin AppleMoviePlayer, From B:/Programs/Epic/Epic Games/4.14/Engine/Plugins/Runtime/AppleMoviePlayer/AppleMoviePlayer.uplugin
LogPluginManager: Loaded Plugin ArchVisCharacter, From B:/Programs/Epic/Epic Games/4.14/Engine/Plugins/Runtime/ArchVisCharacter/ArchVisCharacter.uplugin
LogPluginManager: Loaded Plugin CableComponent, From B:/Programs/Epic/Epic Games/4.14/Engine/Plugins/Runtime/CableComponent/CableComponent.uplugin
LogPluginManager: Loaded Plugin CustomMeshComponent, From B:/Programs/Epic/Epic Games/4.14/Engine/Plugins/Runtime/CustomMeshComponent/CustomMeshComponent.uplugin
LogPluginManager: Loaded Plugin ExampleDeviceProfileSelector, From B:/Programs/Epic/Epic Games/4.14/Engine/Plugins/Runtime/ExampleDeviceProfileSelector/ExampleDeviceProfileSelector.uplugin
LogPluginManager: Loaded Plugin GearVR, From B:/Programs/Epic/Epic Games/4.14/Engine/Plugins/Runtime/GearVR/GearVR.uplugin
LogPluginManager: Loaded Plugin GoogleVRController, From B:/Programs/Epic/Epic Games/4.14/Engine/Plugins/Runtime/GoogleVR/GoogleVRController/GoogleVRController.uplugin
LogPluginManager: Loaded Plugin GoogleVRHMD, From B:/Programs/Epic/Epic Games/4.14/Engine/Plugins/Runtime/GoogleVR/GoogleVRHMD/GoogleVRHMD.uplugin
LogPluginManager: Loaded Plugin IOSDeviceProfileSelector, From B:/Programs/Epic/Epic Games/4.14/Engine/Plugins/Runtime/IOSDeviceProfileSelector/IOSDeviceProfileSelector.uplugin
LogPluginManager: Loaded Plugin LeapMotion, From B:/Programs/Epic/Epic Games/4.14/Engine/Plugins/Runtime/LeapMotion/LeapMotion.uplugin
LogPluginManager: Loaded Plugin LinuxDeviceProfileSelector, From B:/Programs/Epic/Epic Games/4.14/Engine/Plugins/Runtime/LinuxDeviceProfileSelector/LinuxDeviceProfileSelector.uplugin
LogPluginManager: Loaded Plugin MIDIDevice, From B:/Programs/Epic/Epic Games/4.14/Engine/Plugins/Runtime/MIDIDevice/MIDIDevice.uplugin
LogPluginManager: Loaded Plugin MobilePatchingUtils, From B:/Programs/Epic/Epic Games/4.14/Engine/Plugins/Runtime/MobilePatchingUtils/MobilePatchingUtils.uplugin
LogPluginManager: Loaded Plugin Ansel, From B:/Programs/Epic/Epic Games/4.14/Engine/Plugins/Runtime/Nvidia/Ansel/Ansel.uplugin
LogPluginManager: Loaded Plugin OculusAudio, From B:/Programs/Epic/Epic Games/4.14/Engine/Plugins/Runtime/OculusAudio/OculusAudio.uplugin
LogPluginManager: Loaded Plugin OculusInput, From B:/Programs/Epic/Epic Games/4.14/Engine/Plugins/Runtime/OculusInput/OculusInput.uplugin
LogPluginManager: Loaded Plugin OculusLibrary, From B:/Programs/Epic/Epic Games/4.14/Engine/Plugins/Runtime/OculusLibrary/OculusLibrary.uplugin
LogPluginManager: Loaded Plugin OculusRift, From B:/Programs/Epic/Epic Games/4.14/Engine/Plugins/Runtime/OculusRift/OculusRift.uplugin
LogPluginManager: Loaded Plugin Oodle, From B:/Programs/Epic/Epic Games/4.14/Engine/Plugins/Runtime/PacketHandlers/CompressionComponents/Oodle/Oodle.uplugin
LogPluginManager: Loaded Plugin ProceduralMeshComponent, From B:/Programs/Epic/Epic Games/4.14/Engine/Plugins/Runtime/ProceduralMeshComponent/ProceduralMeshComponent.uplugin
LogPluginManager: Loaded Plugin SoundMod, From B:/Programs/Epic/Epic Games/4.14/Engine/Plugins/Runtime/SoundMod/SoundMod.uplugin
LogPluginManager: Loaded Plugin SoundVisualizations, From B:/Programs/Epic/Epic Games/4.14/Engine/Plugins/Runtime/SoundVisualizations/SoundVisualizations.uplugin
LogPluginManager: Loaded Plugin SteamController, From B:/Programs/Epic/Epic Games/4.14/Engine/Plugins/Runtime/Steam/SteamController/SteamController.uplugin
LogPluginManager: Loaded Plugin SteamVR, From B:/Programs/Epic/Epic Games/4.14/Engine/Plugins/Runtime/Steam/SteamVR/SteamVR.uplugin
LogPluginManager: Loaded Plugin WebBrowserWidget, From B:/Programs/Epic/Epic Games/4.14/Engine/Plugins/Runtime/WebBrowserWidget/WebBrowserWidget.uplugin
LogPluginManager: Loaded Plugin WindowsDeviceProfileSelector, From B:/Programs/Epic/Epic Games/4.14/Engine/Plugins/Runtime/WindowsDeviceProfileSelector/WindowsDeviceProfileSelector.uplugin
LogPluginManager: Loaded Plugin WindowsMoviePlayer, From B:/Programs/Epic/Epic Games/4.14/Engine/Plugins/Runtime/WindowsMoviePlayer/WindowsMoviePlayer.uplugin
LogPluginManager: Loaded Plugin ScriptPlugin, From B:/Programs/Epic/Epic Games/4.14/Engine/Plugins/ScriptPlugin/ScriptPlugin.uplugin
LogPluginManager: Loaded Plugin SlateRemote, From B:/Programs/Epic/Epic Games/4.14/Engine/Plugins/Slate/SlateRemote/SlateRemote.uplugin
LogPluginManager: Loaded Plugin EditorTests, From B:/Programs/Epic/Epic Games/4.14/Engine/Plugins/Tests/EditorTests/EditorTests.uplugin
LogPluginManager: Loaded Plugin FbxAutomationTestBuilder, From B:/Programs/Epic/Epic Games/4.14/Engine/Plugins/Tests/FbxAutomationTestBuilder/FbxAutomationTestBuilder.uplugin
LogPluginManager: Loaded Plugin FunctionalTestingEditor, From B:/Programs/Epic/Epic Games/4.14/Engine/Plugins/Tests/FunctionalTestingEditor/FunctionalTestingEditor.uplugin
LogPluginManager: Loaded Plugin RuntimeTests, From B:/Programs/Epic/Epic Games/4.14/Engine/Plugins/Tests/RuntimeTests/RuntimeTests.uplugin
LogPluginManager: Loaded Plugin ScreenshotTools, From B:/Programs/Epic/Epic Games/4.14/Engine/Plugins/Tests/ScreenshotTools/ScreenshotTools.uplugin
LogInit: Using libcurl 7.47.1
LogInit:  - built for x86_64-pc-win32
LogInit:  - supports SSL with OpenSSL/1.0.2g
LogInit:  - supports HTTP deflate (compression) using libz 1.2.8
LogInit:  - other features:
LogInit:      CURL_VERSION_SSL
LogInit:      CURL_VERSION_LIBZ
LogInit:      CURL_VERSION_IPV6
LogInit:      CURL_VERSION_ASYNCHDNS
LogInit:      CURL_VERSION_LARGEFILE
LogInit:      CURL_VERSION_IDN
LogInit:  CurlRequestOptions (configurable via config and command line):
LogInit:  - bVerifyPeer = false  - Libcurl will NOT verify peer certificate
LogInit:  - bUseHttpProxy = false  - Libcurl will NOT use HTTP proxy
LogInit:  - bDontReuseConnections = false  - Libcurl will reuse connections
LogInit:  - CertBundlePath = nullptr  - Libcurl will use whatever was configured at build time.
LogInit: Build: ++UE4+Release-4.14-CL-3249277
LogInit: Engine Version: 4.14.3-3249277+++UE4+Release-4.14
LogInit: Compatible Engine Version: 4.14.0-3195953+++UE4+Release-4.14
LogInit: Net CL: 3195953
LogDevObjectVersion: Number of dev versions registered: 13
LogDevObjectVersion:   Dev-Blueprints (B0D832E4-1F89-4F0D-ACCF-7EB736FD4AA2): 7
LogDevObjectVersion:   Dev-Build (E1C64328-A22C-4D53-A36C-8E866417BD8C): 0
LogDevObjectVersion:   Dev-Core (375EC13C-06E4-48FB-B500-84F0262A717E): 1
LogDevObjectVersion:   Dev-Editor (E4B068ED-F494-42E9-A231-DA0B2E46BB41): 8
LogDevObjectVersion:   Dev-Framework (CFFC743F-43B0-4480-9391-14DF171D2073): 17
LogDevObjectVersion:   Dev-Mobile (B02B49B5-BB20-44E9-A304-32B752E40360): 0
LogDevObjectVersion:   Dev-Networking (A4E4105C-59A1-49B5-A7C5-40C4547EDFEE): 0
LogDevObjectVersion:   Dev-Online (39C831C9-5AE6-47DC-9A44-9C173E1C8E7C): 0
LogDevObjectVersion:   Dev-Physics (78F01B33-EBEA-4F98-B9B4-84EACCB95AA2): 0
LogDevObjectVersion:   Dev-Platform (6631380F-2D4D-43E0-8009-CF276956A95A): 0
LogDevObjectVersion:   Dev-Rendering (12F88B9F-8875-4AFC-A67C-D90C383ABD29): 12
LogDevObjectVersion:   Dev-Sequencer (7B5AE74C-D270-4C10-A958-57980B212A5A): 1
LogDevObjectVersion:   Dev-VR (D7296918-1DD6-4BDD-9DE2-64A83CC13884): 0
LogInit: Compiled (64-bit): Jan  6 2017 10:49:43
LogInit: Compiled with Visual C++: 19.00.23026.00
LogInit: Build Configuration: Development
LogInit: Branch Name: ++UE4+Release-4.14
LogInit: Command line:  
LogInit: Base directory: B:/Programs/Epic/Epic Games/4.14/Engine/Binaries/Win64/
LogInit: Installed Engine Build: 1
LogInit: Presizing for max 8388607 objects, including 0 objects not considered by GC, pre-allocating 0 bytes for permanent pool.
LogInit: Object subsystem initialized
[2017.01.29-20.48.31:784][  0]LogInit: Selected Device Profile: [Windows]
[2017.01.29-20.48.31:784][  0]LogInit: Applying CVar settings loaded from the selected device profile: [Windows]
[2017.01.29-20.48.31:794][  0]LogInit: Computer: LAKER-PC
[2017.01.29-20.48.31:794][  0]LogInit: User: laker
[2017.01.29-20.48.31:794][  0]LogInit: CPU Page size=65536, Cores=4
[2017.01.29-20.48.31:794][  0]LogInit: High frequency timer resolution =3.410076 MHz
[2017.01.29-20.48.31:794][  0]LogMemory: Memory total: Physical=7.9GB (8GB approx)
[2017.01.29-20.48.31:794][  0]LogMemory: Platform Memory Stats for Windows
[2017.01.29-20.48.31:794][  0]LogMemory: Process Physical Memory: 264.55 MB used, 264.55 MB peak
[2017.01.29-20.48.31:794][  0]LogMemory: Process Virtual Memory: 262.79 MB used, 262.79 MB peak
[2017.01.29-20.48.31:794][  0]LogMemory: Physical Memory: 4153.14 MB used,  3906.29 MB free, 8059.43 MB total
[2017.01.29-20.48.31:794][  0]LogMemory: Virtual Memory: 676.50 MB used,  3906.29 MB free, 134217728.00 MB total
[2017.01.29-20.48.31:822][  0]LogTextLocalizationManager: No translations for ('ru-RU') exist, falling back to 'en' for localization and internationalization data.
[2017.01.29-20.48.32:434][  0]LogD3D11RHI: D3D11 adapters:
[2017.01.29-20.48.33:237][  0]LogD3D11RHI:    0. 'NVIDIA GeForce GTX 960' (Feature Level 11_0)
[2017.01.29-20.48.33:238][  0]LogD3D11RHI:       4062/0/4029 MB DedicatedVideo/DedicatedSystem/SharedSystem, Outputs:2, VendorId:0x10de
[2017.01.29-20.48.33:247][  0]LogD3D11RHI:    1. 'Intel(R) HD Graphics 4600' (Feature Level 11_0)
[2017.01.29-20.48.33:247][  0]LogD3D11RHI:       112/0/2048 MB DedicatedVideo/DedicatedSystem/SharedSystem, Outputs:0, VendorId:0x8086
[2017.01.29-20.48.33:249][  0]LogD3D11RHI:    2. 'Microsoft Basic Render Driver' (Feature Level 11_0)
[2017.01.29-20.48.33:249][  0]LogD3D11RHI:       0/0/4029 MB DedicatedVideo/DedicatedSystem/SharedSystem, Outputs:0, VendorId:0x1414
[2017.01.29-20.48.33:249][  0]LogD3D11RHI: Chosen D3D11 Adapter: 0
[2017.01.29-20.48.33:253][  0]LogD3D11RHI: Creating new Direct3DDevice
[2017.01.29-20.48.33:253][  0]LogD3D11RHI:     GPU DeviceId: 0x1401 (for the marketing name, search the web for "GPU Device Id")
[2017.01.29-20.48.33:253][  0]LogWindows: EnumDisplayDevices:
[2017.01.29-20.48.33:253][  0]LogWindows:    0. 'NVIDIA GeForce GTX 960' (P:1 D:1)
[2017.01.29-20.48.33:253][  0]LogWindows:    1. 'NVIDIA GeForce GTX 960' (P:0 D:1)
[2017.01.29-20.48.33:253][  0]LogWindows:    2. 'NVIDIA GeForce GTX 960' (P:0 D:0)
[2017.01.29-20.48.33:253][  0]LogWindows:    3. 'NVIDIA GeForce GTX 960' (P:0 D:0)
[2017.01.29-20.48.33:253][  0]LogWindows:    4. 'Intel(R) HD Graphics 4600' (P:0 D:0)
[2017.01.29-20.48.33:254][  0]LogWindows:    5. 'Intel(R) HD Graphics 4600' (P:0 D:0)
[2017.01.29-20.48.33:254][  0]LogWindows:    6. 'Intel(R) HD Graphics 4600' (P:0 D:0)
[2017.01.29-20.48.33:254][  0]LogWindows: DebugString: PrimaryIsNotTheChoosenAdapter PrimaryIsNotTheChoosenAdapter PrimaryIsNotTheChoosenAdapter FoundDriverCount:4 
[2017.01.29-20.48.33:254][  0]LogD3D11RHI:     Adapter Name: NVIDIA GeForce GTX 960
[2017.01.29-20.48.33:254][  0]LogD3D11RHI:   Driver Version: 378.49 (internal:21.21.13.7849, unified:378.49)
[2017.01.29-20.48.33:254][  0]LogD3D11RHI:      Driver Date: 1-20-2017
[2017.01.29-20.48.33:254][  0]LogRHI: Texture pool is 1361 MB (70% of 1945 MB)
[2017.01.29-20.48.33:999][  0]LogD3D11RHI: Async texture creation enabled
[2017.01.29-20.48.34:041][  0]LogD3D11RHI: GPU Timing Frequency: 1000.000000 (Debug: 2 2)
[2017.01.29-20.48.34:041][  0]LogShaderCompilers: Guid format shader working directory is -29 characters bigger than the processId version (../../../../../../../Development/gameDevelopment/SaintCactus/PrimordialSoup/Intermediate/Shaders/WorkingDirectory/2220/).
[2017.01.29-20.48.34:041][  0]LogShaderCompilers: Cleaned the shader compiler working directory 'C:/Users/laker/AppData/Local/Temp/UnrealShaderWorkingDir/2B870E71454F80C1A488C99A662599A2/'.
[2017.01.29-20.48.34:041][  0]LogShaderCompilers:Display: Using Local Shader Compiler.
[2017.01.29-20.48.35:107][  0]LogTemp:Display: Loaded TP AllDesktopTargetPlatform
[2017.01.29-20.48.35:149][  0]LogTemp:Display: Loaded TP MacClientTargetPlatform
[2017.01.29-20.48.35:191][  0]LogTemp:Display: Loaded TP MacNoEditorTargetPlatform
[2017.01.29-20.48.35:232][  0]LogTemp:Display: Loaded TP MacServerTargetPlatform
[2017.01.29-20.48.35:273][  0]LogTemp:Display: Loaded TP MacTargetPlatform
[2017.01.29-20.48.35:316][  0]LogTemp:Display: Loaded TP WindowsClientTargetPlatform
[2017.01.29-20.48.35:357][  0]LogTemp:Display: Loaded TP WindowsNoEditorTargetPlatform
[2017.01.29-20.48.35:398][  0]LogTemp:Display: Loaded TP WindowsServerTargetPlatform
[2017.01.29-20.48.35:430][  0]LogTemp:Display: Loaded TP WindowsTargetPlatform
[2017.01.29-20.48.35:470][  0]LogTemp:Display: Loaded TP AndroidTargetPlatform
[2017.01.29-20.48.35:513][  0]LogTemp:Display: Loaded TP Android_ASTCTargetPlatform
[2017.01.29-20.48.35:554][  0]LogTemp:Display: Loaded TP Android_ATCTargetPlatform
[2017.01.29-20.48.35:594][  0]LogTemp:Display: Loaded TP Android_DXTTargetPlatform
[2017.01.29-20.48.35:635][  0]LogTemp:Display: Loaded TP Android_ETC1TargetPlatform
[2017.01.29-20.48.35:677][  0]LogTemp:Display: Loaded TP Android_ETC2TargetPlatform
[2017.01.29-20.48.35:760][  0]LogTemp:Display: Loaded TP Android_MultiTargetPlatform
[2017.01.29-20.48.35:760][  0]LogTemp:Display: Loaded TP Android_PVRTCTargetPlatform
[2017.01.29-20.48.35:787][  0]LogTemp:Display: Loaded TP HTML5TargetPlatform
[2017.01.29-20.48.35:853][  0]LogTemp:Display: Loaded TP IOSTargetPlatform
[2017.01.29-20.48.35:881][  0]LogTemp:Display: Loaded TP TVOSTargetPlatform
[2017.01.29-20.48.35:921][  0]LogTemp:Display: Loaded TP LinuxClientTargetPlatform
[2017.01.29-20.48.35:963][  0]LogTemp:Display: Loaded TP LinuxNoEditorTargetPlatform
[2017.01.29-20.48.36:004][  0]LogTemp:Display: Loaded TP LinuxServerTargetPlatform
[2017.01.29-20.48.36:048][  0]LogTemp:Display: Loaded TP LinuxTargetPlatform
[2017.01.29-20.48.36:048][  0]LogTargetPlatformManager:Display: Building Assets For Windows
[2017.01.29-20.48.36:322][  0]LogDerivedDataCache:Display: Max Cache Size: 512 MB
[2017.01.29-20.48.36:381][  0]LogDerivedDataCache: Loaded boot cache 0.06s 50MB C:/Users/laker/AppData/Local/UnrealEngine/4.14/DerivedDataCache/Boot.ddc.
[2017.01.29-20.48.36:381][  0]LogDerivedDataCache:Display: Loaded Boot cache: C:/Users/laker/AppData/Local/UnrealEngine/4.14/DerivedDataCache/Boot.ddc
[2017.01.29-20.48.36:381][  0]LogDerivedDataCache: FDerivedDataBackendGraph:  Pak pak cache file ../../../../../../../Development/gameDevelopment/SaintCactus/PrimordialSoup/DerivedDataCache/DDC.ddp not found, will not use a pak cache.
[2017.01.29-20.48.36:381][  0]LogDerivedDataCache: Unable to find inner node Pak for hierarchical cache Hierarchy.
[2017.01.29-20.48.36:381][  0]LogDerivedDataCache: FDerivedDataBackendGraph:  CompressedPak pak cache file ../../../../../../../Development/gameDevelopment/SaintCactus/PrimordialSoup/DerivedDataCache/Compressed.ddp not found, will not use a pak cache.
[2017.01.29-20.48.36:381][  0]LogDerivedDataCache: Unable to find inner node CompressedPak for hierarchical cache Hierarchy.
[2017.01.29-20.48.36:396][  0]LogDerivedDataCache:Display: Pak cache opened for reading ../../../Engine/DerivedDataCache/Compressed.ddp.
[2017.01.29-20.48.36:409][  0]LogDerivedDataCache: Using Local data cache path C:/Users/laker/AppData/Local/UnrealEngine/Common/DerivedDataCache: Writable
[2017.01.29-20.48.36:607][  0]LogInit: Selected Device Profile: [Windows]
[2017.01.29-20.48.36:610][  0]LogContentStreaming: Texture pool size is 0.00 MB
[2017.01.29-20.48.36:794][  0]LogMeshUtilities: Using QuadricMeshReduction for automatic static mesh reduction
[2017.01.29-20.48.36:824][  0]LogSimplygon: Simplygon DLL not present - disabling.
[2017.01.29-20.48.36:857][  0]LogMeshUtilities: Using SimplygonSwarm for distributed automatic mesh merging
[2017.01.29-20.48.36:857][  0]LogMeshUtilities: No automatic skeletal mesh reduction module available
[2017.01.29-20.48.36:857][  0]LogMeshUtilities: No automatic mesh merging module available
[2017.01.29-20.48.37:338][  0]LogNetVersion: GetLocalNetworkVersion: CL: 3195953, ProjectName: primordialsoup, ProjectVersion: , EngineNetworkVersion: 2, GameNetworkVersion: 0, NetworkChecksum: 1510063732
[2017.01.29-20.48.37:387][  0]LogAssetRegistry: FAssetRegistry took 0.0218 seconds to start up
[2017.01.29-20.48.37:414][  0]LogPackageLocalizationCache: Processed 3 localized package path(s) for 1 prioritized culture(s) in 0.013123 seconds
[2017.01.29-20.48.37:419][  0]LogUObjectArray: 31946 objects as part of root set at end of initial load.
[2017.01.29-20.48.37:419][  0]LogUObjectAllocator: 6935840 out of 0 bytes used by permanent object pool.
[2017.01.29-20.48.37:419][  0]LogUObjectArray: CloseDisregardForGC: 0/0 objects in disregard for GC pool
[2017.01.29-20.48.37:457][  0]LogInit: WinSock: version 1.1 (2.2), MaxSocks=32767, MaxUdp=65467
[2017.01.29-20.48.37:965][  0]LogSlate: Using Freetype 2.6.0
[2017.01.29-20.48.37:965][  0]LogSlate: SlateFontCache - WITH_FREETYPE: 1, WITH_HARFBUZZ: 1
[2017.01.29-20.48.37:965][  0]LogSlate: SlateFontCache - WITH_FREETYPE: 1, WITH_HARFBUZZ: 1
[2017.01.29-20.48.38:690][  0]LogTcpMessaging: Initializing TcpMessaging bridge
[2017.01.29-20.48.38:720][  0]LogUdpMessaging: Initializing bridge on interface 0.0.0.0:0 to multicast group 230.0.0.1:6666.
[2017.01.29-20.48.38:960][  0]LogMaterial: Uniform references updated for custom material expression Custom.
[2017.01.29-20.48.39:256][  0]SourceControl: Info Source control is disabled
[2017.01.29-20.48.39:333][  0]SourceControl: Info Source control is disabled
[2017.01.29-20.48.39:367][  0]SourceControl: Info Source control is disabled
[2017.01.29-20.48.39:399][  0]SourceControl: Info Source control is disabled
[2017.01.29-20.48.39:601][  0]LogLinker:Warning: Can't find file '/Game/PrimordialSoup/TopDownOverview'
[2017.01.29-20.48.39:601][  0]LogLinker:Warning: Can't find file '/Game/PrimordialSoup/TopDownOverview'
[2017.01.29-20.48.39:601][  0]LogUObjectGlobals:Warning: Failed to find object 'Class /Game/PrimordialSoup/TopDownOverview.TopDownOverview_C'
[2017.01.29-20.48.40:316][  0]LogEngine: Initializing Engine...
[2017.01.29-20.48.40:317][  0]LogHMD: Failed to initialize OpenVR with code 110
[2017.01.29-20.48.40:524][  0]LogAIModule: Creating AISystem for world Untitled
[2017.01.29-20.48.40:539][  0]LogInit: XAudio2 using 'Динамики (Realtek High Definition Audio)' : 2 channels at 48 kHz using 32 bits per sample (channel mask 0x3)
[2017.01.29-20.48.40:557][  0]LogInit: FAudioDevice initialized.
[2017.01.29-20.48.40:584][  0]LogDerivedDataCache: Saved boot cache 0.03s 50MB C:/Users/laker/AppData/Local/UnrealEngine/4.14/DerivedDataCache/Boot.ddc.
[2017.01.29-20.48.40:591][  0]LogInit: Texture streaming: Enabled
[2017.01.29-20.48.40:717][  0]LogInit: Transaction tracking system initialized
[2017.01.29-20.48.40:957][  0]BlueprintLog: New page: Editor Load
[2017.01.29-20.48.41:565][  0]LocalizationService: Info Localization service is disabled
[2017.01.29-20.48.42:015][  0]LogConsoleResponse:Display: 
[2017.01.29-20.48.42:140][  0]LogCook:Display: Max memory allowance for cook 16384mb min free memory 0mb
[2017.01.29-20.48.42:140][  0]LogCook:Display: Mobile HDR setting 1
[2017.01.29-20.48.42:797][  0]LogFileCache: Scanning file cache for directory 'B:/Development/gameDevelopment/SaintCactus/PrimordialSoup/Content/' took 0.01s
[2017.01.29-20.48.42:797][  0]SourceControl: Info Source control is disabled
[2017.01.29-20.48.42:798][  0]Cmd: MAP LOAD FILE="../../../../../../../Development/gameDevelopment/SaintCactus/PrimordialSoup/Content/Assets/maps/developmentMaps/developmentRoom.umap" TEMPLATE=0 SHOWPROGRESS=1 FEATURELEVEL=3
[2017.01.29-20.48.42:798][  0]LightingResults: New page: Lighting Build
[2017.01.29-20.48.42:826][  0]MapCheck: New page: Map Check
[2017.01.29-20.48.42:826][  0]LightingResults: New page: Lighting Build
[2017.01.29-20.48.43:039][  0]LogAIModule: Creating AISystem for world developmentRoom
[2017.01.29-20.48.43:045][  0]LogEditorServer: Finished looking for orphan Actors (0.000 secs)
[2017.01.29-20.48.43:045][  0]Cmd: MAP CHECKDEP NOCLEARLOG
[2017.01.29-20.48.43:081][  0]MapCheck: Info Map check complete: 0 Error(s), 0 Warning(s), took 35.784ms to complete.
[2017.01.29-20.48.43:081][  0]LogFileHelpers: Loading map 'developmentRoom' took 0.284
[2017.01.29-20.48.43:152][  0]LogWindowsTextInputMethodSystem:Display: IME system now deactivated.
[2017.01.29-20.48.43:227][  0]LogCollectionManager: Loaded 0 collections in 0.000867 seconds
[2017.01.29-20.48.43:305][  0]LogFileCache: Scanning file cache for directory 'B:/Development/gameDevelopment/SaintCactus/PrimordialSoup/Saved/Collections/' took 0.01s
[2017.01.29-20.48.43:305][  0]LogFileCache: Scanning file cache for directory 'B:/Development/gameDevelopment/SaintCactus/PrimordialSoup/Content/Developers/laker/Collections/' took 0.01s
[2017.01.29-20.48.43:305][  0]LogFileCache: Scanning file cache for directory 'B:/Development/gameDevelopment/SaintCactus/PrimordialSoup/Content/Collections/' took 0.01s
[2017.01.29-20.48.43:305][  0]LogCollectionManager: Rebuilt the GUID cache for 0 collections in 0.000002 seconds
[2017.01.29-20.48.43:314][  0]LogContentBrowser: Native class hierarchy populated in 0.0086 seconds. Added 2190 classes and 428 folders.
[2017.01.29-20.48.43:343][  0]LogStats: UGameplayTagsManager::ConstructGameplayTagTree: Construct from data asset -  0.000 s
[2017.01.29-20.48.43:343][  0]LogStats: UGameplayTagsManager::ConstructGameplayTagTree: GameplayTagTreeChangedEvent.Broadcast -  0.000 s
[2017.01.29-20.48.43:343][  0]LogContentBrowser: Native class hierarchy updated for 'GameplayTags' in 0.0006 seconds. Added 13 classes and 0 folders.
[2017.01.29-20.48.43:384][  0]LogContentBrowser: Native class hierarchy updated for 'WidgetCarousel' in 0.0004 seconds. Added 0 classes and 0 folders.
[2017.01.29-20.48.43:422][  0]LogContentBrowser: Native class hierarchy updated for 'AddContentDialog' in 0.0004 seconds. Added 0 classes and 0 folders.
[2017.01.29-20.48.43:461][  0]LogContentBrowser: Native class hierarchy updated for 'SceneOutliner' in 0.0005 seconds. Added 1 classes and 2 folders.
[2017.01.29-20.48.43:492][  0]LogCrashTracker: Crashtracker disabled due to settings.
[2017.01.29-20.48.43:498][  0]LogUObjectGlobals:Warning: Failed to find object 'Class None.'
[2017.01.29-20.48.43:551][  0]LogContentBrowser: Native class hierarchy updated for 'HierarchicalLODOutliner' in 0.0005 seconds. Added 1 classes and 2 folders.
[2017.01.29-20.48.43:551][  0]LogLoad: (Engine Initialization) Total time: 12.87 seconds
[2017.01.29-20.48.43:551][  0]LogLoad: (Engine Initialization) Total Blueprint compile time: 0.08 seconds
[2017.01.29-20.48.43:551][  0]LogExternalProfiler: Found external profiler: VSPerf
[2017.01.29-20.48.43:551][  0]LogExternalProfiler: Using external profiler: VSPerf
[2017.01.29-20.48.43:559][  0]LogOcInput: OculusInput pre-init called
[2017.01.29-20.48.43:579][  0]LogContentStreaming: Texture pool size now 1000 MB
[2017.01.29-20.48.43:728][  0]LogRenderer: Reallocating scene render targets to support 1208x576 NumSamples 1 (Frame:2).
[2017.01.29-20.48.43:807][  1]LogAssetRegistry: Asset discovery search completed in 6.4422 seconds
[2017.01.29-20.48.43:807][  1]LogCollectionManager: Rebuilt the object cache for 0 collections in 0.000001 seconds (found 0 objects)
[2017.01.29-20.48.43:807][  1]LogCollectionManager: Fixed up redirectors for 0 collections in 0.000054 seconds (updated 0 objects)
[2017.01.29-20.48.45:416][184]LogTemp: Repeting last play command: Selected Viewport
[2017.01.29-20.48.45:426][184]LogPlayLevel: PlayLevel: No blueprints needed recompiling
[2017.01.29-20.48.45:426][184]PIE: New page: PIE session: developmentRoom (Jan 30, 2017, 2:48:45 AM)
[2017.01.29-20.48.45:426][184]LogPlayLevel: Creating play world package: /Game/Assets/maps/developmentMaps/UEDPIE_0_developmentRoom
[2017.01.29-20.48.45:429][184]LogPlayLevel: PIE: StaticDuplicateObject took: (0.002333s)
[2017.01.29-20.48.45:429][184]LogAIModule: Creating AISystem for world developmentRoom
[2017.01.29-20.48.45:429][184]LogPlayLevel: PIE: World Init took: (0.000656s)
[2017.01.29-20.48.45:429][184]LogPlayLevel: PIE: Created PIE world by copying editor world from /Game/Assets/maps/developmentMaps/developmentRoom.developmentRoom to /Game/Assets/maps/developmentMaps/UEDPIE_0_developmentRoom.developmentRoom (0.003187s)
[2017.01.29-20.48.45:452][184]LogInit: XAudio2 using 'Динамики (Realtek High Definition Audio)' : 2 channels at 48 kHz using 32 bits per sample (channel mask 0x3)
[2017.01.29-20.48.45:465][184]LogInit: FAudioDevice initialized.
[2017.01.29-20.48.45:518][184]LogBlueprint:Warning: [protocellHandler] 'CursorToWorld' variable not found. Base class was probably changed.
[2017.01.29-20.48.45:524][184]LogBlueprint:Warning: [Compiler protocellHandler] Warning Could not find a variable named "CursorToWorld" in 'protocellHandler'.
Make sure 'protocellHandler' has been compiled for  K2Node_VariableGet_0
[2017.01.29-20.48.45:524][184]LogBlueprint:Warning: [Compiler protocellHandler] Warning InputAction Event references unknown Action 'SetDestination' for  K2Node_InputAction_4
[2017.01.29-20.48.45:526][184]LogBlueprint:Error: [Compiler protocellHandler] Error This blueprint (self) is not compatible with ' self ', therefore that pin must have a connection.
[2017.01.29-20.48.45:526][184]LogBlueprint:Error: [Compiler protocellHandler] Error The property associated with  CursorToWorld  could not be found
[2017.01.29-20.48.45:531][184]LogBlueprint:Warning: [Compiler protocellHandler] Warning [0014.85] Compile of protocellHandler failed. 2 Fatal Issue(s) 2 Warning(s) [in 11 ms] (/Game/Assets/scripts/actorScripts/protocellHandler.protocellHandler)
[2017.01.29-20.48.45:531][184]LogBlueprint:Warning: [Compiler protocellHandler] Warning [0014.85] Compile of protocellHandler failed. 2 Fatal Issue(s) 3 Warning(s) [in 0 ms] (/Game/Assets/scripts/actorScripts/protocellHandler.protocellHandler)
[2017.01.29-20.48.45:531][184]LogBlueprint:Warning: [Compiler protocellHandler] Warning [0014.85] Compile of protocellHandler failed. 2 Fatal Issue(s) 4 Warning(s) [in 0 ms] (/Game/Assets/scripts/actorScripts/protocellHandler.protocellHandler)
[2017.01.29-20.48.45:543][184]LogLoad: Game class is 'protocellGameMode_C'
[2017.01.29-20.48.45:561][184]LogWorld: Bringing World /Game/Assets/maps/developmentMaps/UEDPIE_0_developmentRoom.developmentRoom up for play (max tick rate 0) at 2017.01.29-23.48.45
[2017.01.29-20.48.45:634][184]LogWorld: Bringing up level for play took: 0.089085
[2017.01.29-20.48.45:663][184]LogContentBrowser: Native class hierarchy updated for 'MovieSceneCapture' in 0.0005 seconds. Added 11 classes and 0 folders.
[2017.01.29-20.48.45:664][184]PIE: Info Play in editor start time for /Game/Assets/maps/developmentMaps/UEDPIE_0_developmentRoom 0.195
[2017.01.29-20.49.05:231][504]LogTemp: Repeting last play command: Selected Viewport
[2017.01.29-20.49.05:240][504]LogPlayLevel: PlayLevel: No blueprints needed recompiling
[2017.01.29-20.49.06:785][504]PIE: New page: PIE session: developmentRoom (Jan 30, 2017, 2:49:06 AM)
[2017.01.29-20.49.06:785][504]LogPlayLevel: Creating play world package: /Game/Assets/maps/developmentMaps/UEDPIE_0_developmentRoom
[2017.01.29-20.49.06:787][504]LogPlayLevel: PIE: StaticDuplicateObject took: (0.001850s)
[2017.01.29-20.49.06:787][504]LogAIModule: Creating AISystem for world developmentRoom
[2017.01.29-20.49.06:788][504]LogPlayLevel: PIE: World Init took: (0.000814s)
[2017.01.29-20.49.06:788][504]LogPlayLevel: PIE: Created PIE world by copying editor world from /Game/Assets/maps/developmentMaps/developmentRoom.developmentRoom to /Game/Assets/maps/developmentMaps/UEDPIE_0_developmentRoom.developmentRoom (0.002825s)
[2017.01.29-20.49.06:804][504]LogInit: XAudio2 using 'Динамики (Realtek High Definition Audio)' : 2 channels at 48 kHz using 32 bits per sample (channel mask 0x3)
[2017.01.29-20.49.06:819][504]LogInit: FAudioDevice initialized.
[2017.01.29-20.49.06:848][504]LogLoad: Game class is 'protocellGameMode_C'
[2017.01.29-20.49.06:850][504]LogWorld: Bringing World /Game/Assets/maps/developmentMaps/UEDPIE_0_developmentRoom.developmentRoom up for play (max tick rate 0) at 2017.01.29-23.49.06
[2017.01.29-20.49.06:850][504]LogWorld: Bringing up level for play took: 0.001382
[2017.01.29-20.49.06:852][504]PIE: Info Play in editor start time for /Game/Assets/maps/developmentMaps/UEDPIE_0_developmentRoom 1.382
[2017.01.29-20.49.16:662][620]LogContentBrowser: Native class hierarchy updated for 'BlueprintGraph' in 0.0008 seconds. Added 111 classes and 0 folders.
[2017.01.29-20.49.18:441][751]BlueprintLog: New page: Compile protocellGameMode
[2017.01.29-20.49.19:329][827]LogSavePackage: Save=6.94ms
[2017.01.29-20.49.19:329][827]LogSavePackage: Moving '../../../../../../../Development/gameDevelopment/SaintCactus/PrimordialSoup/Saved/protocellGameModeE199B6DB43C6D35A3EA0C2BD0703F8EF.tmp' to '../../../../../../../Development/gameDevelopment/SaintCactus/PrimordialSoup/Content/Assets/scripts/mapScript/protocellGameMode.uasset'
[2017.01.29-20.49.19:330][827]LogSavePackage:Display: Finished SavePackage ../../../../../../../Development/gameDevelopment/SaintCactus/PrimordialSoup/Content/Assets/scripts/mapScript/protocellGameMode.uasset
[2017.01.29-20.49.29:943][ 74]LogActorFactory: Actor Factory created Cube
[2017.01.29-20.49.30:492][138]LogActorFactory: Actor Factory created Cube
[2017.01.29-20.49.40:257][225]LogEditorViewport: Clicking on Actor (LMB): StaticMeshActor (Floor)
[2017.01.29-20.49.42:117][443]LogEditorViewport: Clicking on Actor (LMB): StaticMeshActor (Cube)
[2017.01.29-20.49.43:089][555]LogEditorViewport: Clicking on Actor (LMB): StaticMeshActor (Floor)
[2017.01.29-20.49.44:498][715]LogEditorViewport: Clicking on Actor (LMB): StaticMeshActor (Cube)
[2017.01.29-20.50.11:384][780]Cmd: TRANSACTION UNDO
[2017.01.29-20.50.11:385][780]LogEditorTransaction: Undo Move Actors
[2017.01.29-20.50.14:023][ 79]LogEditorViewport: Clicking on Actor (context menu): StaticMeshActor (Cube)
[2017.01.29-20.50.22:698][ 48]LogEditorViewport: Clicking on Actor (LMB): StaticMeshActor (Cube)
[2017.01.29-20.50.23:298][117]Cmd: DUPLICATE
[2017.01.29-20.50.23:298][117]Cmd: ACTOR DUPLICATE
[2017.01.29-20.50.28:482][707]Cmd: DUPLICATE
[2017.01.29-20.50.28:483][707]Cmd: ACTOR DUPLICATE
[2017.01.29-20.50.40:261][837]LogEditorViewport: Clicking on Actor (LMB): BP_Sky_Sphere_C (Sky Sphere)
[2017.01.29-20.50.41:105][932]LogEditorViewport: Clicking on Actor (LMB): StaticMeshActor (Cube3)
[2017.01.29-20.50.41:494][974]Cmd: TRANSACTION UNDO
[2017.01.29-20.50.41:494][974]LogEditorTransaction: Undo Clicking on Actors
[2017.01.29-20.50.42:399][ 68]Cmd: TRANSACTION UNDO
[2017.01.29-20.50.42:399][ 68]LogEditorTransaction: Undo Clicking on Actors
[2017.01.29-20.50.42:806][113]Cmd: TRANSACTION UNDO
[2017.01.29-20.50.42:806][113]LogEditorTransaction: Undo Set actor scale
[2017.01.29-20.50.53:361][259]Cmd: DUPLICATE
[2017.01.29-20.50.53:362][259]Cmd: ACTOR DUPLICATE
[2017.01.29-20.50.58:516][848]MapCheck: New page: Map Check
[2017.01.29-20.50.58:738][848]LightingResults: New page: Lighting Build - Jan 30, 2017, 2:50:58 AM
[2017.01.29-20.50.58:955][848]LogSwarmInterface: [OpenConnection] Registering TCP channel ...
[2017.01.29-20.50.59:053][848]LogSwarmInterface: [OpenConnection] Connecting to agent ...
[2017.01.29-20.50.59:069][848]LogSwarmInterface: [TryOpenConnection] Testing the Agent
[2017.01.29-20.50.59:610][848]LogSwarmInterface: [TryOpenConnection] Opening Connection to Agent
[2017.01.29-20.50.59:611][848]LogSwarmInterface: [TryOpenConnection] Local Process ID is 2220
[2017.01.29-20.51.02:202][848]LogStaticLightingSystem:Warning: No importance volume found, so the scene bounding box was used.  You can optimize your scene's quality and lighting build times by adding importance volumes.
[2017.01.29-20.51.02:203][848]LogStaticLightingSystem: Running Lightmass w/ ImmediateImport mode ENABLED
[2017.01.29-20.51.02:203][848]LogStaticLightingSystem: Running Lightmass w/ ImmediateProcess mode ENABLED
[2017.01.29-20.51.02:203][848]LogStaticLightingSystem: Running Lightmass w/ Sorting mode ENABLED
[2017.01.29-20.51.02:203][848]LogStaticLightingSystem: Running Lightmass w/ Mapping paddings ENABLED
[2017.01.29-20.51.02:203][848]LogStaticLightingSystem: Running Lightmass w/ Mapping debug paddings DISABLED
[2017.01.29-20.51.02:412][848]LogEditorBuildUtils: Build time 0:03
[2017.01.29-20.51.02:432][848]LogMaterial: Missing cached shader map for material FLightmassMaterialRenderer DefaultMaterial, compiling. 
[2017.01.29-20.51.02:533][848]LogMaterial: Missing cached shader map for material FLightmassMaterialRenderer DefaultMaterial, compiling. 
[2017.01.29-20.51.02:569][849]LogMaterial: Missing cached shader map for material FLightmassMaterialRenderer BasicShapeMaterial, compiling. 
[2017.01.29-20.51.02:574][849]LogMaterial: Missing cached shader map for material FLightmassMaterialRenderer BasicShapeMaterial, compiling. 
[2017.01.29-20.51.06:545][941]Job is a success!
[2017.01.29-20.51.06:747][942]LogTexture:Display: Building textures: HQ_Lightmap0_1 (AutoDXT)
[2017.01.29-20.51.06:747][942]LogTexture:Display: Building textures: LQ_Lightmap_0_1 (DXT1)
[2017.01.29-20.51.06:747][942]LogTexture:Display: Building textures: HQ_Lightmap0_2 (AutoDXT)
[2017.01.29-20.51.06:747][942]LogTexture:Display: Building textures: LQ_Lightmap_0_2 (DXT1)
[2017.01.29-20.51.06:747][942]LogTexture:Display: Building textures: ShadowMapTexture2D_0 (G8)
[2017.01.29-20.51.06:747][942]LogTexture:Display: Building textures: ShadowMapTexture2D_1 (G8)
[2017.01.29-20.51.06:772][942]Lightmass on LAKER-PC: 901 ms total, 94 ms importing, 29 ms setup, 282 ms photons, 446 ms processing, 0 ms extra exporting [6/6 mappings]. Threads: 2.96 sec total, 610 ms processing.
[2017.01.29-20.51.06:802][942]LogStaticLightingSystem: Illumination: 8.03 sec (30 ms encoding lightmaps, 22 ms encoding shadowmaps)
[2017.01.29-20.51.06:802][942]LogStaticLightingSystem: Lightmap texture memory:  0.1 MB (0.1 MB streaming, 0.0 MB non-streaming), 4 textures
[2017.01.29-20.51.06:802][942]LogStaticLightingSystem: Shadowmap texture memory: 0.0 MB (0.0 MB streaming, 0.0 MB non-streaming), 2 textures
[2017.01.29-20.51.07:194][942]DumpUnbuiltLightIteractions
[2017.01.29-20.51.07:194][942]Lights with unbuilt interactions: 0
[2017.01.29-20.51.07:194][942]
[2017.01.29-20.51.07:194][942]Primitives with unbuilt interactions: 0
[2017.01.29-20.51.07:204][943]Cmd: MAP CHECK NOTIFYRESULTS
[2017.01.29-20.51.07:205][943]MapCheck: New page: developmentRoom - Jan 30, 2017, 2:51:07 AM
[2017.01.29-20.51.07:270][943]MapCheck: Info Map check complete: 0 Error(s), 0 Warning(s), took 65.188ms to complete.
[2017.01.29-20.51.10:437][313]LogTemp: Repeting last play command: Selected Viewport
[2017.01.29-20.51.10:450][313]LogPlayLevel: PlayLevel: No blueprints needed recompiling
[2017.01.29-20.51.10:450][313]PIE: New page: PIE session: developmentRoom (Jan 30, 2017, 2:51:10 AM)
[2017.01.29-20.51.10:450][313]LogPlayLevel: Creating play world package: /Game/Assets/maps/developmentMaps/UEDPIE_0_developmentRoom
[2017.01.29-20.51.10:452][313]LogPlayLevel: PIE: StaticDuplicateObject took: (0.002155s)
[2017.01.29-20.51.10:453][313]LogAIModule: Creating AISystem for world developmentRoom
[2017.01.29-20.51.10:453][313]LogPlayLevel: PIE: World Init took: (0.000860s)
[2017.01.29-20.51.10:453][313]LogPlayLevel: PIE: Created PIE world by copying editor world from /Game/Assets/maps/developmentMaps/developmentRoom.developmentRoom to /Game/Assets/maps/developmentMaps/UEDPIE_0_developmentRoom.developmentRoom (0.003238s)
[2017.01.29-20.51.10:474][313]LogInit: XAudio2 using 'Динамики (Realtek High Definition Audio)' : 2 channels at 48 kHz using 32 bits per sample (channel mask 0x3)
[2017.01.29-20.51.10:489][313]LogInit: FAudioDevice initialized.
[2017.01.29-20.51.10:522][313]LogLoad: Game class is 'protocellGameMode_C'
[2017.01.29-20.51.10:524][313]LogWorld: Bringing World /Game/Assets/maps/developmentMaps/UEDPIE_0_developmentRoom.developmentRoom up for play (max tick rate 0) at 2017.01.29-23.51.10
[2017.01.29-20.51.10:524][313]LogWorld: Bringing up level for play took: 0.001460
[2017.01.29-20.51.10:526][313]PIE: Info Play in editor start time for /Game/Assets/maps/developmentMaps/UEDPIE_0_developmentRoom 1.056
[2017.01.29-20.51.14:536][781]LogTemp: Repeting last play command: Selected Viewport
[2017.01.29-20.51.14:544][781]LogPlayLevel: PlayLevel: No blueprints needed recompiling
[2017.01.29-20.51.14:544][781]PIE: New page: PIE session: developmentRoom (Jan 30, 2017, 2:51:14 AM)
[2017.01.29-20.51.14:545][781]LogPlayLevel: Creating play world package: /Game/Assets/maps/developmentMaps/UEDPIE_0_developmentRoom
[2017.01.29-20.51.14:547][781]LogPlayLevel: PIE: StaticDuplicateObject took: (0.002293s)
[2017.01.29-20.51.14:547][781]LogAIModule: Creating AISystem for world developmentRoom
[2017.01.29-20.51.14:548][781]LogPlayLevel: PIE: World Init took: (0.000712s)
[2017.01.29-20.51.14:548][781]LogPlayLevel: PIE: Created PIE world by copying editor world from /Game/Assets/maps/developmentMaps/developmentRoom.developmentRoom to /Game/Assets/maps/developmentMaps/UEDPIE_0_developmentRoom.developmentRoom (0.003223s)
[2017.01.29-20.51.14:571][781]LogInit: XAudio2 using 'Динамики (Realtek High Definition Audio)' : 2 channels at 48 kHz using 32 bits per sample (channel mask 0x3)
[2017.01.29-20.51.14:585][781]LogInit: FAudioDevice initialized.
[2017.01.29-20.51.14:619][781]LogLoad: Game class is 'protocellGameMode_C'
[2017.01.29-20.51.14:621][781]LogWorld: Bringing World /Game/Assets/maps/developmentMaps/UEDPIE_0_developmentRoom.developmentRoom up for play (max tick rate 0) at 2017.01.29-23.51.14
[2017.01.29-20.51.14:621][781]LogWorld: Bringing up level for play took: 0.001184
[2017.01.29-20.51.14:622][781]PIE: Info Play in editor start time for /Game/Assets/maps/developmentMaps/UEDPIE_0_developmentRoom -0.847
[2017.01.29-20.51.21:322][556]LogTemp: Repeting last play command: Selected Viewport
[2017.01.29-20.51.21:331][556]LogPlayLevel: PlayLevel: No blueprints needed recompiling
[2017.01.29-20.51.21:331][556]PIE: New page: PIE session: developmentRoom (Jan 30, 2017, 2:51:21 AM)
[2017.01.29-20.51.21:331][556]LogPlayLevel: Creating play world package: /Game/Assets/maps/developmentMaps/UEDPIE_0_developmentRoom
[2017.01.29-20.51.21:333][556]LogPlayLevel: PIE: StaticDuplicateObject took: (0.002063s)
[2017.01.29-20.51.21:334][556]LogAIModule: Creating AISystem for world developmentRoom
[2017.01.29-20.51.21:334][556]LogPlayLevel: PIE: World Init took: (0.001002s)
[2017.01.29-20.51.21:335][556]LogPlayLevel: PIE: Created PIE world by copying editor world from /Game/Assets/maps/developmentMaps/developmentRoom.developmentRoom to /Game/Assets/maps/developmentMaps/UEDPIE_0_developmentRoom.developmentRoom (0.003305s)
[2017.01.29-20.51.21:358][556]LogInit: XAudio2 using 'Динамики (Realtek High Definition Audio)' : 2 channels at 48 kHz using 32 bits per sample (channel mask 0x3)
[2017.01.29-20.51.21:372][556]LogInit: FAudioDevice initialized.
[2017.01.29-20.51.21:404][556]LogLoad: Game class is 'protocellGameMode_C'
[2017.01.29-20.51.21:406][556]LogWorld: Bringing World /Game/Assets/maps/developmentMaps/UEDPIE_0_developmentRoom.developmentRoom up for play (max tick rate 0) at 2017.01.29-23.51.21
[2017.01.29-20.51.21:406][556]LogWorld: Bringing up level for play took: 0.001321
[2017.01.29-20.51.21:408][556]PIE: Info Play in editor start time for /Game/Assets/maps/developmentMaps/UEDPIE_0_developmentRoom -0.062
[2017.01.29-20.51.40:421][694]LogRenderer: Reallocating scene render targets to support 1208x712 NumSamples 1 (Frame:20093).
[2017.01.29-20.51.41:009][740]BlueprintLog: New page: Compile protocellHandler
[2017.01.29-20.51.41:028][740]LogBlueprint:Warning: [Compiler protocellHandler] Warning Could not find a variable named "CursorToWorld" in 'protocellHandler'.
Make sure 'protocellHandler' has been compiled for  K2Node_VariableGet_0
[2017.01.29-20.51.41:028][740]LogBlueprint:Warning: [Compiler protocellHandler] Warning InputAction Event references unknown Action 'SetDestination' for  K2Node_InputAction_4
[2017.01.29-20.51.41:030][740]LogBlueprint:Error: [Compiler protocellHandler] Error This blueprint (self) is not compatible with ' self ', therefore that pin must have a connection.
[2017.01.29-20.51.41:030][740]LogBlueprint:Error: [Compiler protocellHandler] Error The property associated with  CursorToWorld  could not be found
[2017.01.29-20.51.41:221][740]BlueprintEditorCompileResults:Warning: Warning Could not find a variable named "CursorToWorld" in 'protocellHandler'.
Make sure 'protocellHandler' has been compiled for  K2Node_VariableGet_0
[2017.01.29-20.51.41:221][740]BlueprintEditorCompileResults:Warning: Warning InputAction Event references unknown Action 'SetDestination' for  K2Node_InputAction_4
[2017.01.29-20.51.41:221][740]BlueprintEditorCompileResults:Error: Error This blueprint (self) is not compatible with ' self ', therefore that pin must have a connection.
[2017.01.29-20.51.41:221][740]BlueprintEditorCompileResults:Error: Error The property associated with  CursorToWorld  could not be found
[2017.01.29-20.51.41:221][740]LogBlueprint:Warning: [Compiler protocellHandler] Warning [0190.54] Compile of protocellHandler failed. 2 Fatal Issue(s) 2 Warning(s) [in 211 ms] (/Game/Assets/scripts/actorScripts/protocellHandler.protocellHandler)
[2017.01.29-20.52.01:155][290]BlueprintLog: New page: Compile protocellHandler
[2017.01.29-20.52.01:170][290]LogBlueprint:Warning: [Compiler protocellHandler] Warning InputAction Event references unknown Action 'SetDestination' for  K2Node_InputAction_4
[2017.01.29-20.52.01:248][290]BlueprintEditorCompileResults:Warning: Warning InputAction Event references unknown Action 'SetDestination' for  K2Node_InputAction_4
[2017.01.29-20.52.01:248][290]LogBlueprint:Warning: [Compiler protocellHandler] Warning [0210.56] Compile of protocellHandler successful, but with 1 Warning(s) [in 92 ms] (/Game/Assets/scripts/actorScripts/protocellHandler.protocellHandler)
[2017.01.29-20.52.19:519][826]BlueprintLog: New page: Compile protocellHandler
[2017.01.29-20.52.19:534][826]LogBlueprint:Warning: [Compiler protocellHandler] Warning InputAction Event references unknown Action 'SetDestination' for  K2Node_InputAction_4
[2017.01.29-20.52.19:611][826]BlueprintEditorCompileResults:Warning: Warning InputAction Event references unknown Action 'SetDestination' for  K2Node_InputAction_4
[2017.01.29-20.52.19:612][826]LogBlueprint:Warning: [Compiler protocellHandler] Warning [0228.93] Compile of protocellHandler successful, but with 1 Warning(s) [in 92 ms] (/Game/Assets/scripts/actorScripts/protocellHandler.protocellHandler)
[2017.01.29-20.52.25:604][299]LogSavePackage: Save=20.47ms
[2017.01.29-20.52.25:604][299]LogSavePackage: Moving '../../../../../../../Development/gameDevelopment/SaintCactus/PrimordialSoup/Saved/protocellHandler3AE7CA014E770702674C419EF13D21E6.tmp' to '../../../../../../../Development/gameDevelopment/SaintCactus/PrimordialSoup/Content/Assets/scripts/actorScripts/protocellHandler.uasset'
[2017.01.29-20.52.25:607][299]LogSavePackage:Display: Finished SavePackage ../../../../../../../Development/gameDevelopment/SaintCactus/PrimordialSoup/Content/Assets/scripts/actorScripts/protocellHandler.uasset
[2017.01.29-20.52.26:699][392]LogTemp: Repeting last play command: Selected Viewport
[2017.01.29-20.52.26:709][392]LogPlayLevel: PlayLevel: No blueprints needed recompiling
[2017.01.29-20.52.26:709][392]PIE: New page: PIE session: developmentRoom (Jan 30, 2017, 2:52:26 AM)
[2017.01.29-20.52.26:709][392]LogPlayLevel: Creating play world package: /Game/Assets/maps/developmentMaps/UEDPIE_0_developmentRoom
[2017.01.29-20.52.26:711][392]LogPlayLevel: PIE: StaticDuplicateObject took: (0.001981s)
[2017.01.29-20.52.26:712][392]LogAIModule: Creating AISystem for world developmentRoom
[2017.01.29-20.52.26:712][392]LogPlayLevel: PIE: World Init took: (0.000923s)
[2017.01.29-20.52.26:712][392]LogPlayLevel: PIE: Created PIE world by copying editor world from /Game/Assets/maps/developmentMaps/developmentRoom.developmentRoom to /Game/Assets/maps/developmentMaps/UEDPIE_0_developmentRoom.developmentRoom (0.003101s)
[2017.01.29-20.52.26:736][392]LogInit: XAudio2 using 'Динамики (Realtek High Definition Audio)' : 2 channels at 48 kHz using 32 bits per sample (channel mask 0x3)
[2017.01.29-20.52.26:749][392]LogInit: FAudioDevice initialized.
[2017.01.29-20.52.26:787][392]LogLoad: Game class is 'protocellGameMode_C'
[2017.01.29-20.52.26:789][392]LogWorld: Bringing World /Game/Assets/maps/developmentMaps/UEDPIE_0_developmentRoom.developmentRoom up for play (max tick rate 0) at 2017.01.29-23.52.26
[2017.01.29-20.52.26:790][392]LogWorld: Bringing up level for play took: 0.001272
[2017.01.29-20.52.26:806][392]PIE: Info Play in editor start time for /Game/Assets/maps/developmentMaps/UEDPIE_0_developmentRoom -0.663
[2017.01.29-20.52.32:684][969]LogTemp: Repeting last play command: Selected Viewport
[2017.01.29-20.52.32:695][969]LogPlayLevel: PlayLevel: No blueprints needed recompiling
[2017.01.29-20.52.32:695][969]PIE: New page: PIE session: developmentRoom (Jan 30, 2017, 2:52:32 AM)
[2017.01.29-20.52.32:695][969]LogPlayLevel: Creating play world package: /Game/Assets/maps/developmentMaps/UEDPIE_0_developmentRoom
[2017.01.29-20.52.32:697][969]LogPlayLevel: PIE: StaticDuplicateObject took: (0.001770s)
[2017.01.29-20.52.32:697][969]LogAIModule: Creating AISystem for world developmentRoom
[2017.01.29-20.52.32:697][969]LogPlayLevel: PIE: World Init took: (0.000658s)
[2017.01.29-20.52.32:697][969]LogPlayLevel: PIE: Created PIE world by copying editor world from /Game/Assets/maps/developmentMaps/developmentRoom.developmentRoom to /Game/Assets/maps/developmentMaps/UEDPIE_0_developmentRoom.developmentRoom (0.002651s)
[2017.01.29-20.52.32:720][969]LogInit: XAudio2 using 'Динамики (Realtek High Definition Audio)' : 2 channels at 48 kHz using 32 bits per sample (channel mask 0x3)
[2017.01.29-20.52.32:733][969]LogInit: FAudioDevice initialized.
[2017.01.29-20.52.32:765][969]LogLoad: Game class is 'protocellGameMode_C'
[2017.01.29-20.52.32:768][969]LogWorld: Bringing World /Game/Assets/maps/developmentMaps/UEDPIE_0_developmentRoom.developmentRoom up for play (max tick rate 0) at 2017.01.29-23.52.32
[2017.01.29-20.52.32:768][969]LogWorld: Bringing up level for play took: 0.001558
[2017.01.29-20.52.32:769][969]PIE: Info Play in editor start time for /Game/Assets/maps/developmentMaps/UEDPIE_0_developmentRoom -0.7
[2017.01.29-20.52.36:976][444]LogTemp: Repeting last play command: Selected Viewport
[2017.01.29-20.52.36:988][444]LogPlayLevel: PlayLevel: No blueprints needed recompiling
[2017.01.29-20.52.36:988][444]PIE: New page: PIE session: developmentRoom (Jan 30, 2017, 2:52:36 AM)
[2017.01.29-20.52.36:988][444]LogPlayLevel: Creating play world package: /Game/Assets/maps/developmentMaps/UEDPIE_0_developmentRoom
[2017.01.29-20.52.36:990][444]LogPlayLevel: PIE: StaticDuplicateObject took: (0.001751s)
[2017.01.29-20.52.36:990][444]LogAIModule: Creating AISystem for world developmentRoom
[2017.01.29-20.52.36:991][444]LogPlayLevel: PIE: World Init took: (0.000599s)
[2017.01.29-20.52.36:991][444]LogPlayLevel: PIE: Created PIE world by copying editor world from /Game/Assets/maps/developmentMaps/developmentRoom.developmentRoom to /Game/Assets/maps/developmentMaps/UEDPIE_0_developmentRoom.developmentRoom (0.002566s)
[2017.01.29-20.52.37:018][444]LogInit: XAudio2 using 'Динамики (Realtek High Definition Audio)' : 2 channels at 48 kHz using 32 bits per sample (channel mask 0x3)
[2017.01.29-20.52.37:031][444]LogInit: FAudioDevice initialized.
[2017.01.29-20.52.37:066][444]LogLoad: Game class is 'protocellGameMode_C'
[2017.01.29-20.52.37:068][444]LogWorld: Bringing World /Game/Assets/maps/developmentMaps/UEDPIE_0_developmentRoom.developmentRoom up for play (max tick rate 0) at 2017.01.29-23.52.37
[2017.01.29-20.52.37:069][444]LogWorld: Bringing up level for play took: 0.001224
[2017.01.29-20.52.37:070][444]PIE: Info Play in editor start time for /Game/Assets/maps/developmentMaps/UEDPIE_0_developmentRoom -0.4
[2017.01.29-20.52.40:124][795]LogEditorViewport: Clicking on Actor (context menu): StaticMeshActor (Floor)
[2017.01.29-20.52.40:931][877]LogEditorViewport: Clicking on Actor (LMB): StaticMeshActor (Floor)
[2017.01.29-20.54.58:705][491]LogEditorViewport: Clicking on Actor (LMB): protocellCharacter_C (protocellCharacter)
[2017.01.29-20.55.02:841][973]Cmd: DELETE
[2017.01.29-20.55.02:841][973]Cmd: ACTOR DELETE
[2017.01.29-20.55.02:841][973]LogEditorActor: Deleted Actor: protocellCharacter_C
[2017.01.29-20.55.02:857][973]LogEditorActor: Deleted 1 Actors (0.016 secs)
[2017.01.29-20.55.05:723][311]LogSavePackage: Save=15.33ms
[2017.01.29-20.55.05:723][311]LogSavePackage: Moving '../../../../../../../Development/gameDevelopment/SaintCactus/PrimordialSoup/Saved/developmentRoom5F11181049D0E639BAFE67BAE6699DDA.tmp' to '../../../../../../../Development/gameDevelopment/SaintCactus/PrimordialSoup/Content/Assets/maps/developmentMaps/developmentRoom.umap'
[2017.01.29-20.55.05:725][311]LogSavePackage:Display: Finished SavePackage ../../../../../../../Development/gameDevelopment/SaintCactus/PrimordialSoup/Content/Assets/maps/developmentMaps/developmentRoom.umap
[2017.01.29-20.55.05:755][311]LogSavePackage: Save=10.75ms
[2017.01.29-20.55.05:755][311]LogSavePackage: Moving '../../../../../../../Development/gameDevelopment/SaintCactus/PrimordialSoup/Saved/developmentRoom_BuiltData55485535465E91857C274395A0609ADE.tmp' to '../../../../../../../Development/gameDevelopment/SaintCactus/PrimordialSoup/Content/Assets/maps/developmentMaps/developmentRoom_BuiltData.uasset'
[2017.01.29-20.55.05:756][311]LogSavePackage:Display: Finished SavePackage ../../../../../../../Development/gameDevelopment/SaintCactus/PrimordialSoup/Content/Assets/maps/developmentMaps/developmentRoom_BuiltData.uasset
[2017.01.29-20.55.06:446][393]LogTemp: Repeting last play command: Selected Viewport
[2017.01.29-20.55.06:456][393]LogPlayLevel: PlayLevel: No blueprints needed recompiling
[2017.01.29-20.55.06:456][393]PIE: New page: PIE session: developmentRoom (Jan 30, 2017, 2:55:06 AM)
[2017.01.29-20.55.06:457][393]LogPlayLevel: Creating play world package: /Game/Assets/maps/developmentMaps/UEDPIE_0_developmentRoom
[2017.01.29-20.55.06:458][393]LogPlayLevel: PIE: StaticDuplicateObject took: (0.001562s)
[2017.01.29-20.55.06:459][393]LogAIModule: Creating AISystem for world developmentRoom
[2017.01.29-20.55.06:459][393]LogPlayLevel: PIE: World Init took: (0.000906s)
[2017.01.29-20.55.06:459][393]LogPlayLevel: PIE: Created PIE world by copying editor world from /Game/Assets/maps/developmentMaps/developmentRoom.developmentRoom to /Game/Assets/maps/developmentMaps/UEDPIE_0_developmentRoom.developmentRoom (0.002672s)
[2017.01.29-20.55.06:480][393]LogInit: XAudio2 using 'Динамики (Realtek High Definition Audio)' : 2 channels at 48 kHz using 32 bits per sample (channel mask 0x3)
[2017.01.29-20.55.06:495][393]LogInit: FAudioDevice initialized.
[2017.01.29-20.55.06:529][393]LogLoad: Game class is 'protocellGameMode_C'
[2017.01.29-20.55.06:531][393]LogWorld: Bringing World /Game/Assets/maps/developmentMaps/UEDPIE_0_developmentRoom.developmentRoom up for play (max tick rate 0) at 2017.01.29-23.55.06
[2017.01.29-20.55.06:531][393]LogWorld: Bringing up level for play took: 0.000885
[2017.01.29-20.55.06:533][393]PIE: Info Play in editor start time for /Game/Assets/maps/developmentMaps/UEDPIE_0_developmentRoom 1.063
[2017.01.29-20.55.16:571][588]LogEditorViewport: Clicking on Actor (LMB): StaticMeshActor (Floor)
[2017.01.29-20.55.28:688][996]Cmd: MAP LOAD FILE="../../../../../../../Development/gameDevelopment/SaintCactus/PrimordialSoup/Content/Assets/maps/developmentMaps/developmentRoom.umap" TEMPLATE=0 SHOWPROGRESS=1 FEATURELEVEL=3
[2017.01.29-20.55.28:688][996]LightingResults: New page: Lighting Build
[2017.01.29-20.55.28:689][996]LoadErrors: New page: Loading map: developmentRoom.umap
[2017.01.29-20.55.28:689][996]MapCheck: New page: Map Check
[2017.01.29-20.55.28:689][996]LightingResults: New page: Lighting Build
[2017.01.29-20.55.28:714][996]LogAIModule: Creating AISystem for world developmentRoom
[2017.01.29-20.55.28:718][996]LogEditorServer: Finished looking for orphan Actors (0.000 secs)
[2017.01.29-20.55.28:735][996]Cmd: MAP CHECKDEP NOCLEARLOG
[2017.01.29-20.55.28:778][996]MapCheck: Info Map check complete: 0 Error(s), 0 Warning(s), took 42.582ms to complete.
[2017.01.29-20.55.28:779][996]LogFileHelpers: Loading map 'developmentRoom' took 0.092
[2017.01.29-20.57.36:175][141]LogTemp: Repeting last play command: Selected Viewport
[2017.01.29-20.57.36:185][141]LogPlayLevel: PlayLevel: No blueprints needed recompiling
[2017.01.29-20.57.36:185][141]PIE: New page: PIE session: developmentRoom (Jan 30, 2017, 2:57:36 AM)
[2017.01.29-20.57.36:185][141]LogPlayLevel: Creating play world package: /Game/Assets/maps/developmentMaps/UEDPIE_0_developmentRoom
[2017.01.29-20.57.36:187][141]LogPlayLevel: PIE: StaticDuplicateObject took: (0.002215s)
[2017.01.29-20.57.36:188][141]LogAIModule: Creating AISystem for world developmentRoom
[2017.01.29-20.57.36:188][141]LogPlayLevel: PIE: World Init took: (0.000973s)
[2017.01.29-20.57.36:188][141]LogPlayLevel: PIE: Created PIE world by copying editor world from /Game/Assets/maps/developmentMaps/developmentRoom.developmentRoom to /Game/Assets/maps/developmentMaps/UEDPIE_0_developmentRoom.developmentRoom (0.003457s)
[2017.01.29-20.57.36:218][141]LogInit: XAudio2 using 'Динамики (Realtek High Definition Audio)' : 2 channels at 48 kHz using 32 bits per sample (channel mask 0x3)
[2017.01.29-20.57.36:231][141]LogInit: FAudioDevice initialized.
[2017.01.29-20.57.36:264][141]LogLoad: Game class is 'protocellGameMode_C'
[2017.01.29-20.57.36:267][141]LogWorld: Bringing World /Game/Assets/maps/developmentMaps/UEDPIE_0_developmentRoom.developmentRoom up for play (max tick rate 0) at 2017.01.29-23.57.36
[2017.01.29-20.57.36:267][141]LogWorld: Bringing up level for play took: 0.001216
[2017.01.29-20.57.36:268][141]PIE: Info Play in editor start time for /Game/Assets/maps/developmentMaps/UEDPIE_0_developmentRoom 0.798
[2017.01.29-20.57.44:271][ 61]LogEditorViewport: Clicking on Actor (LMB): protocellCharacter_C (protocellCharacter)
[2017.01.29-20.57.46:463][306]LogEditorViewport: Clicking on Actor (LMB): protocellCharacter_C (protocellCharacter)
[2017.01.29-20.57.47:230][389]LogEditorViewport: Clicking on Actor (LMB): StaticMeshActor (Floor)
[2017.01.29-20.57.47:919][467]LogEditorViewport: Clicking on Actor (LMB): protocellCharacter_C (protocellCharacter)
[2017.01.29-20.58.33:471][260]LogEditorViewport: Clicking on Actor (LMB): BP_Sky_Sphere_C (Sky Sphere)
[2017.01.29-20.58.33:873][305]LogEditorViewport: Clicking on Actor (context menu): BP_Sky_Sphere_C (Sky Sphere)
[2017.01.29-20.58.36:778][650]LogEditorViewport: Clicking on Actor (LMB): BP_Sky_Sphere_C (Sky Sphere)
[2017.01.29-20.59.02:342][744]LogSlate: Only BGRA pngs, bmps or icos are supported in by External Image Picker
[2017.01.29-20.59.02:391][746]LogTemp:Display: Executing iPhonePackager certificates Engine -bundlename com.YourCompany.PrimordialSoup

[2017.01.29-20.59.02:391][746]LogTemp:Display: CWD: B:\Programs\Epic\Epic Games\4.14\Engine\Binaries\DotNet\IOS

[2017.01.29-20.59.02:391][746]LogTemp:Display: Initial Dir: B:\Programs\Epic\Epic Games\4.14

[2017.01.29-20.59.02:391][746]LogTemp:Display: Env CWD: B:\Programs\Epic\Epic Games\4.14\Engine\Binaries\DotNet\IOS

[2017.01.29-20.59.02:406][747]LogTemp:Display: BranchPath = LAKER-PC/B/Programs/Epic/Epic Games/4.14/Engine/Binaries --- GameBranchPath = LAKER-PC/B/Programs/Epic/Epic Games/4.14/Engine/Binaries

[2017.01.29-20.59.02:414][748]LogTemp:Display: IPP ERROR: Application exception: System.IO.DirectoryNotFoundException: ?? 㤠???? ????? ????? ???? "C:\Users\laker\AppData\Local\Apple Computer\MobileDevice\Provisioning Profiles".

[2017.01.29-20.59.02:414][748]LogTemp:Display:    ? System.IO.__Error.WinIOError(Int32 errorCode, String maybeFullPath)

[2017.01.29-20.59.02:414][748]LogTemp:Display: 

[2017.01.29-20.59.02:414][748]LogTemp:Display:    ? System.IO.FileSystemEnumerableIterator`1.CommonInit()

[2017.01.29-20.59.02:414][748]LogTemp:Display:    ? System.IO.Directory.EnumerateFiles(String path, String searchPattern)

[2017.01.29-20.59.02:414][748]LogTemp:Display:    ? iPhonePackager.CodeSignatureBuilder.FindProvisions(String CFBundleIdentifier)

[2017.01.29-20.59.02:414][748]LogTemp:Display:    ? iPhonePackager.Program.Main(String[] args)

[2017.01.29-21.00.49:534][683]BlueprintLog: New page: Compile protocellHandler
[2017.01.29-21.00.49:548][683]LogBlueprint:Warning: [Compiler protocellHandler] Warning InputAction Event references unknown Action 'SetDestination' for  K2Node_InputAction_10
[2017.01.29-21.00.49:626][683]BlueprintEditorCompileResults:Warning: Warning InputAction Event references unknown Action 'SetDestination' for  K2Node_InputAction_10
[2017.01.29-21.00.49:626][683]LogBlueprint:Warning: [Compiler protocellHandler] Warning [0738.94] Compile of protocellHandler successful, but with 1 Warning(s) [in 91 ms] (/Game/Assets/scripts/actorScripts/protocellHandler.protocellHandler)
[2017.01.29-21.01.03:341][956]LogSavePackage: Save=20.37ms
[2017.01.29-21.01.03:341][956]LogSavePackage: Moving '../../../../../../../Development/gameDevelopment/SaintCactus/PrimordialSoup/Saved/developmentRoomD380D25C4D6F8710A55F359C7E2807DE.tmp' to '../../../../../../../Development/gameDevelopment/SaintCactus/PrimordialSoup/Content/Assets/maps/developmentMaps/developmentRoom.umap'
[2017.01.29-21.01.03:343][956]LogSavePackage:Display: Finished SavePackage ../../../../../../../Development/gameDevelopment/SaintCactus/PrimordialSoup/Content/Assets/maps/developmentMaps/developmentRoom.umap
[2017.01.29-21.01.03:359][956]LogFileHelpers: Saving map 'developmentRoom' took 0.096
[2017.01.29-21.01.03:380][956]LogSavePackage: Save=16.40ms
[2017.01.29-21.01.03:380][956]LogSavePackage: Moving '../../../../../../../Development/gameDevelopment/SaintCactus/PrimordialSoup/Saved/protocellHandler8EEBA8C74F7A62BD1266069F4606569F.tmp' to '../../../../../../../Development/gameDevelopment/SaintCactus/PrimordialSoup/Content/Assets/scripts/actorScripts/protocellHandler.uasset'
[2017.01.29-21.01.03:382][956]LogSavePackage:Display: Finished SavePackage ../../../../../../../Development/gameDevelopment/SaintCactus/PrimordialSoup/Content/Assets/scripts/actorScripts/protocellHandler.uasset
[2017.01.29-21.01.06:829][360]Cmd: CLOSE_SLATE_MAINFRAME
[2017.01.29-21.01.07:158][361]Cmd: QUIT_EDITOR
[2017.01.29-21.01.08:185][361]LogWindowsTextInputMethodSystem:Display: IME system now deactivated.
[2017.01.29-21.01.08:207][361]LogExit: Preparing to exit.
[2017.01.29-21.01.09:104][361]LogDirectoryWatcher: A directory notification for 'B:/Development/gameDevelopment/SaintCactus/PrimordialSoup/Content/' was aborted.
[2017.01.29-21.01.09:136][361]LogExit: Editor shut down
[2017.01.29-21.01.09:136][361]LogExit: Transaction tracking system shut down
[2017.01.29-21.01.09:221][361]LogObj: Freed 0b from 0 cluster array pools.
[2017.01.29-21.01.09:222][361]LogExit: Object subsystem successfully closed.
[2017.01.29-21.01.09:237][361]LogD3D11RHI: Shutdown
[2017.01.29-21.01.09:237][361]LogD3D11RHI: CleanupD3DDevice
[2017.01.29-21.01.09:320][361]LogD3D11RHI: ~FD3D11DynamicRHI
[2017.01.29-21.01.09:327][361]LogHttp:Display: Http module shutting down, but needs to wait on 1 outstanding Http requests:
[2017.01.29-21.01.09:327][361]LogHttp:Display: 	verb=[POST] url=[https://datarouter.ol.epicgames.com/datarouter/api/v1/public/data?SessionID=%7BF2AA13E4-463D-9B62-5DC2-0C9B57B853DC%7D&AppID=UEEditor.Rocket.Release&AppVersion=4.14.3-3249277%2B%2B%2BUE4%2BRelease-4.14&UserID=79261e63407afad88666eeac45b97bac%7C59c513c77e104fb391b6ddd67aba2485%7Cccfefd32-51bd-4421-aa1f-7f30b92f3991&AppEnvironment=datacollector-binary&UploadType=eteventstream] status=Processing
[2017.01.29-21.01.09:353][361]LogModuleManager: Shutting down and abandoning module ExternalImagePicker (245)
[2017.01.29-21.01.09:353][361]LogModuleManager: Shutting down and abandoning module BlueprintGraph (244)
[2017.01.29-21.01.09:353][361]LogModuleManager: Shutting down and abandoning module BlueprintProfiler (243)
[2017.01.29-21.01.09:353][361]LogModuleManager: Shutting down and abandoning module MovieSceneCapture (242)
[2017.01.29-21.01.09:353][361]LogModuleManager: Shutting down and abandoning module HierarchicalLODOutliner (241)
[2017.01.29-21.01.09:353][361]LogModuleManager: Shutting down and abandoning module CrashTracker (240)
[2017.01.29-21.01.09:353][361]LogModuleManager: Shutting down and abandoning module SceneOutliner (239)
[2017.01.29-21.01.09:353][361]LogModuleManager: Shutting down and abandoning module WidgetCarousel (238)
[2017.01.29-21.01.09:353][361]LogModuleManager: Shutting down and abandoning module AddContentDialog (237)
[2017.01.29-21.01.09:353][361]LogDirectoryWatcher: A directory notification for 'B:/Programs/Epic/Epic Games/4.14/FeaturePacks/' was aborted.
[2017.01.29-21.01.09:355][361]LogModuleManager: Shutting down and abandoning module GameplayTags (236)
[2017.01.29-21.01.09:355][361]LogModuleManager: Shutting down and abandoning module EditorWidgets (235)
[2017.01.29-21.01.09:355][361]LogModuleManager: Shutting down and abandoning module CollectionManager (234)
[2017.01.29-21.01.09:355][361]LogDirectoryWatcher: A directory notification for 'B:/Development/gameDevelopment/SaintCactus/PrimordialSoup/Content/Collections/' was aborted.
[2017.01.29-21.01.09:355][361]LogDirectoryWatcher: A directory notification for 'B:/Development/gameDevelopment/SaintCactus/PrimordialSoup/Content/Developers/laker/Collections/' was aborted.
[2017.01.29-21.01.09:355][361]LogDirectoryWatcher: A directory notification for 'B:/Development/gameDevelopment/SaintCactus/PrimordialSoup/Saved/Collections/' was aborted.
[2017.01.29-21.01.09:355][361]LogModuleManager: Shutting down and abandoning module StatsViewer (233)
[2017.01.29-21.01.09:355][361]LogModuleManager: Shutting down and abandoning module FoliageEdit (232)
[2017.01.29-21.01.09:355][361]LogModuleManager: Shutting down and abandoning module LandscapeEditor (231)
[2017.01.29-21.01.09:355][361]LogModuleManager: Shutting down and abandoning module SceneDepthPickerMode (230)
[2017.01.29-21.01.09:355][361]LogModuleManager: Shutting down and abandoning module ActorPickerMode (229)
[2017.01.29-21.01.09:355][361]LogModuleManager: Shutting down and abandoning module GeometryMode (228)
[2017.01.29-21.01.09:355][361]LogModuleManager: Shutting down and abandoning module TextureAlignMode (227)
[2017.01.29-21.01.09:355][361]LogModuleManager: Shutting down and abandoning module BspMode (226)
[2017.01.29-21.01.09:355][361]LogModuleManager: Shutting down and abandoning module HardwareSurvey (225)
[2017.01.29-21.01.09:355][361]LogModuleManager: Shutting down and abandoning module SequenceRecorderSections (224)
[2017.01.29-21.01.09:355][361]LogModuleManager: Shutting down and abandoning module AutomationWorker (223)
[2017.01.29-21.01.09:355][361]LogModuleManager: Shutting down and abandoning module MatineeToLevelSequence (222)
[2017.01.29-21.01.09:355][361]LogModuleManager: Shutting down and abandoning module PlacementMode (221)
[2017.01.29-21.01.09:355][361]LogModuleManager: Shutting down and abandoning module LevelSequenceEditor (220)
[2017.01.29-21.01.09:355][361]LogModuleManager: Shutting down and abandoning module WmfMediaFactory (219)
[2017.01.29-21.01.09:355][361]LogModuleManager: Shutting down and abandoning module WmfMediaEditor (218)
[2017.01.29-21.01.09:355][361]LogModuleManager: Shutting down and abandoning module AvfMediaFactory (217)
[2017.01.29-21.01.09:355][361]LogModuleManager: Shutting down and abandoning module AvfMediaEditor (216)
[2017.01.29-21.01.09:355][361]LogModuleManager: Shutting down and abandoning module Media (215)
[2017.01.29-21.01.09:355][361]LogModuleManager: Shutting down and abandoning module AndroidMediaFactory (214)
[2017.01.29-21.01.09:355][361]LogModuleManager: Shutting down and abandoning module AndroidMediaEditor (213)
[2017.01.29-21.01.09:355][361]LogModuleManager: Shutting down and abandoning module CharacterAI (212)
[2017.01.29-21.01.09:355][361]LogModuleManager: Shutting down and abandoning module SequenceRecorder (211)
[2017.01.29-21.01.09:355][361]LogModuleManager: Shutting down and abandoning module AudioCapture (210)
[2017.01.29-21.01.09:355][361]LogModuleManager: Shutting down and abandoning module SmartSnapping (209)
[2017.01.29-21.01.09:355][361]LogModuleManager: Shutting down and abandoning module SessionServices (208)
[2017.01.29-21.01.09:355][361]LogModuleManager: Shutting down and abandoning module ViewportSnapping (207)
[2017.01.29-21.01.09:355][361]LogModuleManager: Shutting down and abandoning module ViewportInteraction (206)
[2017.01.29-21.01.09:355][361]LogModuleManager: Shutting down and abandoning module LogVisualizer (205)
[2017.01.29-21.01.09:355][361]LogModuleManager: Shutting down and abandoning module GameProjectGeneration (204)
[2017.01.29-21.01.09:355][361]LogModuleManager: Shutting down and abandoning module IntroTutorials (203)
[2017.01.29-21.01.09:355][361]LogModuleManager: Shutting down and abandoning module EditorLiveStreaming (202)
[2017.01.29-21.01.09:355][361]LogModuleManager: Shutting down and abandoning module IOSPlatformEditor (201)
[2017.01.29-21.01.09:355][361]LogModuleManager: Shutting down and abandoning module HTML5PlatformEditor (200)
[2017.01.29-21.01.09:355][361]LogModuleManager: Shutting down and abandoning module AndroidDeviceDetection (199)
[2017.01.29-21.01.10:068][361]LogModuleManager: Shutting down and abandoning module AndroidPlatformEditor (198)
[2017.01.29-21.01.10:068][361]LogModuleManager: Shutting down and abandoning module IOSRuntimeSettings (197)
[2017.01.29-21.01.10:068][361]LogModuleManager: Shutting down and abandoning module AndroidRuntimeSettings (196)
[2017.01.29-21.01.10:068][361]LogModuleManager: Shutting down and abandoning module InputBindingEditor (195)
[2017.01.29-21.01.10:068][361]LogModuleManager: Shutting down and abandoning module NiagaraEditor (194)
[2017.01.29-21.01.10:068][361]LogModuleManager: Shutting down and abandoning module MergeActors (193)
[2017.01.29-21.01.10:068][361]LogModuleManager: Shutting down and abandoning module SizeMap (192)
[2017.01.29-21.01.10:068][361]LogModuleManager: Shutting down and abandoning module TreeMap (191)
[2017.01.29-21.01.10:068][361]LogModuleManager: Shutting down and abandoning module ReferenceViewer (190)
[2017.01.29-21.01.10:068][361]LogModuleManager: Shutting down and abandoning module LocalizationService (189)
[2017.01.29-21.01.10:068][361]LogModuleManager: Shutting down and abandoning module LocalizationDashboard (188)
[2017.01.29-21.01.10:068][361]LogModuleManager: Shutting down and abandoning module HardwareTargeting (187)
[2017.01.29-21.01.10:068][361]LogModuleManager: Shutting down and abandoning module DeviceProfileEditor (186)
[2017.01.29-21.01.10:068][361]LogModuleManager: Shutting down and abandoning module UndoHistory (185)
[2017.01.29-21.01.10:068][361]LogModuleManager: Shutting down and abandoning module UserFeedback (184)
[2017.01.29-21.01.10:068][361]LogModuleManager: Shutting down and abandoning module XmlParser (183)
[2017.01.29-21.01.10:068][361]LogModuleManager: Shutting down and abandoning module Blutility (182)
[2017.01.29-21.01.10:068][361]LogModuleManager: Shutting down and abandoning module ProjectTargetPlatformEditor (181)
[2017.01.29-21.01.10:069][361]LogModuleManager: Shutting down and abandoning module ProjectSettingsViewer (180)
[2017.01.29-21.01.10:069][361]LogModuleManager: Shutting down and abandoning module EditorSettingsViewer (179)
[2017.01.29-21.01.10:069][361]LogModuleManager: Shutting down and abandoning module SettingsEditor (178)
[2017.01.29-21.01.10:069][361]LogModuleManager: Shutting down and abandoning module ProjectLauncher (177)
[2017.01.29-21.01.10:069][361]LogModuleManager: Shutting down and abandoning module SessionFrontend (176)
[2017.01.29-21.01.10:069][361]LogModuleManager: Shutting down and abandoning module ProfilerClient (175)
[2017.01.29-21.01.10:069][361]LogModuleManager: Shutting down and abandoning module TargetDeviceServices (174)
[2017.01.29-21.01.10:069][361]LogModuleManager: Shutting down and abandoning module DeviceManager (173)
[2017.01.29-21.01.10:111][361]LogModuleManager: Shutting down and abandoning module AutomationController (172)
[2017.01.29-21.01.10:111][361]LogModuleManager: Shutting down and abandoning module AutomationWindow (171)
[2017.01.29-21.01.10:111][361]LogModuleManager: Shutting down and abandoning module Layers (170)
[2017.01.29-21.01.10:111][361]LogModuleManager: Shutting down and abandoning module ComponentVisualizers (169)
[2017.01.29-21.01.10:111][361]LogModuleManager: Shutting down and abandoning module DetailCustomizations (168)
[2017.01.29-21.01.10:111][361]LogModuleManager: Shutting down and abandoning module PackagesDialog (167)
[2017.01.29-21.01.10:111][361]LogModuleManager: Shutting down and abandoning module AnimGraph (166)
[2017.01.29-21.01.10:111][361]LogModuleManager: Shutting down and abandoning module Persona (165)
[2017.01.29-21.01.10:111][361]LogModuleManager: Shutting down and abandoning module Kismet (164)
[2017.01.29-21.01.10:117][361]LogModuleManager: Shutting down and abandoning module GraphEditor (163)
[2017.01.29-21.01.10:117][361]LogModuleManager: Shutting down and abandoning module ClassViewer (162)
[2017.01.29-21.01.10:118][361]LogModuleManager: Shutting down and abandoning module Toolbox (161)
[2017.01.29-21.01.10:118][361]LogModuleManager: Shutting down and abandoning module ModuleUI (160)
[2017.01.29-21.01.10:118][361]LogModuleManager: Shutting down and abandoning module MovieSceneTools (159)
[2017.01.29-21.01.10:118][361]LogModuleManager: Shutting down and abandoning module OutputLog (158)
[2017.01.29-21.01.10:118][361]LogModuleManager: Shutting down and abandoning module GammaUI (157)
[2017.01.29-21.01.10:118][361]LogModuleManager: Shutting down and abandoning module Documentation (156)
[2017.01.29-21.01.10:118][361]LogModuleManager: Shutting down and abandoning module Niagara (155)
[2017.01.29-21.01.10:118][361]LogModuleManager: Shutting down and abandoning module StreamingPauseRendering (154)
[2017.01.29-21.01.10:118][361]LogModuleManager: Shutting down and abandoning module AnalyticsET (153)
[2017.01.29-21.01.10:118][361]LogModuleManager: Shutting down and abandoning module PortalServices (152)
[2017.01.29-21.01.10:118][361]LogModuleManager: Shutting down and abandoning module PortalRpc (151)
[2017.01.29-21.01.10:118][361]LogModuleManager: Shutting down and abandoning module MessagingRpc (150)
[2017.01.29-21.01.10:118][361]LogModuleManager: Shutting down and abandoning module GameplayDebugger (149)
[2017.01.29-21.01.10:118][361]LogModuleManager: Shutting down and abandoning module AITestSuite (148)
[2017.01.29-21.01.10:118][361]LogModuleManager: Shutting down and abandoning module AIModule (147)
[2017.01.29-21.01.10:118][361]LogModuleManager: Shutting down and abandoning module ProfilerService (146)
[2017.01.29-21.01.10:179][361]LogModuleManager: Shutting down and abandoning module TaskGraph (145)
[2017.01.29-21.01.10:179][361]LogModuleManager: Shutting down and abandoning module SlateRemote (144)
[2017.01.29-21.01.10:179][361]LogModuleManager: Shutting down and abandoning module SteamVRController (143)
[2017.01.29-21.01.10:179][361]LogModuleManager: Shutting down and abandoning module SteamVR (142)
[2017.01.29-21.01.10:179][361]LogModuleManager: Shutting down and abandoning module ProceduralMeshComponentEditor (141)
[2017.01.29-21.01.10:179][361]LogModuleManager: Shutting down and abandoning module ProceduralMeshComponent (140)
[2017.01.29-21.01.10:179][361]LogModuleManager: Shutting down and abandoning module OculusLibrary (139)
[2017.01.29-21.01.10:179][361]LogModuleManager: Shutting down and abandoning module OculusInput (138)
[2017.01.29-21.01.10:179][361]LogModuleManager: Shutting down and abandoning module MobilePatchingUtils (137)
[2017.01.29-21.01.10:179][361]LogModuleManager: Shutting down and abandoning module CustomMeshComponent (136)
[2017.01.29-21.01.10:179][361]LogModuleManager: Shutting down and abandoning module CableComponent (135)
[2017.01.29-21.01.10:179][361]LogModuleManager: Shutting down and abandoning module ArchVisCharacter (134)
[2017.01.29-21.01.10:179][361]LogModuleManager: Shutting down and abandoning module MediaPlayerEditor (132)
[2017.01.29-21.01.10:179][361]LogModuleManager: Shutting down and abandoning module HTML5Networking (131)
[2017.01.29-21.01.10:179][361]LogModuleManager: Shutting down and abandoning module GeometryCacheEd (130)
[2017.01.29-21.01.10:179][361]LogModuleManager: Shutting down and abandoning module GeometryCache (129)
[2017.01.29-21.01.10:179][361]LogModuleManager: Shutting down and abandoning module AlembicLibrary (128)
[2017.01.29-21.01.10:179][361]LogModuleManager: Shutting down and abandoning module AlembicImporter (127)
[2017.01.29-21.01.10:179][361]LogModuleManager: Shutting down and abandoning module SuperSearch (126)
[2017.01.29-21.01.10:179][361]LogModuleManager: Shutting down and abandoning module SuperSearchEditor (125)
[2017.01.29-21.01.10:179][361]LogModuleManager: Shutting down and abandoning module SpeedTreeImporter (124)
[2017.01.29-21.01.10:179][361]LogModuleManager: Shutting down and abandoning module PluginBrowser (123)
[2017.01.29-21.01.10:179][361]LogModuleManager: Shutting down and abandoning module MobileLauncherProfileWizard (122)
[2017.01.29-21.01.10:179][361]LogModuleManager: Shutting down and abandoning module EpicSurvey (121)
[2017.01.29-21.01.10:180][361]LogModuleManager: Shutting down and abandoning module DesktopPlatform (120)
[2017.01.29-21.01.10:180][361]LogModuleManager: Shutting down and abandoning module VisualStudioSourceCodeAccess (119)
[2017.01.29-21.01.10:180][361]LogModuleManager: Shutting down and abandoning module UObjectPlugin (118)
[2017.01.29-21.01.10:180][361]LogModuleManager: Shutting down and abandoning module SubversionSourceControl (117)
[2017.01.29-21.01.10:180][361]LogModuleManager: Shutting down and abandoning module PerforceSourceControl (116)
[2017.01.29-21.01.10:180][361]LogModuleManager: Shutting down and abandoning module SourceControl (115)
[2017.01.29-21.01.10:180][361]LogModuleManager: Shutting down and abandoning module GitSourceControl (114)
[2017.01.29-21.01.10:180][361]LogModuleManager: Shutting down and abandoning module LightPropagationVolumeEditor (113)
[2017.01.29-21.01.10:180][361]LogModuleManager: Shutting down and abandoning module PaperTiledImporter (112)
[2017.01.29-21.01.10:180][361]LogModuleManager: Shutting down and abandoning module PaperSpriteSheetImporter (111)
[2017.01.29-21.01.10:180][361]LogModuleManager: Shutting down and abandoning module MeshPaint (110)
[2017.01.29-21.01.10:180][361]LogModuleManager: Shutting down and abandoning module PixelInspectorModule (109)
[2017.01.29-21.01.10:180][361]LogModuleManager: Shutting down and abandoning module HotReload (108)
[2017.01.29-21.01.10:180][361]LogModuleManager: Shutting down and abandoning module MainFrame (107)
[2017.01.29-21.01.10:180][361]LogModuleManager: Shutting down and abandoning module LevelEditor (106)
[2017.01.29-21.01.10:181][361]LogModuleManager: Shutting down and abandoning module ContentBrowser (105)
[2017.01.29-21.01.10:182][361]LogModuleManager: Shutting down and abandoning module Paper2DEditor (104)
[2017.01.29-21.01.10:182][361]LogModuleManager: Shutting down and abandoning module UdpMessaging (103)
[2017.01.29-21.01.10:282][361]LogModuleManager: Shutting down and abandoning module TcpMessaging (102)
[2017.01.29-21.01.10:383][361]LogModuleManager: Shutting down and abandoning module LightPropagationVolumeRuntime (101)
[2017.01.29-21.01.10:383][361]LogModuleManager: Shutting down and abandoning module Paper2D (100)
[2017.01.29-21.01.10:383][361]LogModuleManager: Shutting down and abandoning module WindowsMoviePlayer (99)
[2017.01.29-21.01.10:383][361]LogModuleManager: Shutting down and abandoning module WmfMedia (98)
[2017.01.29-21.01.10:383][361]LogModuleManager: Shutting down and abandoning module MediaAssets (97)
[2017.01.29-21.01.10:383][361]LogModuleManager: Shutting down and abandoning module GameLiveStreaming (96)
[2017.01.29-21.01.10:383][361]LogModuleManager: Shutting down and abandoning module GameplayTagsEditor (95)
[2017.01.29-21.01.10:383][361]LogModuleManager: Shutting down and abandoning module VREditor (94)
[2017.01.29-21.01.10:383][361]LogModuleManager: Shutting down and abandoning module GameplayTasksEditor (93)
[2017.01.29-21.01.10:383][361]LogModuleManager: Shutting down and abandoning module BehaviorTreeEditor (92)
[2017.01.29-21.01.10:383][361]LogModuleManager: Shutting down and abandoning module FunctionalTesting (91)
[2017.01.29-21.01.10:383][361]LogModuleManager: Shutting down and abandoning module CollisionAnalyzer (90)
[2017.01.29-21.01.10:383][361]LogModuleManager: Shutting down and abandoning module Sequencer (89)
[2017.01.29-21.01.10:383][361]LogModuleManager: Shutting down and abandoning module WorkspaceMenuStructure (88)
[2017.01.29-21.01.10:383][361]LogModuleManager: Shutting down and abandoning module MessageLog (87)
[2017.01.29-21.01.10:383][361]LogModuleManager: Shutting down and abandoning module AssetTools (86)
[2017.01.29-21.01.10:383][361]LogModuleManager: Shutting down and abandoning module UMGEditor (85)
[2017.01.29-21.01.10:384][361]LogModuleManager: Shutting down and abandoning module UMG (84)
[2017.01.29-21.01.10:384][361]LogModuleManager: Shutting down and abandoning module SlateReflector (83)
[2017.01.29-21.01.10:384][361]LogModuleManager: Shutting down and abandoning module Slate (82)
[2017.01.29-21.01.10:384][361]LogModuleManager: Shutting down and abandoning module EditorStyle (81)
[2017.01.29-21.01.10:385][361]LogModuleManager: Shutting down and abandoning module SourceCodeAccess (80)
[2017.01.29-21.01.10:385][361]LogModuleManager: Shutting down and abandoning module HeadMountedDisplay (79)
[2017.01.29-21.01.10:385][361]LogModuleManager: Shutting down and abandoning module XAudio2 (78)
[2017.01.29-21.01.10:385][361]LogModuleManager: Shutting down and abandoning module Networking (76)
[2017.01.29-21.01.10:385][361]LogModuleManager: Shutting down and abandoning module Core (75)
[2017.01.29-21.01.10:385][361]LogModuleManager: Shutting down and abandoning module DirectoryWatcher (74)
[2017.01.29-21.01.10:385][361]LogDirectoryWatcher: A directory notification for '../../../Engine/Content/' was aborted.
[2017.01.29-21.01.10:385][361]LogDirectoryWatcher: A directory notification for '../../../../../../../Development/gameDevelopment/SaintCactus/PrimordialSoup/Content/' was aborted.
[2017.01.29-21.01.10:385][361]LogDirectoryWatcher: A directory notification for '../../../Engine/Plugins/2D/Paper2D/Content/' was aborted.
[2017.01.29-21.01.10:386][361]LogModuleManager: Shutting down and abandoning module AssetRegistry (73)
[2017.01.29-21.01.10:587][361]LogModuleManager: Shutting down and abandoning module KismetCompiler (72)
[2017.01.29-21.01.10:587][361]LogModuleManager: Shutting down and abandoning module PhysXFormats (71)
[2017.01.29-21.01.10:587][361]LogModuleManager: Shutting down and abandoning module SimplygonSwarm (70)
[2017.01.29-21.01.10:587][361]LogModuleManager: Shutting down and abandoning module SimplygonMeshReduction (69)
[2017.01.29-21.01.10:587][361]LogModuleManager: Shutting down and abandoning module QuadricMeshReduction (68)
[2017.01.29-21.01.10:587][361]LogModuleManager: Shutting down and abandoning module PropertyEditor (67)
[2017.01.29-21.01.10:587][361]LogModuleManager: Shutting down and abandoning module MeshUtilities (66)
[2017.01.29-21.01.10:587][361]LogModuleManager: Shutting down and abandoning module DerivedDataCache (65)
[2017.01.29-21.01.10:597][361]LogDerivedDataCache: Shutdown
[2017.01.29-21.01.10:597][361]LogModuleManager: Shutting down and abandoning module VulkanShaderFormat (64)
[2017.01.29-21.01.10:597][361]LogModuleManager: Shutting down and abandoning module ShaderFormatOpenGL (63)
[2017.01.29-21.01.10:597][361]LogModuleManager: Shutting down and abandoning module ShaderFormatD3D (62)
[2017.01.29-21.01.10:597][361]LogModuleManager: Shutting down and abandoning module MetalShaderFormat (61)
[2017.01.29-21.01.10:597][361]LogModuleManager: Shutting down and abandoning module TextureFormatUncompressed (60)
[2017.01.29-21.01.10:597][361]LogModuleManager: Shutting down and abandoning module TextureFormatPVR (59)
[2017.01.29-21.01.10:597][361]LogModuleManager: Shutting down and abandoning module TextureFormatDXT (58)
[2017.01.29-21.01.10:597][361]LogModuleManager: Shutting down and abandoning module TextureFormatIntelISPCTexComp (57)
[2017.01.29-21.01.10:597][361]LogModuleManager: Shutting down and abandoning module ImageWrapper (56)
[2017.01.29-21.01.10:597][361]LogModuleManager: Shutting down and abandoning module TextureFormatASTC (55)
[2017.01.29-21.01.10:597][361]LogModuleManager: Shutting down and abandoning module TextureFormatAndroid (54)
[2017.01.29-21.01.10:597][361]LogModuleManager: Shutting down and abandoning module AudioFormatOpus (53)
[2017.01.29-21.01.10:597][361]LogModuleManager: Shutting down and abandoning module AudioFormatOgg (52)
[2017.01.29-21.01.10:597][361]LogModuleManager: Shutting down and abandoning module AudioFormatADPCM (51)
[2017.01.29-21.01.10:597][361]LogModuleManager: Shutting down and abandoning module LinuxTargetPlatform (50)
[2017.01.29-21.01.10:597][361]LogModuleManager: Shutting down and abandoning module LinuxServerTargetPlatform (49)
[2017.01.29-21.01.10:597][361]LogModuleManager: Shutting down and abandoning module LinuxNoEditorTargetPlatform (48)
[2017.01.29-21.01.10:597][361]LogModuleManager: Shutting down and abandoning module LinuxClientTargetPlatform (47)
[2017.01.29-21.01.10:597][361]LogModuleManager: Shutting down and abandoning module TVOSTargetPlatform (46)
[2017.01.29-21.01.10:597][361]LogModuleManager: Shutting down and abandoning module Messaging (45)
[2017.01.29-21.01.10:597][361]LogModuleManager: Shutting down and abandoning module IOSTargetPlatform (44)
[2017.01.29-21.01.10:597][361]LogModuleManager: Shutting down and abandoning module HTML5TargetPlatform (43)
[2017.01.29-21.01.10:597][361]LogModuleManager: Shutting down and abandoning module Android_PVRTCTargetPlatform (42)
[2017.01.29-21.01.10:597][361]LogModuleManager: Shutting down and abandoning module Android_MultiTargetPlatform (41)
[2017.01.29-21.01.10:597][361]LogModuleManager: Shutting down and abandoning module Android_ETC2TargetPlatform (40)
[2017.01.29-21.01.10:597][361]LogModuleManager: Shutting down and abandoning module Android_ETC1TargetPlatform (39)
[2017.01.29-21.01.10:597][361]LogModuleManager: Shutting down and abandoning module Android_DXTTargetPlatform (38)
[2017.01.29-21.01.10:597][361]LogModuleManager: Shutting down and abandoning module Android_ATCTargetPlatform (37)
[2017.01.29-21.01.10:597][361]LogModuleManager: Shutting down and abandoning module Android_ASTCTargetPlatform (36)
[2017.01.29-21.01.10:597][361]LogModuleManager: Shutting down and abandoning module AndroidTargetPlatform (35)
[2017.01.29-21.01.10:597][361]LogModuleManager: Shutting down and abandoning module WindowsTargetPlatform (34)
[2017.01.29-21.01.10:597][361]LogModuleManager: Shutting down and abandoning module WindowsServerTargetPlatform (33)
[2017.01.29-21.01.10:597][361]LogModuleManager: Shutting down and abandoning module WindowsNoEditorTargetPlatform (32)
[2017.01.29-21.01.10:597][361]LogModuleManager: Shutting down and abandoning module WindowsClientTargetPlatform (31)
[2017.01.29-21.01.10:597][361]LogModuleManager: Shutting down and abandoning module MacTargetPlatform (30)
[2017.01.29-21.01.10:597][361]LogModuleManager: Shutting down and abandoning module MacServerTargetPlatform (29)
[2017.01.29-21.01.10:597][361]LogModuleManager: Shutting down and abandoning module MacNoEditorTargetPlatform (28)
[2017.01.29-21.01.10:597][361]LogModuleManager: Shutting down and abandoning module MacClientTargetPlatform (27)
[2017.01.29-21.01.10:597][361]LogModuleManager: Shutting down and abandoning module AllDesktopTargetPlatform (26)
[2017.01.29-21.01.10:597][361]LogModuleManager: Shutting down and abandoning module TargetPlatform (25)
[2017.01.29-21.01.10:597][361]LogModuleManager: Shutting down and abandoning module InputCore (24)
[2017.01.29-21.01.10:597][361]LogModuleManager: Shutting down and abandoning module Settings (23)
[2017.01.29-21.01.10:597][361]LogModuleManager: Shutting down and abandoning module OculusRift (22)
[2017.01.29-21.01.10:597][361]LogModuleManager: Shutting down and abandoning module ExampleDeviceProfileSelector (21)
[2017.01.29-21.01.10:597][361]LogModuleManager: Shutting down and abandoning module OnlineBlueprintSupport (20)
[2017.01.29-21.01.10:597][361]LogModuleManager: Shutting down and abandoning module OnlineSubsystem (18)
[2017.01.29-21.01.10:597][361]LogOnline:Display: Unloading online subsystem: NULL
[2017.01.29-21.01.10:597][361]LogModuleManager: Shutting down and abandoning module SSL (17)
[2017.01.29-21.01.10:599][361]LogModuleManager: Shutting down and abandoning module HTTP (16)
[2017.01.29-21.01.10:599][361]LogModuleManager: Shutting down and abandoning module XMPP (15)
[2017.01.29-21.01.10:599][361]LogModuleManager: Shutting down and abandoning module TextureCompressor (14)
[2017.01.29-21.01.10:599][361]LogModuleManager: Shutting down and abandoning module ShaderCore (13)
[2017.01.29-21.01.10:599][361]LogModuleManager: Shutting down and abandoning module Landscape (12)
[2017.01.29-21.01.10:599][361]LogModuleManager: Shutting down and abandoning module SlateRHIRenderer (11)
[2017.01.29-21.01.10:601][361]LogModuleManager: Shutting down and abandoning module OpenGLDrv (10)
[2017.01.29-21.01.10:601][361]LogModuleManager: Shutting down and abandoning module D3D11RHI (9)
[2017.01.29-21.01.10:601][361]LogModuleManager: Shutting down and abandoning module AnimGraphRuntime (8)
[2017.01.29-21.01.10:601][361]LogModuleManager: Shutting down and abandoning module Renderer (7)
[2017.01.29-21.01.10:601][361]LogModuleManager: Shutting down and abandoning module Engine (6)
[2017.01.29-21.01.10:601][361]LogModuleManager: Shutting down and abandoning module CoreUObject (5)
[2017.01.29-21.01.10:601][361]LogModuleManager: Shutting down and abandoning module NetworkFile (4)
[2017.01.29-21.01.10:601][361]LogModuleManager: Shutting down and abandoning module StreamingFile (3)
[2017.01.29-21.01.10:601][361]LogModuleManager: Shutting down and abandoning module SandboxFile (2)
[2017.01.29-21.01.10:601][361]LogModuleManager: Shutting down and abandoning module PakFile (1)
[2017.01.29-21.01.10:603][361]LogExit: Exiting.
[2017.01.29-21.01.10:605][361]Log file closed, 01/30/17 00:01:10
