Log file open, 02/02/17 19:50:36
LogInit:Display: Running engine for game: PrimordialSoup
LogPlatformFile: Not using cached read wrapper
LogInit:Display: RandInit(-2094757081) SRandInit(-2094757081).
LogTaskGraph: Started task graph with 5 named threads and 6 total threads with 1 sets of task threads.
LogStats: Stats thread started at 1.550633
LogPluginManager: Loaded Plugin Paper2D, From C:/Program Files/Epic Games/UE_4.14/Engine/Plugins/2D/Paper2D/Paper2D.uplugin
LogPluginManager: Loaded Plugin LightPropagationVolume, From C:/Program Files/Epic Games/UE_4.14/Engine/Plugins/Blendables/LightPropagationVolume/LightPropagationVolume.uplugin
LogPluginManager: Loaded Plugin BlankPlugin, From C:/Program Files/Epic Games/UE_4.14/Engine/Plugins/Developer/BlankPlugin/BlankPlugin.uplugin
LogPluginManager: Loaded Plugin CodeLiteSourceCodeAccess, From C:/Program Files/Epic Games/UE_4.14/Engine/Plugins/Developer/CodeLiteSourceCodeAccess/CodeLiteSourceCodeAccess.uplugin
LogPluginManager: Loaded Plugin GitSourceControl, From C:/Program Files/Epic Games/UE_4.14/Engine/Plugins/Developer/GitSourceControl/GitSourceControl.uplugin
LogPluginManager: Loaded Plugin KDevelopSourceCodeAccess, From C:/Program Files/Epic Games/UE_4.14/Engine/Plugins/Developer/KDevelopSourceCodeAccess/KDevelopSourceCodeAccess.uplugin
LogPluginManager: Loaded Plugin NullSourceCodeAccess, From C:/Program Files/Epic Games/UE_4.14/Engine/Plugins/Developer/NullSourceCodeAccess/NullSourceCodeAccess.uplugin
LogPluginManager: Loaded Plugin OneSkyLocalizationService, From C:/Program Files/Epic Games/UE_4.14/Engine/Plugins/Developer/OneSkyLocalizationService/OneSkyLocalizationService.uplugin
LogPluginManager: Loaded Plugin PerforceSourceControl, From C:/Program Files/Epic Games/UE_4.14/Engine/Plugins/Developer/PerforceSourceControl/PerforceSourceControl.uplugin
LogPluginManager: Loaded Plugin SubversionSourceControl, From C:/Program Files/Epic Games/UE_4.14/Engine/Plugins/Developer/SubversionSourceControl/SubversionSourceControl.uplugin
LogPluginManager: Loaded Plugin UObjectPlugin, From C:/Program Files/Epic Games/UE_4.14/Engine/Plugins/Developer/UObjectPlugin/UObjectPlugin.uplugin
LogPluginManager: Loaded Plugin VisualStudioSourceCodeAccess, From C:/Program Files/Epic Games/UE_4.14/Engine/Plugins/Developer/VisualStudioSourceCodeAccess/VisualStudioSourceCodeAccess.uplugin
LogPluginManager: Loaded Plugin XCodeSourceCodeAccess, From C:/Program Files/Epic Games/UE_4.14/Engine/Plugins/Developer/XCodeSourceCodeAccess/XCodeSourceCodeAccess.uplugin
LogPluginManager: Loaded Plugin AudioCapture, From C:/Program Files/Epic Games/UE_4.14/Engine/Plugins/Editor/AudioCapture/AudioCapture.uplugin
LogPluginManager: Loaded Plugin EpicSurvey, From C:/Program Files/Epic Games/UE_4.14/Engine/Plugins/Editor/EpicSurvey/EpicSurvey.uplugin
LogPluginManager: Loaded Plugin MacGraphicsSwitching, From C:/Program Files/Epic Games/UE_4.14/Engine/Plugins/Editor/MacGraphicsSwitching/MacGraphicsSwitching.uplugin
LogPluginManager: Loaded Plugin MobileLauncherProfileWizard, From C:/Program Files/Epic Games/UE_4.14/Engine/Plugins/Editor/MobileLauncherProfileWizard/MobileLauncherProfileWizard.uplugin
LogPluginManager: Loaded Plugin PluginBrowser, From C:/Program Files/Epic Games/UE_4.14/Engine/Plugins/Editor/PluginBrowser/PluginBrowser.uplugin
LogPluginManager: Loaded Plugin SpeedTreeImporter, From C:/Program Files/Epic Games/UE_4.14/Engine/Plugins/Editor/SpeedTreeImporter/SpeedTreeImporter.uplugin
LogPluginManager: Loaded Plugin SuperSearchEditor, From C:/Program Files/Epic Games/UE_4.14/Engine/Plugins/Editor/SuperSearchEditor/SuperSearchEditor.uplugin
LogPluginManager: Loaded Plugin AlembicImporter, From C:/Program Files/Epic Games/UE_4.14/Engine/Plugins/Experimental/AlembicImporter/AlembicImporter.uplugin
LogPluginManager: Loaded Plugin BlueprintStats, From C:/Program Files/Epic Games/UE_4.14/Engine/Plugins/Experimental/BlueprintStats/BlueprintStats.uplugin
LogPluginManager: Loaded Plugin CharacterAI, From C:/Program Files/Epic Games/UE_4.14/Engine/Plugins/Experimental/CharacterAI/CharacterAI.uplugin
LogPluginManager: Loaded Plugin CodeEditor, From C:/Program Files/Epic Games/UE_4.14/Engine/Plugins/Experimental/CodeEditor/CodeEditor.uplugin
LogPluginManager: Loaded Plugin CodeView, From C:/Program Files/Epic Games/UE_4.14/Engine/Plugins/Experimental/CodeView/CodeView.uplugin
LogPluginManager: Loaded Plugin HTML5Networking, From C:/Program Files/Epic Games/UE_4.14/Engine/Plugins/Experimental/HTML5Networking/HTML5Networking.uplugin
LogPluginManager: Loaded Plugin OSVR, From C:/Program Files/Epic Games/UE_4.14/Engine/Plugins/Experimental/OSVR/OSVR.uplugin
LogPluginManager: Loaded Plugin Phya, From C:/Program Files/Epic Games/UE_4.14/Engine/Plugins/Experimental/Phya/Phya.uplugin
LogPluginManager: Loaded Plugin SignificanceManager, From C:/Program Files/Epic Games/UE_4.14/Engine/Plugins/Experimental/SignificanceManager/SignificanceManager.uplugin
LogPluginManager: Loaded Plugin SimpleHMD, From C:/Program Files/Epic Games/UE_4.14/Engine/Plugins/Experimental/SimpleHMD/SimpleHMD.uplugin
LogPluginManager: Loaded Plugin StereoPanorama, From C:/Program Files/Epic Games/UE_4.14/Engine/Plugins/Experimental/StereoPanorama/StereoPanorama.uplugin
LogPluginManager: Loaded Plugin StructBox, From C:/Program Files/Epic Games/UE_4.14/Engine/Plugins/Experimental/StructBox/StructBox.uplugin
LogPluginManager: Loaded Plugin AndroidMedia, From C:/Program Files/Epic Games/UE_4.14/Engine/Plugins/Media/AndroidMedia/AndroidMedia.uplugin
LogPluginManager: Loaded Plugin AvfMedia, From C:/Program Files/Epic Games/UE_4.14/Engine/Plugins/Media/AvfMedia/AvfMedia.uplugin
LogPluginManager: Loaded Plugin MediaPlayerEditor, From C:/Program Files/Epic Games/UE_4.14/Engine/Plugins/Media/MediaPlayerEditor/MediaPlayerEditor.uplugin
LogPluginManager: Loaded Plugin WmfMedia, From C:/Program Files/Epic Games/UE_4.14/Engine/Plugins/Media/WmfMedia/WmfMedia.uplugin
LogPluginManager: Loaded Plugin MessagingDebugger, From C:/Program Files/Epic Games/UE_4.14/Engine/Plugins/Messaging/MessagingDebugger/MessagingDebugger.uplugin
LogPluginManager: Loaded Plugin TcpMessaging, From C:/Program Files/Epic Games/UE_4.14/Engine/Plugins/Messaging/TcpMessaging/TcpMessaging.uplugin
LogPluginManager: Loaded Plugin UdpMessaging, From C:/Program Files/Epic Games/UE_4.14/Engine/Plugins/Messaging/UdpMessaging/UdpMessaging.uplugin
LogPluginManager: Loaded Plugin LevelSequenceEditor, From C:/Program Files/Epic Games/UE_4.14/Engine/Plugins/MovieScene/LevelSequenceEditor/LevelSequenceEditor.uplugin
LogPluginManager: Loaded Plugin MatineeToLevelSequence, From C:/Program Files/Epic Games/UE_4.14/Engine/Plugins/MovieScene/MatineeToLevelSequence/MatineeToLevelSequence.uplugin
LogPluginManager: Loaded Plugin NetcodeUnitTest, From C:/Program Files/Epic Games/UE_4.14/Engine/Plugins/NetcodeUnitTest/NetcodeUnitTest/NetcodeUnitTest.uplugin
LogPluginManager: Loaded Plugin NUTUnrealEngine4, From C:/Program Files/Epic Games/UE_4.14/Engine/Plugins/NetcodeUnitTest/NUTUnrealEngine4/NUTUnrealEngine4.uplugin
LogPluginManager: Loaded Plugin OnlineSubsystemGameCircle, From C:/Program Files/Epic Games/UE_4.14/Engine/Plugins/Online/Android/OnlineSubsystemGameCircle/OnlineSubsystemGameCircle.uplugin
LogPluginManager: Loaded Plugin OnlineSubsystemGooglePlay, From C:/Program Files/Epic Games/UE_4.14/Engine/Plugins/Online/Android/OnlineSubsystemGooglePlay/OnlineSubsystemGooglePlay.uplugin
LogPluginManager: Loaded Plugin OnlineSubsystemIOS, From C:/Program Files/Epic Games/UE_4.14/Engine/Plugins/Online/IOS/OnlineSubsystemIOS/OnlineSubsystemIOS.uplugin
LogPluginManager: Loaded Plugin OnlineFramework, From C:/Program Files/Epic Games/UE_4.14/Engine/Plugins/Online/OnlineFramework/OnlineFramework.uplugin
LogPluginManager: Loaded Plugin OnlineSubsystem, From C:/Program Files/Epic Games/UE_4.14/Engine/Plugins/Online/OnlineSubsystem/OnlineSubsystem.uplugin
LogPluginManager: Loaded Plugin OnlineSubsystemAmazon, From C:/Program Files/Epic Games/UE_4.14/Engine/Plugins/Online/OnlineSubsystemAmazon/OnlineSubsystemAmazon.uplugin
LogPluginManager: Loaded Plugin OnlineSubsystemFacebook, From C:/Program Files/Epic Games/UE_4.14/Engine/Plugins/Online/OnlineSubsystemFacebook/OnlineSubsystemFacebook.uplugin
LogPluginManager: Loaded Plugin OnlineSubsystemNull, From C:/Program Files/Epic Games/UE_4.14/Engine/Plugins/Online/OnlineSubsystemNull/OnlineSubsystemNull.uplugin
LogPluginManager: Loaded Plugin OnlineSubsystemOculus, From C:/Program Files/Epic Games/UE_4.14/Engine/Plugins/Online/OnlineSubsystemOculus/OnlineSubsystemOculus.uplugin
LogPluginManager: Loaded Plugin OnlineSubsystemSteam, From C:/Program Files/Epic Games/UE_4.14/Engine/Plugins/Online/OnlineSubsystemSteam/OnlineSubsystemSteam.uplugin
LogPluginManager: Loaded Plugin OnlineSubsystemUtils, From C:/Program Files/Epic Games/UE_4.14/Engine/Plugins/Online/OnlineSubsystemUtils/OnlineSubsystemUtils.uplugin
LogPluginManager: Loaded Plugin IOSTapJoy, From C:/Program Files/Epic Games/UE_4.14/Engine/Plugins/Runtime/Advertising/IOSTapJoy/IOSTapJoy.uplugin
LogPluginManager: Loaded Plugin AnalyticsBlueprintLibrary, From C:/Program Files/Epic Games/UE_4.14/Engine/Plugins/Runtime/Analytics/AnalyticsBlueprintLibrary/AnalyticsBlueprintLibrary.uplugin
LogPluginManager: Loaded Plugin AnalyticsMulticast, From C:/Program Files/Epic Games/UE_4.14/Engine/Plugins/Runtime/Analytics/AnalyticsMulticast/AnalyticsMulticast.uplugin
LogPluginManager: Loaded Plugin Apsalar, From C:/Program Files/Epic Games/UE_4.14/Engine/Plugins/Runtime/Analytics/Apsalar/Apsalar.uplugin
LogPluginManager: Loaded Plugin FileLogging, From C:/Program Files/Epic Games/UE_4.14/Engine/Plugins/Runtime/Analytics/FileLogging/FileLogging.uplugin
LogPluginManager: Loaded Plugin Flurry, From C:/Program Files/Epic Games/UE_4.14/Engine/Plugins/Runtime/Analytics/Flurry/Flurry.uplugin
LogPluginManager: Loaded Plugin AndroidDeviceProfileSelector, From C:/Program Files/Epic Games/UE_4.14/Engine/Plugins/Runtime/AndroidDeviceProfileSelector/AndroidDeviceProfileSelector.uplugin
LogPluginManager: Loaded Plugin AndroidMoviePlayer, From C:/Program Files/Epic Games/UE_4.14/Engine/Plugins/Runtime/AndroidMoviePlayer/AndroidMoviePlayer.uplugin
LogPluginManager: Loaded Plugin AppleMoviePlayer, From C:/Program Files/Epic Games/UE_4.14/Engine/Plugins/Runtime/AppleMoviePlayer/AppleMoviePlayer.uplugin
LogPluginManager: Loaded Plugin ArchVisCharacter, From C:/Program Files/Epic Games/UE_4.14/Engine/Plugins/Runtime/ArchVisCharacter/ArchVisCharacter.uplugin
LogPluginManager: Loaded Plugin CableComponent, From C:/Program Files/Epic Games/UE_4.14/Engine/Plugins/Runtime/CableComponent/CableComponent.uplugin
LogPluginManager: Loaded Plugin CustomMeshComponent, From C:/Program Files/Epic Games/UE_4.14/Engine/Plugins/Runtime/CustomMeshComponent/CustomMeshComponent.uplugin
LogPluginManager: Loaded Plugin ExampleDeviceProfileSelector, From C:/Program Files/Epic Games/UE_4.14/Engine/Plugins/Runtime/ExampleDeviceProfileSelector/ExampleDeviceProfileSelector.uplugin
LogPluginManager: Loaded Plugin GearVR, From C:/Program Files/Epic Games/UE_4.14/Engine/Plugins/Runtime/GearVR/GearVR.uplugin
LogPluginManager: Loaded Plugin GoogleVRController, From C:/Program Files/Epic Games/UE_4.14/Engine/Plugins/Runtime/GoogleVR/GoogleVRController/GoogleVRController.uplugin
LogPluginManager: Loaded Plugin GoogleVRHMD, From C:/Program Files/Epic Games/UE_4.14/Engine/Plugins/Runtime/GoogleVR/GoogleVRHMD/GoogleVRHMD.uplugin
LogPluginManager: Loaded Plugin IOSDeviceProfileSelector, From C:/Program Files/Epic Games/UE_4.14/Engine/Plugins/Runtime/IOSDeviceProfileSelector/IOSDeviceProfileSelector.uplugin
LogPluginManager: Loaded Plugin LeapMotion, From C:/Program Files/Epic Games/UE_4.14/Engine/Plugins/Runtime/LeapMotion/LeapMotion.uplugin
LogPluginManager: Loaded Plugin LinuxDeviceProfileSelector, From C:/Program Files/Epic Games/UE_4.14/Engine/Plugins/Runtime/LinuxDeviceProfileSelector/LinuxDeviceProfileSelector.uplugin
LogPluginManager: Loaded Plugin MIDIDevice, From C:/Program Files/Epic Games/UE_4.14/Engine/Plugins/Runtime/MIDIDevice/MIDIDevice.uplugin
LogPluginManager: Loaded Plugin MobilePatchingUtils, From C:/Program Files/Epic Games/UE_4.14/Engine/Plugins/Runtime/MobilePatchingUtils/MobilePatchingUtils.uplugin
LogPluginManager: Loaded Plugin Ansel, From C:/Program Files/Epic Games/UE_4.14/Engine/Plugins/Runtime/Nvidia/Ansel/Ansel.uplugin
LogPluginManager: Loaded Plugin OculusAudio, From C:/Program Files/Epic Games/UE_4.14/Engine/Plugins/Runtime/OculusAudio/OculusAudio.uplugin
LogPluginManager: Loaded Plugin OculusInput, From C:/Program Files/Epic Games/UE_4.14/Engine/Plugins/Runtime/OculusInput/OculusInput.uplugin
LogPluginManager: Loaded Plugin OculusLibrary, From C:/Program Files/Epic Games/UE_4.14/Engine/Plugins/Runtime/OculusLibrary/OculusLibrary.uplugin
LogPluginManager: Loaded Plugin OculusRift, From C:/Program Files/Epic Games/UE_4.14/Engine/Plugins/Runtime/OculusRift/OculusRift.uplugin
LogPluginManager: Loaded Plugin Oodle, From C:/Program Files/Epic Games/UE_4.14/Engine/Plugins/Runtime/PacketHandlers/CompressionComponents/Oodle/Oodle.uplugin
LogPluginManager: Loaded Plugin ProceduralMeshComponent, From C:/Program Files/Epic Games/UE_4.14/Engine/Plugins/Runtime/ProceduralMeshComponent/ProceduralMeshComponent.uplugin
LogPluginManager: Loaded Plugin SoundMod, From C:/Program Files/Epic Games/UE_4.14/Engine/Plugins/Runtime/SoundMod/SoundMod.uplugin
LogPluginManager: Loaded Plugin SoundVisualizations, From C:/Program Files/Epic Games/UE_4.14/Engine/Plugins/Runtime/SoundVisualizations/SoundVisualizations.uplugin
LogPluginManager: Loaded Plugin SteamController, From C:/Program Files/Epic Games/UE_4.14/Engine/Plugins/Runtime/Steam/SteamController/SteamController.uplugin
LogPluginManager: Loaded Plugin SteamVR, From C:/Program Files/Epic Games/UE_4.14/Engine/Plugins/Runtime/Steam/SteamVR/SteamVR.uplugin
LogPluginManager: Loaded Plugin WebBrowserWidget, From C:/Program Files/Epic Games/UE_4.14/Engine/Plugins/Runtime/WebBrowserWidget/WebBrowserWidget.uplugin
LogPluginManager: Loaded Plugin WindowsDeviceProfileSelector, From C:/Program Files/Epic Games/UE_4.14/Engine/Plugins/Runtime/WindowsDeviceProfileSelector/WindowsDeviceProfileSelector.uplugin
LogPluginManager: Loaded Plugin WindowsMoviePlayer, From C:/Program Files/Epic Games/UE_4.14/Engine/Plugins/Runtime/WindowsMoviePlayer/WindowsMoviePlayer.uplugin
LogPluginManager: Loaded Plugin ScriptPlugin, From C:/Program Files/Epic Games/UE_4.14/Engine/Plugins/ScriptPlugin/ScriptPlugin.uplugin
LogPluginManager: Loaded Plugin SlateRemote, From C:/Program Files/Epic Games/UE_4.14/Engine/Plugins/Slate/SlateRemote/SlateRemote.uplugin
LogPluginManager: Loaded Plugin EditorTests, From C:/Program Files/Epic Games/UE_4.14/Engine/Plugins/Tests/EditorTests/EditorTests.uplugin
LogPluginManager: Loaded Plugin FbxAutomationTestBuilder, From C:/Program Files/Epic Games/UE_4.14/Engine/Plugins/Tests/FbxAutomationTestBuilder/FbxAutomationTestBuilder.uplugin
LogPluginManager: Loaded Plugin FunctionalTestingEditor, From C:/Program Files/Epic Games/UE_4.14/Engine/Plugins/Tests/FunctionalTestingEditor/FunctionalTestingEditor.uplugin
LogPluginManager: Loaded Plugin RuntimeTests, From C:/Program Files/Epic Games/UE_4.14/Engine/Plugins/Tests/RuntimeTests/RuntimeTests.uplugin
LogPluginManager: Loaded Plugin ScreenshotTools, From C:/Program Files/Epic Games/UE_4.14/Engine/Plugins/Tests/ScreenshotTools/ScreenshotTools.uplugin
LogInit: Using libcurl 7.47.1
LogInit:  - built for x86_64-pc-win32
LogInit:  - supports SSL with OpenSSL/1.0.2g
LogInit:  - supports HTTP deflate (compression) using libz 1.2.8
LogInit:  - other features:
LogInit:      CURL_VERSION_SSL
LogInit:      CURL_VERSION_LIBZ
LogInit:      CURL_VERSION_IPV6
LogInit:      CURL_VERSION_ASYNCHDNS
LogInit:      CURL_VERSION_LARGEFILE
LogInit:      CURL_VERSION_IDN
LogInit:  CurlRequestOptions (configurable via config and command line):
LogInit:  - bVerifyPeer = false  - Libcurl will NOT verify peer certificate
LogInit:  - bUseHttpProxy = false  - Libcurl will NOT use HTTP proxy
LogInit:  - bDontReuseConnections = false  - Libcurl will reuse connections
LogInit:  - CertBundlePath = nullptr  - Libcurl will use whatever was configured at build time.
LogInit: Build: ++UE4+Release-4.14-CL-3249277
LogInit: Engine Version: 4.14.3-3249277+++UE4+Release-4.14
LogInit: Compatible Engine Version: 4.14.0-3195953+++UE4+Release-4.14
LogInit: Net CL: 3195953
LogDevObjectVersion: Number of dev versions registered: 13
LogDevObjectVersion:   Dev-Blueprints (B0D832E4-1F89-4F0D-ACCF-7EB736FD4AA2): 7
LogDevObjectVersion:   Dev-Build (E1C64328-A22C-4D53-A36C-8E866417BD8C): 0
LogDevObjectVersion:   Dev-Core (375EC13C-06E4-48FB-B500-84F0262A717E): 1
LogDevObjectVersion:   Dev-Editor (E4B068ED-F494-42E9-A231-DA0B2E46BB41): 8
LogDevObjectVersion:   Dev-Framework (CFFC743F-43B0-4480-9391-14DF171D2073): 17
LogDevObjectVersion:   Dev-Mobile (B02B49B5-BB20-44E9-A304-32B752E40360): 0
LogDevObjectVersion:   Dev-Networking (A4E4105C-59A1-49B5-A7C5-40C4547EDFEE): 0
LogDevObjectVersion:   Dev-Online (39C831C9-5AE6-47DC-9A44-9C173E1C8E7C): 0
LogDevObjectVersion:   Dev-Physics (78F01B33-EBEA-4F98-B9B4-84EACCB95AA2): 0
LogDevObjectVersion:   Dev-Platform (6631380F-2D4D-43E0-8009-CF276956A95A): 0
LogDevObjectVersion:   Dev-Rendering (12F88B9F-8875-4AFC-A67C-D90C383ABD29): 12
LogDevObjectVersion:   Dev-Sequencer (7B5AE74C-D270-4C10-A958-57980B212A5A): 1
LogDevObjectVersion:   Dev-VR (D7296918-1DD6-4BDD-9DE2-64A83CC13884): 0
LogInit: Compiled (64-bit): Jan  6 2017 10:49:43
LogInit: Compiled with Visual C++: 19.00.23026.00
LogInit: Build Configuration: Development
LogInit: Branch Name: ++UE4+Release-4.14
LogInit: Command line:  
LogInit: Base directory: C:/Program Files/Epic Games/UE_4.14/Engine/Binaries/Win64/
LogInit: Installed Engine Build: 1
LogInit: Presizing for max 8388607 objects, including 0 objects not considered by GC, pre-allocating 0 bytes for permanent pool.
LogInit: Object subsystem initialized
[2017.02.02-16.50.37:212][  0]LogInit: Selected Device Profile: [Windows]
[2017.02.02-16.50.37:212][  0]LogInit: Applying CVar settings loaded from the selected device profile: [Windows]
[2017.02.02-16.50.37:276][  0]LogInit: Computer: SAINTLOUIS-PC
[2017.02.02-16.50.37:276][  0]LogInit: User: saintlouis
[2017.02.02-16.50.37:276][  0]LogInit: CPU Page size=65536, Cores=2
[2017.02.02-16.50.37:276][  0]LogInit: High frequency timer resolution =3.318387 MHz
[2017.02.02-16.50.37:276][  0]LogMemory: Memory total: Physical=7.9GB (8GB approx)
[2017.02.02-16.50.37:276][  0]LogMemory: Platform Memory Stats for Windows
[2017.02.02-16.50.37:276][  0]LogMemory: Process Physical Memory: 263.74 MB used, 263.74 MB peak
[2017.02.02-16.50.37:276][  0]LogMemory: Process Virtual Memory: 262.32 MB used, 262.32 MB peak
[2017.02.02-16.50.37:276][  0]LogMemory: Physical Memory: 3048.11 MB used,  5081.57 MB free, 8129.68 MB total
[2017.02.02-16.50.37:276][  0]LogMemory: Virtual Memory: 674.35 MB used,  5081.57 MB free, 134217728.00 MB total
[2017.02.02-16.50.37:948][  0]LogTextLocalizationManager: No translations for ('ru-RU') exist, falling back to 'en' for localization and internationalization data.
[2017.02.02-16.50.41:473][  0]LogD3D11RHI: D3D11 adapters:
[2017.02.02-16.50.41:534][  0]LogD3D11RHI:    0. 'NVIDIA GeForce GTX 770' (Feature Level 11_0)
[2017.02.02-16.50.41:534][  0]LogD3D11RHI:       2017/0/4064 MB DedicatedVideo/DedicatedSystem/SharedSystem, Outputs:1, VendorId:0x10de
[2017.02.02-16.50.41:536][  0]LogD3D11RHI:    1. 'Microsoft Basic Render Driver' (Feature Level 11_0)
[2017.02.02-16.50.41:536][  0]LogD3D11RHI:       0/0/4064 MB DedicatedVideo/DedicatedSystem/SharedSystem, Outputs:0, VendorId:0x1414
[2017.02.02-16.50.41:536][  0]LogD3D11RHI: Chosen D3D11 Adapter: 0
[2017.02.02-16.50.41:550][  0]LogD3D11RHI: Creating new Direct3DDevice
[2017.02.02-16.50.41:550][  0]LogD3D11RHI:     GPU DeviceId: 0x1184 (for the marketing name, search the web for "GPU Device Id")
[2017.02.02-16.50.41:550][  0]LogWindows: EnumDisplayDevices:
[2017.02.02-16.50.41:551][  0]LogWindows:    0. 'NVIDIA GeForce GTX 770' (P:1 D:1)
[2017.02.02-16.50.41:551][  0]LogWindows:    1. 'NVIDIA GeForce GTX 770' (P:0 D:0)
[2017.02.02-16.50.41:551][  0]LogWindows:    2. 'NVIDIA GeForce GTX 770' (P:0 D:0)
[2017.02.02-16.50.41:551][  0]LogWindows:    3. 'NVIDIA GeForce GTX 770' (P:0 D:0)
[2017.02.02-16.50.41:552][  0]LogWindows: DebugString: FoundDriverCount:4 
[2017.02.02-16.50.41:552][  0]LogD3D11RHI:     Adapter Name: NVIDIA GeForce GTX 770
[2017.02.02-16.50.41:552][  0]LogD3D11RHI:   Driver Version: 369.09 (internal:21.21.13.6909, unified:369.09)
[2017.02.02-16.50.41:552][  0]LogD3D11RHI:      Driver Date: 8-1-2016
[2017.02.02-16.50.41:552][  0]LogRHI: Texture pool is 1361 MB (70% of 1945 MB)
[2017.02.02-16.50.41:570][  0]LogD3D11RHI:Warning: Timestamp queries are currently disabled on this hardware due to instability. Realtime GPU stats will not be available. You can override this behaviour by setting r.NVIDIATimestampWorkaround to 0
[2017.02.02-16.50.41:570][  0]LogD3D11RHI: Async texture creation enabled
[2017.02.02-16.50.41:681][  0]LogD3D11RHI: GPU Timing Frequency: 1000.000000 (Debug: 2 4)
[2017.02.02-16.50.41:730][  0]LogShaderCompilers: Guid format shader working directory is -8 characters bigger than the processId version (../../../../../../Users/SaintLouis/Desktop/g/PrimordialSoup/Intermediate/Shaders/WorkingDirectory/6656/).
[2017.02.02-16.50.41:730][  0]LogShaderCompilers: Cleaned the shader compiler working directory 'C:/Users/SaintLouis/AppData/Local/Temp/UnrealShaderWorkingDir/09C0634748E689B5AC16089FBA968130/'.
[2017.02.02-16.50.41:730][  0]LogShaderCompilers:Display: Using Local Shader Compiler.
[2017.02.02-16.50.48:482][  0]LogTemp:Display: Loaded TP AllDesktopTargetPlatform
[2017.02.02-16.50.48:537][  0]LogTemp:Display: Loaded TP MacClientTargetPlatform
[2017.02.02-16.50.48:587][  0]LogTemp:Display: Loaded TP MacNoEditorTargetPlatform
[2017.02.02-16.50.48:640][  0]LogTemp:Display: Loaded TP MacServerTargetPlatform
[2017.02.02-16.50.48:706][  0]LogTemp:Display: Loaded TP MacTargetPlatform
[2017.02.02-16.50.48:757][  0]LogTemp:Display: Loaded TP WindowsClientTargetPlatform
[2017.02.02-16.50.48:806][  0]LogTemp:Display: Loaded TP WindowsNoEditorTargetPlatform
[2017.02.02-16.50.48:873][  0]LogTemp:Display: Loaded TP WindowsServerTargetPlatform
[2017.02.02-16.50.48:912][  0]LogTemp:Display: Loaded TP WindowsTargetPlatform
[2017.02.02-16.50.48:977][  0]LogTemp:Display: Loaded TP AndroidTargetPlatform
[2017.02.02-16.50.49:026][  0]LogTemp:Display: Loaded TP Android_ASTCTargetPlatform
[2017.02.02-16.50.49:075][  0]LogTemp:Display: Loaded TP Android_ATCTargetPlatform
[2017.02.02-16.50.49:141][  0]LogTemp:Display: Loaded TP Android_DXTTargetPlatform
[2017.02.02-16.50.49:200][  0]LogTemp:Display: Loaded TP Android_ETC1TargetPlatform
[2017.02.02-16.50.49:251][  0]LogTemp:Display: Loaded TP Android_ETC2TargetPlatform
[2017.02.02-16.50.49:425][  0]LogTemp:Display: Loaded TP Android_MultiTargetPlatform
[2017.02.02-16.50.49:425][  0]LogTemp:Display: Loaded TP Android_PVRTCTargetPlatform
[2017.02.02-16.50.49:469][  0]LogTemp:Display: Loaded TP HTML5TargetPlatform
[2017.02.02-16.50.49:615][  0]LogTemp:Display: Loaded TP IOSTargetPlatform
[2017.02.02-16.50.49:647][  0]LogTemp:Display: Loaded TP TVOSTargetPlatform
[2017.02.02-16.50.49:694][  0]LogTemp:Display: Loaded TP LinuxClientTargetPlatform
[2017.02.02-16.50.49:743][  0]LogTemp:Display: Loaded TP LinuxNoEditorTargetPlatform
[2017.02.02-16.50.49:790][  0]LogTemp:Display: Loaded TP LinuxServerTargetPlatform
[2017.02.02-16.50.49:844][  0]LogTemp:Display: Loaded TP LinuxTargetPlatform
[2017.02.02-16.50.49:844][  0]LogTargetPlatformManager:Display: Building Assets For Windows
[2017.02.02-16.50.51:105][  0]LogDerivedDataCache:Display: Max Cache Size: 512 MB
[2017.02.02-16.50.51:606][  0]LogDerivedDataCache: Loaded boot cache 0.50s 50MB C:/Users/SaintLouis/AppData/Local/UnrealEngine/4.14/DerivedDataCache/Boot.ddc.
[2017.02.02-16.50.51:606][  0]LogDerivedDataCache:Display: Loaded Boot cache: C:/Users/SaintLouis/AppData/Local/UnrealEngine/4.14/DerivedDataCache/Boot.ddc
[2017.02.02-16.50.51:607][  0]LogDerivedDataCache: FDerivedDataBackendGraph:  Pak pak cache file ../../../../../../Users/SaintLouis/Desktop/g/PrimordialSoup/DerivedDataCache/DDC.ddp not found, will not use a pak cache.
[2017.02.02-16.50.51:607][  0]LogDerivedDataCache: Unable to find inner node Pak for hierarchical cache Hierarchy.
[2017.02.02-16.50.51:607][  0]LogDerivedDataCache: FDerivedDataBackendGraph:  CompressedPak pak cache file ../../../../../../Users/SaintLouis/Desktop/g/PrimordialSoup/DerivedDataCache/Compressed.ddp not found, will not use a pak cache.
[2017.02.02-16.50.51:607][  0]LogDerivedDataCache: Unable to find inner node CompressedPak for hierarchical cache Hierarchy.
[2017.02.02-16.50.51:688][  0]LogDerivedDataCache:Display: Pak cache opened for reading ../../../Engine/DerivedDataCache/Compressed.ddp.
[2017.02.02-16.50.51:700][  0]LogDerivedDataCache: Using Local data cache path C:/Users/SaintLouis/AppData/Local/UnrealEngine/Common/DerivedDataCache: Writable
[2017.02.02-16.51.00:860][  0]LogInit: Selected Device Profile: [Windows]
[2017.02.02-16.51.00:887][  0]LogContentStreaming: Texture pool size is 0.00 MB
[2017.02.02-16.51.01:542][  0]LogMeshUtilities: Using QuadricMeshReduction for automatic static mesh reduction
[2017.02.02-16.51.01:654][  0]LogSimplygon: Simplygon DLL not present - disabling.
[2017.02.02-16.51.01:736][  0]LogMeshUtilities: Using SimplygonSwarm for distributed automatic mesh merging
[2017.02.02-16.51.01:737][  0]LogMeshUtilities: No automatic skeletal mesh reduction module available
[2017.02.02-16.51.01:737][  0]LogMeshUtilities: No automatic mesh merging module available
[2017.02.02-16.51.05:049][  0]LogNetVersion: GetLocalNetworkVersion: CL: 3195953, ProjectName: primordialsoup, ProjectVersion: , EngineNetworkVersion: 2, GameNetworkVersion: 0, NetworkChecksum: 1510063732
[2017.02.02-16.51.05:170][  0]LogAssetRegistry: FAssetRegistry took 0.0211 seconds to start up
[2017.02.02-16.51.05:325][  0]LogPackageLocalizationCache: Processed 3 localized package path(s) for 1 prioritized culture(s) in 0.029249 seconds
[2017.02.02-16.51.05:347][  0]LogUObjectArray: 31946 objects as part of root set at end of initial load.
[2017.02.02-16.51.05:347][  0]LogUObjectAllocator: 6935840 out of 0 bytes used by permanent object pool.
[2017.02.02-16.51.05:347][  0]LogUObjectArray: CloseDisregardForGC: 0/0 objects in disregard for GC pool
[2017.02.02-16.51.05:426][  0]LogInit: WinSock: version 1.1 (2.2), MaxSocks=32767, MaxUdp=65467
[2017.02.02-16.51.08:434][  0]LogSlate: Using Freetype 2.6.0
[2017.02.02-16.51.08:473][  0]LogSlate: SlateFontCache - WITH_FREETYPE: 1, WITH_HARFBUZZ: 1
[2017.02.02-16.51.08:474][  0]LogSlate: SlateFontCache - WITH_FREETYPE: 1, WITH_HARFBUZZ: 1
[2017.02.02-16.51.29:673][  0]LogTcpMessaging: Initializing TcpMessaging bridge
[2017.02.02-16.51.29:731][  0]LogUdpMessaging: Initializing bridge on interface 0.0.0.0:0 to multicast group 230.0.0.1:6666.
[2017.02.02-16.51.30:596][  0]LogMaterial: Uniform references updated for custom material expression Custom.
[2017.02.02-16.51.31:367][  0]SourceControl: Info Source control is disabled
[2017.02.02-16.51.31:433][  0]SourceControl: Info Source control is disabled
[2017.02.02-16.51.31:562][  0]SourceControl: Info Source control is disabled
[2017.02.02-16.51.31:682][  0]SourceControl: Info Source control is disabled
[2017.02.02-16.51.34:768][  0]LogEngine: Initializing Engine...
[2017.02.02-16.51.34:809][  0]LogHMD: Failed to initialize OpenVR with code 110
[2017.02.02-16.51.35:289][  0]LogAIModule: Creating AISystem for world Untitled
[2017.02.02-16.51.35:416][  0]LogInit: XAudio2 using 'Наушники гарнитуры (Razer Kraken 7.1 Chroma)' : 2 channels at 44.1 kHz using 16 bits per sample (channel mask 0x3)
[2017.02.02-16.51.35:435][  0]LogInit: FAudioDevice initialized.
[2017.02.02-16.51.35:478][  0]LogDerivedDataCache: Saved boot cache 0.04s 50MB C:/Users/SaintLouis/AppData/Local/UnrealEngine/4.14/DerivedDataCache/Boot.ddc.
[2017.02.02-16.51.35:492][  0]LogInit: Texture streaming: Enabled
[2017.02.02-16.51.36:064][  0]LogInit: Transaction tracking system initialized
[2017.02.02-16.51.39:325][  0]BlueprintLog: New page: Editor Load
[2017.02.02-16.51.41:242][  0]LocalizationService: Info Localization service is disabled
[2017.02.02-16.51.42:387][  0]LogConsoleResponse:Display: 
[2017.02.02-16.51.43:521][  0]LogFileCache: Scanning file cache for directory 'C:/Users/SaintLouis/Desktop/g/PrimordialSoup/Content/' took 0.02s
[2017.02.02-16.51.43:521][  0]LogCook:Display: Max memory allowance for cook 16384mb min free memory 0mb
[2017.02.02-16.51.43:521][  0]LogCook:Display: Mobile HDR setting 1
[2017.02.02-16.51.45:430][  0]SourceControl: Info Source control is disabled
[2017.02.02-16.51.45:433][  0]Cmd: MAP LOAD FILE="../../../../../../Users/SaintLouis/Desktop/g/PrimordialSoup/Content/Assets/maps/developmentMaps/developmentRoom.umap" TEMPLATE=0 SHOWPROGRESS=1 FEATURELEVEL=3
[2017.02.02-16.51.45:434][  0]LightingResults: New page: Lighting Build
[2017.02.02-16.51.45:528][  0]MapCheck: New page: Map Check
[2017.02.02-16.51.45:528][  0]LightingResults: New page: Lighting Build
[2017.02.02-16.51.46:078][  0]LogTexture:Display: Building textures: HQ_Lightmap1_1 (AutoDXT)
[2017.02.02-16.51.46:144][  0]LogTexture:Display: Building textures: HQ_Lightmap1_2 (AutoDXT)
[2017.02.02-16.51.46:146][  0]LogTexture:Display: Building textures: LQ_Lightmap_1_1 (DXT1)
[2017.02.02-16.51.46:161][  0]LogTexture:Display: Building textures: LQ_Lightmap_1_2 (DXT1)
[2017.02.02-16.51.46:167][  0]LogTexture:Display: Building textures: SkyOcclusion1_1 (AutoDXT)
[2017.02.02-16.51.46:193][  0]LogTexture:Display: Building textures: SkyOcclusion1_2 (AutoDXT)
[2017.02.02-16.51.46:315][  0]LogTexture:Display: Building textures: newCursor (AutoDXT)
[2017.02.02-16.51.46:328][  0]LogMaterial: Missing cached shader map for material cursorMaterial, compiling. 
[2017.02.02-16.51.46:464][  0]LogMaterial: Missing cached shader map for material developmentMaterial, compiling. 
[2017.02.02-16.51.46:493][  0]LogAIModule: Creating AISystem for world developmentRoom
[2017.02.02-16.51.46:869][  0]LogEditorServer: Finished looking for orphan Actors (0.000 secs)
[2017.02.02-16.51.46:957][  0]Cmd: MAP CHECKDEP NOCLEARLOG
[2017.02.02-16.51.46:999][  0]MapCheck: Info Map check complete: 0 Error(s), 0 Warning(s), took 41.594ms to complete.
[2017.02.02-16.51.46:999][  0]LogFileHelpers: Loading map 'developmentRoom' took 1.566
[2017.02.02-16.51.47:770][  0]LogCollectionManager: Loaded 0 collections in 0.002689 seconds
[2017.02.02-16.51.47:927][  0]LogFileCache: Scanning file cache for directory 'C:/Users/SaintLouis/Desktop/g/PrimordialSoup/Saved/Collections/' took 0.01s
[2017.02.02-16.51.47:928][  0]LogFileCache: Scanning file cache for directory 'C:/Users/SaintLouis/Desktop/g/PrimordialSoup/Content/Developers/saintlouis/Collections/' took 0.01s
[2017.02.02-16.51.47:928][  0]LogFileCache: Scanning file cache for directory 'C:/Users/SaintLouis/Desktop/g/PrimordialSoup/Content/Collections/' took 0.01s
[2017.02.02-16.51.47:928][  0]LogCollectionManager: Rebuilt the GUID cache for 0 collections in 0.000002 seconds
[2017.02.02-16.51.47:940][  0]LogContentBrowser: Native class hierarchy populated in 0.0120 seconds. Added 2190 classes and 428 folders.
[2017.02.02-16.51.48:072][  0]LogStats: UGameplayTagsManager::ConstructGameplayTagTree: Construct from data asset -  0.000 s
[2017.02.02-16.51.48:072][  0]LogStats: UGameplayTagsManager::ConstructGameplayTagTree: GameplayTagTreeChangedEvent.Broadcast -  0.000 s
[2017.02.02-16.51.48:098][  0]LogContentBrowser: Native class hierarchy updated for 'GameplayTags' in 0.0260 seconds. Added 13 classes and 0 folders.
[2017.02.02-16.51.48:173][  0]LogContentBrowser: Native class hierarchy updated for 'WidgetCarousel' in 0.0006 seconds. Added 0 classes and 0 folders.
[2017.02.02-16.51.49:293][  0]LogContentBrowser: Native class hierarchy updated for 'AddContentDialog' in 0.0008 seconds. Added 0 classes and 0 folders.
[2017.02.02-16.51.49:363][  0]LogContentBrowser: Native class hierarchy updated for 'SceneOutliner' in 0.0008 seconds. Added 1 classes and 2 folders.
[2017.02.02-16.51.49:756][  0]LogCrashTracker: Crashtracker disabled due to settings.
[2017.02.02-16.51.49:784][  0]LogUObjectGlobals:Warning: Failed to find object 'Class None.'
[2017.02.02-16.51.49:937][  0]LogContentBrowser: Native class hierarchy updated for 'HierarchicalLODOutliner' in 0.0008 seconds. Added 1 classes and 2 folders.
[2017.02.02-16.51.49:937][  0]LogLoad: (Engine Initialization) Total time: 80.96 seconds
[2017.02.02-16.51.49:937][  0]LogLoad: (Engine Initialization) Total Blueprint compile time: 0.31 seconds
[2017.02.02-16.51.49:937][  0]LogExternalProfiler: No external profilers were discovered.  External profiling features will not be available.
[2017.02.02-16.51.50:288][  0]LogOcInput: OculusInput pre-init called
[2017.02.02-16.51.50:379][  0]LogContentStreaming: Texture pool size now 1000 MB
[2017.02.02-16.51.50:763][  0]LogRenderer: Reallocating scene render targets to support 1208x576 NumSamples 1 (Frame:2).
[2017.02.02-16.51.50:933][  1]LogFileCache: Retrieving MD5 hashes for directory 'C:/Users/SaintLouis/Desktop/g/PrimordialSoup/Content/' took 0.63s
[2017.02.02-16.51.51:330][  2]LogAssetRegistry: Asset discovery search completed in 46.1808 seconds
[2017.02.02-16.51.51:343][  2]LogCollectionManager: Rebuilt the object cache for 0 collections in 0.000002 seconds (found 0 objects)
[2017.02.02-16.51.51:343][  2]LogCollectionManager: Fixed up redirectors for 0 collections in 0.013111 seconds (updated 0 objects)
[2017.02.02-16.51.57:360][259]LogTemp: Repeting last play command: Selected Viewport
[2017.02.02-16.51.57:378][259]LogPlayLevel: PlayLevel: No blueprints needed recompiling
[2017.02.02-16.51.57:401][259]PIE: New page: PIE session: developmentRoom (Feb 2, 2017, 10:51:57 PM)
[2017.02.02-16.51.57:401][259]LogPlayLevel: Creating play world package: /Game/Assets/maps/developmentMaps/UEDPIE_0_developmentRoom
[2017.02.02-16.51.57:421][259]LogPlayLevel: PIE: StaticDuplicateObject took: (0.020056s)
[2017.02.02-16.51.57:422][259]LogAIModule: Creating AISystem for world developmentRoom
[2017.02.02-16.51.57:422][259]LogPlayLevel: PIE: World Init took: (0.000859s)
[2017.02.02-16.51.57:422][259]LogPlayLevel: PIE: Created PIE world by copying editor world from /Game/Assets/maps/developmentMaps/developmentRoom.developmentRoom to /Game/Assets/maps/developmentMaps/UEDPIE_0_developmentRoom.developmentRoom (0.021194s)
[2017.02.02-16.51.57:459][259]LogInit: XAudio2 using 'Наушники гарнитуры (Razer Kraken 7.1 Chroma)' : 2 channels at 44.1 kHz using 16 bits per sample (channel mask 0x3)
[2017.02.02-16.51.57:466][259]LogInit: FAudioDevice initialized.
[2017.02.02-16.51.57:740][259]LogLoad: Game class is 'protocellGameMode_C'
[2017.02.02-16.51.57:749][259]LogWorld: Bringing World /Game/Assets/maps/developmentMaps/UEDPIE_0_developmentRoom.developmentRoom up for play (max tick rate 0) at 2017.02.02-19.51.57
[2017.02.02-16.51.57:794][259]LogWorld: Bringing up level for play took: 0.052855
[2017.02.02-16.51.58:024][259]LogContentBrowser: Native class hierarchy updated for 'MovieSceneCapture' in 0.0006 seconds. Added 11 classes and 0 folders.
[2017.02.02-16.51.58:024][259]PIE: Info Play in editor start time for /Game/Assets/maps/developmentMaps/UEDPIE_0_developmentRoom -0.093
[2017.02.02-16.55.17:322][ 76]LogWindowsTextInputMethodSystem:Display: IME system now deactivated.
[2017.02.02-16.55.17:322][ 76]LogWindowsTextInputMethodSystem:Display: IME system now deactivated.
[2017.02.02-16.55.31:547][633]LogWindowsTextInputMethodSystem:Display: IME system now deactivated.
[2017.02.02-16.55.31:547][633]LogWindowsTextInputMethodSystem:Display: IME system now deactivated.
[2017.02.02-16.55.35:826][ 65]LogContentBrowser: Native class hierarchy updated for 'BlueprintGraph' in 0.0010 seconds. Added 111 classes and 0 folders.
[2017.02.02-16.59.28:402][511]LogLinker:Warning: Can't find file '/Game/Menu'
[2017.02.02-16.59.28:403][511]LogLinker:Warning: Can't find file '/Game/Menu'
[2017.02.02-16.59.28:403][511]LogUObjectGlobals:Warning: Failed to find object 'Object /Game/Menu.Menu'
[2017.02.02-17.07.31:826][919]LogFileHelpers: Editor autosave (incl. sublevels) for '/Game/Assets/maps/developmentMaps/developmentRoom' took 0.051
[2017.02.02-17.07.31:828][919]OBJ SavePackage: Generating thumbnails for [0] asset(s) in package [/Game/Assets/actors/MainMenu] ([1] browsable assets)...
[2017.02.02-17.07.31:828][919]OBJ SavePackage: Finished generating thumbnails for package [/Game/Assets/actors/MainMenu]
[2017.02.02-17.07.31:839][919]LogSavePackage: Save=9.59ms
[2017.02.02-17.07.31:839][919]LogSavePackage: Moving '../../../../../../Users/SaintLouis/Desktop/g/PrimordialSoup/Saved/MainMenu_Auto180B845BE4A15435C5B25BCA57CBA9B9F.tmp' to '../../../../../../Users/SaintLouis/Desktop/g/PrimordialSoup/Saved/Autosaves/Game/Assets/actors/MainMenu_Auto1.uasset'
[2017.02.02-17.07.31:841][919]LogSavePackage:Display: Finished SavePackage ../../../../../../Users/SaintLouis/Desktop/g/PrimordialSoup/Saved/Autosaves/Game/Assets/actors/MainMenu_Auto1.uasset
[2017.02.02-17.07.31:841][919]LogFileHelpers: Auto-saving content packages took 0.015
[2017.02.02-17.09.27:081][222]LogTemp: Repeting last play command: Selected Viewport
[2017.02.02-17.09.27:105][222]BlueprintLog: New page: Pre-Play auto-recompile
[2017.02.02-17.09.27:114][222]LogPlayLevel: [PlayLevel] Compiling MainMenu before play...
[2017.02.02-17.09.27:241][222]LogPlayLevel: PlayLevel: Blueprint regeneration took 136 ms (1 blueprints)
[2017.02.02-17.09.27:241][222]PIE: New page: PIE session: developmentRoom (Feb 2, 2017, 11:09:27 PM)
[2017.02.02-17.09.27:241][222]LogPlayLevel: Creating play world package: /Game/Assets/maps/developmentMaps/UEDPIE_0_developmentRoom
[2017.02.02-17.09.27:245][222]LogPlayLevel: PIE: StaticDuplicateObject took: (0.003305s)
[2017.02.02-17.09.27:246][222]LogAIModule: Creating AISystem for world developmentRoom
[2017.02.02-17.09.27:246][222]LogPlayLevel: PIE: World Init took: (0.001108s)
[2017.02.02-17.09.27:246][222]LogPlayLevel: PIE: Created PIE world by copying editor world from /Game/Assets/maps/developmentMaps/developmentRoom.developmentRoom to /Game/Assets/maps/developmentMaps/UEDPIE_0_developmentRoom.developmentRoom (0.004674s)
[2017.02.02-17.09.27:286][222]LogInit: XAudio2 using 'Наушники гарнитуры (Razer Kraken 7.1 Chroma)' : 2 channels at 44.1 kHz using 16 bits per sample (channel mask 0x3)
[2017.02.02-17.09.27:295][222]LogInit: FAudioDevice initialized.
[2017.02.02-17.09.27:336][222]LogLoad: Game class is 'protocellGameMode_C'
[2017.02.02-17.09.27:339][222]LogWorld: Bringing World /Game/Assets/maps/developmentMaps/UEDPIE_0_developmentRoom.developmentRoom up for play (max tick rate 0) at 2017.02.02-20.09.27
[2017.02.02-17.09.27:340][222]LogWorld: Bringing up level for play took: 0.003085
[2017.02.02-17.09.27:342][222]PIE: Info Play in editor start time for /Game/Assets/maps/developmentMaps/UEDPIE_0_developmentRoom 1.239
[2017.02.02-17.09.31:458][410]BlueprintLog: New page: Compile MainMenu
[2017.02.02-17.09.33:291][557]LogTemp: Repeting last play command: Selected Viewport
[2017.02.02-17.09.33:309][557]LogPlayLevel: PlayLevel: No blueprints needed recompiling
[2017.02.02-17.09.33:309][557]PIE: New page: PIE session: developmentRoom (Feb 2, 2017, 11:09:33 PM)
[2017.02.02-17.09.33:309][557]LogPlayLevel: Creating play world package: /Game/Assets/maps/developmentMaps/UEDPIE_0_developmentRoom
[2017.02.02-17.09.33:312][557]LogPlayLevel: PIE: StaticDuplicateObject took: (0.003526s)
[2017.02.02-17.09.33:313][557]LogAIModule: Creating AISystem for world developmentRoom
[2017.02.02-17.09.33:314][557]LogPlayLevel: PIE: World Init took: (0.001152s)
[2017.02.02-17.09.33:314][557]LogPlayLevel: PIE: Created PIE world by copying editor world from /Game/Assets/maps/developmentMaps/developmentRoom.developmentRoom to /Game/Assets/maps/developmentMaps/UEDPIE_0_developmentRoom.developmentRoom (0.005034s)
[2017.02.02-17.09.33:362][557]LogInit: XAudio2 using 'Наушники гарнитуры (Razer Kraken 7.1 Chroma)' : 2 channels at 44.1 kHz using 16 bits per sample (channel mask 0x3)
[2017.02.02-17.09.33:368][557]LogInit: FAudioDevice initialized.
[2017.02.02-17.09.33:397][557]LogLoad: Game class is 'protocellGameMode_C'
[2017.02.02-17.09.33:398][557]LogWorld: Bringing World /Game/Assets/maps/developmentMaps/UEDPIE_0_developmentRoom.developmentRoom up for play (max tick rate 0) at 2017.02.02-20.09.33
[2017.02.02-17.09.33:398][557]LogWorld: Bringing up level for play took: 0.001393
[2017.02.02-17.09.33:399][557]PIE: Info Play in editor start time for /Game/Assets/maps/developmentMaps/UEDPIE_0_developmentRoom -0.704
[2017.02.02-17.09.45:756][ 15]LogTemp: Repeting last play command: Selected Viewport
[2017.02.02-17.09.45:775][ 15]LogPlayLevel: PlayLevel: No blueprints needed recompiling
[2017.02.02-17.09.45:776][ 15]PIE: New page: PIE session: developmentRoom (Feb 2, 2017, 11:09:45 PM)
[2017.02.02-17.09.45:776][ 15]LogPlayLevel: Creating play world package: /Game/Assets/maps/developmentMaps/UEDPIE_0_developmentRoom
[2017.02.02-17.09.45:780][ 15]LogPlayLevel: PIE: StaticDuplicateObject took: (0.004568s)
[2017.02.02-17.09.45:782][ 15]LogAIModule: Creating AISystem for world developmentRoom
[2017.02.02-17.09.45:782][ 15]LogPlayLevel: PIE: World Init took: (0.001943s)
[2017.02.02-17.09.45:783][ 15]LogPlayLevel: PIE: Created PIE world by copying editor world from /Game/Assets/maps/developmentMaps/developmentRoom.developmentRoom to /Game/Assets/maps/developmentMaps/UEDPIE_0_developmentRoom.developmentRoom (0.007231s)
[2017.02.02-17.09.45:836][ 15]LogInit: XAudio2 using 'Наушники гарнитуры (Razer Kraken 7.1 Chroma)' : 2 channels at 44.1 kHz using 16 bits per sample (channel mask 0x3)
[2017.02.02-17.09.45:842][ 15]LogInit: FAudioDevice initialized.
[2017.02.02-17.09.45:872][ 15]LogLoad: Game class is 'protocellGameMode_C'
[2017.02.02-17.09.45:874][ 15]LogWorld: Bringing World /Game/Assets/maps/developmentMaps/UEDPIE_0_developmentRoom.developmentRoom up for play (max tick rate 0) at 2017.02.02-20.09.45
[2017.02.02-17.09.45:874][ 15]LogWorld: Bringing up level for play took: 0.001453
[2017.02.02-17.09.45:875][ 15]PIE: Info Play in editor start time for /Game/Assets/maps/developmentMaps/UEDPIE_0_developmentRoom -0.229
[2017.02.02-17.18.06:045][458]BlueprintLog: New page: Compile MainMenu
[2017.02.02-17.18.10:707][620]Cmd: OBJ SAVEPACKAGE PACKAGE="/Game/Assets/actors/MainMenu" FILE="../../../../../../Users/SaintLouis/Desktop/g/PrimordialSoup/Content/Assets/actors/MainMenu.uasset" SILENT=true
[2017.02.02-17.18.10:729][620]LogSavePackage: Save=20.51ms
[2017.02.02-17.18.10:729][620]LogSavePackage: Moving '../../../../../../Users/SaintLouis/Desktop/g/PrimordialSoup/Saved/MainMenu41DB37B846BFA88E362E2997F6F13DB9.tmp' to '../../../../../../Users/SaintLouis/Desktop/g/PrimordialSoup/Content/Assets/actors/MainMenu.uasset'
[2017.02.02-17.18.10:732][620]LogSavePackage:Display: Finished SavePackage ../../../../../../Users/SaintLouis/Desktop/g/PrimordialSoup/Content/Assets/actors/MainMenu.uasset
[2017.02.02-17.18.10:815][620]LogSavePackage: Save=9.42ms
[2017.02.02-17.18.10:815][620]LogSavePackage: Moving '../../../../../../Users/SaintLouis/Desktop/g/PrimordialSoup/Saved/MenuCD516E7F4ABCB39B993538832D143B9A.tmp' to '../../../../../../Users/SaintLouis/Desktop/g/PrimordialSoup/Content/Assets/maps/developmentMaps/Menu.umap'
[2017.02.02-17.18.10:817][620]LogSavePackage:Display: Finished SavePackage ../../../../../../Users/SaintLouis/Desktop/g/PrimordialSoup/Content/Assets/maps/developmentMaps/Menu.umap
[2017.02.02-17.18.10:817][620]LogFileHelpers: Saving map 'Menu' took 0.085
[2017.02.02-17.18.10:831][620]Cmd: MAP LOAD FILE="../../../../../../Users/SaintLouis/Desktop/g/PrimordialSoup/Content/Assets/maps/developmentMaps/Menu.umap" TEMPLATE=0 SHOWPROGRESS=1 FEATURELEVEL=3
[2017.02.02-17.18.10:831][620]LightingResults: New page: Lighting Build
[2017.02.02-17.18.10:832][620]LoadErrors: New page: Loading map: Menu.umap
[2017.02.02-17.18.10:841][620]MapCheck: New page: Map Check
[2017.02.02-17.18.10:841][620]LightingResults: New page: Lighting Build
[2017.02.02-17.18.10:922][620]LogEditorServer: Finished looking for orphan Actors (0.000 secs)
[2017.02.02-17.18.10:923][620]LogAIModule: Creating AISystem for world Menu
[2017.02.02-17.18.10:962][620]Cmd: MAP CHECKDEP NOCLEARLOG
[2017.02.02-17.18.11:008][620]MapCheck: Info Map check complete: 0 Error(s), 0 Warning(s), took 45.353ms to complete.
[2017.02.02-17.18.11:008][620]LogFileHelpers: Loading map 'Menu' took 0.179
[2017.02.02-17.18.52:822][985]LogLinker: Can't find file '/Game/Menu'
[2017.02.02-17.18.52:823][985]LogLinker: Can't find file '/Game/Menu'
[2017.02.02-17.19.13:220][119]BlueprintLog: New page: Compile Menu
[2017.02.02-17.19.13:239][119]LogBlueprint:Error: [Compiler PersistentLevel.Menu] Error Spawn node  K2Node_CreateWidget_0  must have a class specified.
[2017.02.02-17.19.13:239][119]LogBlueprint:Error: [Compiler PersistentLevel.Menu] Error This blueprint (self) is not a Widget, therefore ' self ' must have a connection.
[2017.02.02-17.19.13:406][119]BlueprintEditorCompileResults:Error: Error Spawn node  K2Node_CreateWidget_0  must have a class specified.
[2017.02.02-17.19.13:406][119]BlueprintEditorCompileResults:Error: Error This blueprint (self) is not a Widget, therefore ' self ' must have a connection.
[2017.02.02-17.19.13:412][119]LogBlueprint:Warning: [Compiler PersistentLevel.Menu] Warning [1724.47] Compile of PersistentLevel.Menu failed. 2 Fatal Issue(s) 0 Warning(s) [in 192 ms] (/Game/Assets/maps/developmentMaps/Menu.Menu:PersistentLevel.Menu)
[2017.02.02-17.19.13:413][119]BlueprintLog: New page: Compile Menu
[2017.02.02-17.19.13:419][119]LogBlueprint:Error: [Compiler PersistentLevel.Menu] Error Spawn node  K2Node_CreateWidget_0  must have a class specified.
[2017.02.02-17.19.13:420][119]LogBlueprint:Error: [Compiler PersistentLevel.Menu] Error This blueprint (self) is not a Widget, therefore ' self ' must have a connection.
[2017.02.02-17.19.13:567][119]BlueprintEditorCompileResults:Error: Error Spawn node  K2Node_CreateWidget_0  must have a class specified.
[2017.02.02-17.19.13:567][119]BlueprintEditorCompileResults:Error: Error This blueprint (self) is not a Widget, therefore ' self ' must have a connection.
[2017.02.02-17.19.13:567][119]LogBlueprint:Warning: [Compiler PersistentLevel.Menu] Warning [1724.62] Compile of PersistentLevel.Menu failed. 2 Fatal Issue(s) 0 Warning(s) [in 154 ms] (/Game/Assets/maps/developmentMaps/Menu.Menu:PersistentLevel.Menu)
[2017.02.02-17.19.30:513][ 15]BlueprintLog: New page: Compile Menu
[2017.02.02-17.19.30:519][ 15]LogBlueprint:Error: [Compiler PersistentLevel.Menu] Error Spawn node  K2Node_CreateWidget_0  must have a class specified.
[2017.02.02-17.19.30:520][ 15]LogBlueprint:Error: [Compiler PersistentLevel.Menu] Error This blueprint (self) is not a Widget, therefore ' self ' must have a connection.
[2017.02.02-17.19.30:668][ 15]BlueprintEditorCompileResults:Error: Error Spawn node  K2Node_CreateWidget_0  must have a class specified.
[2017.02.02-17.19.30:668][ 15]BlueprintEditorCompileResults:Error: Error This blueprint (self) is not a Widget, therefore ' self ' must have a connection.
[2017.02.02-17.19.30:668][ 15]LogBlueprint:Warning: [Compiler PersistentLevel.Menu] Warning [1741.72] Compile of PersistentLevel.Menu failed. 2 Fatal Issue(s) 0 Warning(s) [in 155 ms] (/Game/Assets/maps/developmentMaps/Menu.Menu:PersistentLevel.Menu)
[2017.02.02-17.21.24:948][  8]BlueprintLog: New page: Compile Menu
[2017.02.02-17.21.27:968][320]LogTemp: Repeting last play command: Selected Viewport
[2017.02.02-17.21.27:996][320]LogBlueprintUserMessages: Early PlayInEditor Detection: Level '/Game/Assets/maps/developmentMaps/Menu.Menu:PersistentLevel' has LevelScriptBlueprint '/Game/Assets/maps/developmentMaps/Menu.Menu:PersistentLevel.Menu' with GeneratedClass '/Game/Assets/maps/developmentMaps/Menu.Menu_C' with ClassGeneratedBy '/Game/Assets/maps/developmentMaps/Menu.Menu:PersistentLevel.Menu'
[2017.02.02-17.21.27:996][320]LogPlayLevel: PlayLevel: No blueprints needed recompiling
[2017.02.02-17.21.27:996][320]PIE: New page: PIE session: Menu (Feb 2, 2017, 11:21:27 PM)
[2017.02.02-17.21.27:997][320]LogPlayLevel: Creating play world package: /Game/Assets/maps/developmentMaps/UEDPIE_0_Menu
[2017.02.02-17.21.27:998][320]LogPlayLevel: PIE: StaticDuplicateObject took: (0.001679s)
[2017.02.02-17.21.27:999][320]LogAIModule: Creating AISystem for world Menu
[2017.02.02-17.21.27:999][320]LogPlayLevel: PIE: World Init took: (0.000984s)
[2017.02.02-17.21.28:000][320]LogPlayLevel: PIE: Created PIE world by copying editor world from /Game/Assets/maps/developmentMaps/Menu.Menu to /Game/Assets/maps/developmentMaps/UEDPIE_0_Menu.Menu (0.002977s)
[2017.02.02-17.21.28:048][320]LogInit: XAudio2 using 'Наушники гарнитуры (Razer Kraken 7.1 Chroma)' : 2 channels at 44.1 kHz using 16 bits per sample (channel mask 0x3)
[2017.02.02-17.21.28:056][320]LogInit: FAudioDevice initialized.
[2017.02.02-17.21.28:086][320]LogLoad: Game class is 'protocellGameMode_C'
[2017.02.02-17.21.28:087][320]LogWorld: Bringing World /Game/Assets/maps/developmentMaps/UEDPIE_0_Menu.Menu up for play (max tick rate 0) at 2017.02.02-20.21.28
[2017.02.02-17.21.28:087][320]LogWorld: Bringing up level for play took: 0.001187
[2017.02.02-17.21.28:109][320]PIE: Info Play in editor start time for /Game/Assets/maps/developmentMaps/UEDPIE_0_Menu 0.021
[2017.02.02-17.21.28:110][320]LogBlueprintUserMessages: Late PlayInEditor Detection: Level '/Game/Assets/maps/developmentMaps/Menu.Menu:PersistentLevel' has LevelScriptBlueprint '/Game/Assets/maps/developmentMaps/Menu.Menu:PersistentLevel.Menu' with GeneratedClass '/Game/Assets/maps/developmentMaps/Menu.Menu_C' with ClassGeneratedBy '/Game/Assets/maps/developmentMaps/Menu.Menu:PersistentLevel.Menu'
[2017.02.02-17.21.29:116][437]LogNet: Browse: /Game/Assets/maps/developmentMaps/developmentRoom
[2017.02.02-17.21.29:116][437]LogLoad: LoadMap: /Game/Assets/maps/developmentMaps/developmentRoom
[2017.02.02-17.21.29:146][437]Cmd: MEM
[2017.02.02-17.21.29:174][437]LogMemory: Platform Memory Stats for Windows
[2017.02.02-17.21.29:174][437]LogMemory: Process Physical Memory: 996.09 MB used, 1380.92 MB peak
[2017.02.02-17.21.29:174][437]LogMemory: Process Virtual Memory: 1808.56 MB used, 1872.96 MB peak
[2017.02.02-17.21.29:174][437]LogMemory: Physical Memory: 3859.68 MB used,  4270.00 MB free, 8129.68 MB total
[2017.02.02-17.21.29:174][437]LogMemory: Virtual Memory: 2724.98 MB used,  4270.00 MB free, 134217728.00 MB total
[2017.02.02-17.21.29:174][437]LogMemory: 
[2017.02.02-17.21.29:174][437]Allocator Stats for TBB: (not implemented)
[2017.02.02-17.21.30:065][437]LogAIModule: Creating AISystem for world developmentRoom
[2017.02.02-17.21.30:065][437]LogLoad: Game class is 'protocellGameMode_C'
[2017.02.02-17.21.30:069][437]LogWorld: Bringing World /Game/Assets/maps/developmentMaps/UEDPIE_0_developmentRoom.developmentRoom up for play (max tick rate 0) at 2017.02.02-20.21.30
[2017.02.02-17.21.30:070][437]LogWorld: Bringing up level for play took: 0.003925
[2017.02.02-17.21.30:070][437]LogGameMode: Warning - PATHS NOT DEFINED or NO PLAYERSTART with positive rating
[2017.02.02-17.21.30:071][437]LogLoad: Took 0.955001 seconds to LoadMap(/Game/Assets/maps/developmentMaps/developmentRoom)
[2017.02.02-17.21.32:120][678]LogBlueprintUserMessages: Early EndPlayMap Detection: Level '/Game/Assets/maps/developmentMaps/Menu.Menu:PersistentLevel' has LevelScriptBlueprint '/Game/Assets/maps/developmentMaps/Menu.Menu:PersistentLevel.Menu' with GeneratedClass '/Game/Assets/maps/developmentMaps/Menu.Menu_C' with ClassGeneratedBy '/Game/Assets/maps/developmentMaps/Menu.Menu:PersistentLevel.Menu'
[2017.02.02-17.21.32:149][678]LogBlueprintUserMessages: Late EndPlayMap Detection: Level '/Game/Assets/maps/developmentMaps/Menu.Menu:PersistentLevel' has LevelScriptBlueprint '/Game/Assets/maps/developmentMaps/Menu.Menu:PersistentLevel.Menu' with GeneratedClass '/Game/Assets/maps/developmentMaps/Menu.Menu_C' with ClassGeneratedBy '/Game/Assets/maps/developmentMaps/Menu.Menu:PersistentLevel.Menu'
[2017.02.02-17.21.33:081][785]LogTemp: Repeting last play command: Selected Viewport
[2017.02.02-17.21.33:096][785]LogBlueprintUserMessages: Early PlayInEditor Detection: Level '/Game/Assets/maps/developmentMaps/Menu.Menu:PersistentLevel' has LevelScriptBlueprint '/Game/Assets/maps/developmentMaps/Menu.Menu:PersistentLevel.Menu' with GeneratedClass '/Game/Assets/maps/developmentMaps/Menu.Menu_C' with ClassGeneratedBy '/Game/Assets/maps/developmentMaps/Menu.Menu:PersistentLevel.Menu'
[2017.02.02-17.21.33:096][785]LogPlayLevel: PlayLevel: No blueprints needed recompiling
[2017.02.02-17.21.33:096][785]PIE: New page: PIE session: Menu (Feb 2, 2017, 11:21:33 PM)
[2017.02.02-17.21.33:096][785]LogPlayLevel: Creating play world package: /Game/Assets/maps/developmentMaps/UEDPIE_0_Menu
[2017.02.02-17.21.33:098][785]LogPlayLevel: PIE: StaticDuplicateObject took: (0.001770s)
[2017.02.02-17.21.33:099][785]LogAIModule: Creating AISystem for world Menu
[2017.02.02-17.21.33:099][785]LogPlayLevel: PIE: World Init took: (0.000747s)
[2017.02.02-17.21.33:099][785]LogPlayLevel: PIE: Created PIE world by copying editor world from /Game/Assets/maps/developmentMaps/Menu.Menu to /Game/Assets/maps/developmentMaps/UEDPIE_0_Menu.Menu (0.002879s)
[2017.02.02-17.21.33:151][785]LogInit: XAudio2 using 'Наушники гарнитуры (Razer Kraken 7.1 Chroma)' : 2 channels at 44.1 kHz using 16 bits per sample (channel mask 0x3)
[2017.02.02-17.21.33:157][785]LogInit: FAudioDevice initialized.
[2017.02.02-17.21.33:198][785]LogLoad: Game class is 'protocellGameMode_C'
[2017.02.02-17.21.33:202][785]LogWorld: Bringing World /Game/Assets/maps/developmentMaps/UEDPIE_0_Menu.Menu up for play (max tick rate 0) at 2017.02.02-20.21.33
[2017.02.02-17.21.33:202][785]LogWorld: Bringing up level for play took: 0.002390
[2017.02.02-17.21.33:210][785]PIE: Info Play in editor start time for /Game/Assets/maps/developmentMaps/UEDPIE_0_Menu -0.879
[2017.02.02-17.21.33:210][785]LogBlueprintUserMessages: Late PlayInEditor Detection: Level '/Game/Assets/maps/developmentMaps/Menu.Menu:PersistentLevel' has LevelScriptBlueprint '/Game/Assets/maps/developmentMaps/Menu.Menu:PersistentLevel.Menu' with GeneratedClass '/Game/Assets/maps/developmentMaps/Menu.Menu_C' with ClassGeneratedBy '/Game/Assets/maps/developmentMaps/Menu.Menu:PersistentLevel.Menu'
[2017.02.02-17.21.33:734][844]LogBlueprintUserMessages: Early EndPlayMap Detection: Level '/Game/Assets/maps/developmentMaps/Menu.Menu:PersistentLevel' has LevelScriptBlueprint '/Game/Assets/maps/developmentMaps/Menu.Menu:PersistentLevel.Menu' with GeneratedClass '/Game/Assets/maps/developmentMaps/Menu.Menu_C' with ClassGeneratedBy '/Game/Assets/maps/developmentMaps/Menu.Menu:PersistentLevel.Menu'
[2017.02.02-17.21.33:771][844]LogBlueprintUserMessages: Late EndPlayMap Detection: Level '/Game/Assets/maps/developmentMaps/Menu.Menu:PersistentLevel' has LevelScriptBlueprint '/Game/Assets/maps/developmentMaps/Menu.Menu:PersistentLevel.Menu' with GeneratedClass '/Game/Assets/maps/developmentMaps/Menu.Menu_C' with ClassGeneratedBy '/Game/Assets/maps/developmentMaps/Menu.Menu:PersistentLevel.Menu'
[2017.02.02-17.21.34:876][972]LogTemp: Repeting last play command: Selected Viewport
[2017.02.02-17.21.34:890][972]LogBlueprintUserMessages: Early PlayInEditor Detection: Level '/Game/Assets/maps/developmentMaps/Menu.Menu:PersistentLevel' has LevelScriptBlueprint '/Game/Assets/maps/developmentMaps/Menu.Menu:PersistentLevel.Menu' with GeneratedClass '/Game/Assets/maps/developmentMaps/Menu.Menu_C' with ClassGeneratedBy '/Game/Assets/maps/developmentMaps/Menu.Menu:PersistentLevel.Menu'
[2017.02.02-17.21.34:891][972]LogPlayLevel: PlayLevel: No blueprints needed recompiling
[2017.02.02-17.21.34:891][972]PIE: New page: PIE session: Menu (Feb 2, 2017, 11:21:34 PM)
[2017.02.02-17.21.34:891][972]LogPlayLevel: Creating play world package: /Game/Assets/maps/developmentMaps/UEDPIE_0_Menu
[2017.02.02-17.21.34:892][972]LogPlayLevel: PIE: StaticDuplicateObject took: (0.001187s)
[2017.02.02-17.21.34:892][972]LogAIModule: Creating AISystem for world Menu
[2017.02.02-17.21.34:893][972]LogPlayLevel: PIE: World Init took: (0.000718s)
[2017.02.02-17.21.34:893][972]LogPlayLevel: PIE: Created PIE world by copying editor world from /Game/Assets/maps/developmentMaps/Menu.Menu to /Game/Assets/maps/developmentMaps/UEDPIE_0_Menu.Menu (0.002463s)
[2017.02.02-17.21.34:942][972]LogInit: XAudio2 using 'Наушники гарнитуры (Razer Kraken 7.1 Chroma)' : 2 channels at 44.1 kHz using 16 bits per sample (channel mask 0x3)
[2017.02.02-17.21.34:949][972]LogInit: FAudioDevice initialized.
[2017.02.02-17.21.34:979][972]LogLoad: Game class is 'protocellGameMode_C'
[2017.02.02-17.21.34:980][972]LogWorld: Bringing World /Game/Assets/maps/developmentMaps/UEDPIE_0_Menu.Menu up for play (max tick rate 0) at 2017.02.02-20.21.34
[2017.02.02-17.21.34:981][972]LogWorld: Bringing up level for play took: 0.001039
[2017.02.02-17.21.34:983][972]PIE: Info Play in editor start time for /Game/Assets/maps/developmentMaps/UEDPIE_0_Menu 0.895
[2017.02.02-17.21.34:983][972]LogBlueprintUserMessages: Late PlayInEditor Detection: Level '/Game/Assets/maps/developmentMaps/Menu.Menu:PersistentLevel' has LevelScriptBlueprint '/Game/Assets/maps/developmentMaps/Menu.Menu:PersistentLevel.Menu' with GeneratedClass '/Game/Assets/maps/developmentMaps/Menu.Menu_C' with ClassGeneratedBy '/Game/Assets/maps/developmentMaps/Menu.Menu:PersistentLevel.Menu'
[2017.02.02-17.21.39:063][458]LogNet: Browse: /Game/Assets/maps/developmentMaps/developmentRoom
[2017.02.02-17.21.39:063][458]LogLoad: LoadMap: /Game/Assets/maps/developmentMaps/developmentRoom
[2017.02.02-17.21.39:092][458]Cmd: MEM
[2017.02.02-17.21.39:119][458]LogMemory: Platform Memory Stats for Windows
[2017.02.02-17.21.39:119][458]LogMemory: Process Physical Memory: 1126.73 MB used, 1380.92 MB peak
[2017.02.02-17.21.39:119][458]LogMemory: Process Virtual Memory: 1823.76 MB used, 1904.41 MB peak
[2017.02.02-17.21.39:119][458]LogMemory: Physical Memory: 3984.21 MB used,  4145.47 MB free, 8129.68 MB total
[2017.02.02-17.21.39:119][458]LogMemory: Virtual Memory: 2744.11 MB used,  4145.47 MB free, 134217728.00 MB total
[2017.02.02-17.21.39:119][458]LogMemory: 
[2017.02.02-17.21.39:119][458]Allocator Stats for TBB: (not implemented)
[2017.02.02-17.21.39:155][458]LogAIModule: Creating AISystem for world developmentRoom
[2017.02.02-17.21.39:155][458]LogLoad: Game class is 'protocellGameMode_C'
[2017.02.02-17.21.39:159][458]LogWorld: Bringing World /Game/Assets/maps/developmentMaps/UEDPIE_0_developmentRoom.developmentRoom up for play (max tick rate 0) at 2017.02.02-20.21.39
[2017.02.02-17.21.39:159][458]LogWorld: Bringing up level for play took: 0.002872
[2017.02.02-17.21.39:159][458]LogGameMode: Warning - PATHS NOT DEFINED or NO PLAYERSTART with positive rating
[2017.02.02-17.21.39:159][458]LogLoad: Took 0.095950 seconds to LoadMap(/Game/Assets/maps/developmentMaps/developmentRoom)
[2017.02.02-17.22.11:204][269]LogBlueprintUserMessages: Early EndPlayMap Detection: Level '/Game/Assets/maps/developmentMaps/Menu.Menu:PersistentLevel' has LevelScriptBlueprint '/Game/Assets/maps/developmentMaps/Menu.Menu:PersistentLevel.Menu' with GeneratedClass '/Game/Assets/maps/developmentMaps/Menu.Menu_C' with ClassGeneratedBy '/Game/Assets/maps/developmentMaps/Menu.Menu:PersistentLevel.Menu'
[2017.02.02-17.22.11:235][269]LogBlueprintUserMessages: Late EndPlayMap Detection: Level '/Game/Assets/maps/developmentMaps/Menu.Menu:PersistentLevel' has LevelScriptBlueprint '/Game/Assets/maps/developmentMaps/Menu.Menu:PersistentLevel.Menu' with GeneratedClass '/Game/Assets/maps/developmentMaps/Menu.Menu_C' with ClassGeneratedBy '/Game/Assets/maps/developmentMaps/Menu.Menu:PersistentLevel.Menu'
[2017.02.02-17.22.12:339][396]LogTemp: Repeting last play command: Selected Viewport
[2017.02.02-17.22.12:355][396]LogBlueprintUserMessages: Early PlayInEditor Detection: Level '/Game/Assets/maps/developmentMaps/Menu.Menu:PersistentLevel' has LevelScriptBlueprint '/Game/Assets/maps/developmentMaps/Menu.Menu:PersistentLevel.Menu' with GeneratedClass '/Game/Assets/maps/developmentMaps/Menu.Menu_C' with ClassGeneratedBy '/Game/Assets/maps/developmentMaps/Menu.Menu:PersistentLevel.Menu'
[2017.02.02-17.22.12:355][396]LogPlayLevel: PlayLevel: No blueprints needed recompiling
[2017.02.02-17.22.12:355][396]PIE: New page: PIE session: Menu (Feb 2, 2017, 11:22:12 PM)
[2017.02.02-17.22.12:355][396]LogPlayLevel: Creating play world package: /Game/Assets/maps/developmentMaps/UEDPIE_0_Menu
[2017.02.02-17.22.12:357][396]LogPlayLevel: PIE: StaticDuplicateObject took: (0.001483s)
[2017.02.02-17.22.12:357][396]LogAIModule: Creating AISystem for world Menu
[2017.02.02-17.22.12:358][396]LogPlayLevel: PIE: World Init took: (0.000815s)
[2017.02.02-17.22.12:358][396]LogPlayLevel: PIE: Created PIE world by copying editor world from /Game/Assets/maps/developmentMaps/Menu.Menu to /Game/Assets/maps/developmentMaps/UEDPIE_0_Menu.Menu (0.002603s)
[2017.02.02-17.22.12:404][396]LogInit: XAudio2 using 'Наушники гарнитуры (Razer Kraken 7.1 Chroma)' : 2 channels at 44.1 kHz using 16 bits per sample (channel mask 0x3)
[2017.02.02-17.22.12:410][396]LogInit: FAudioDevice initialized.
[2017.02.02-17.22.12:443][396]LogLoad: Game class is 'protocellGameMode_C'
[2017.02.02-17.22.12:444][396]LogWorld: Bringing World /Game/Assets/maps/developmentMaps/UEDPIE_0_Menu.Menu up for play (max tick rate 0) at 2017.02.02-20.22.12
[2017.02.02-17.22.12:444][396]LogWorld: Bringing up level for play took: 0.001016
[2017.02.02-17.22.12:447][396]PIE: Info Play in editor start time for /Game/Assets/maps/developmentMaps/UEDPIE_0_Menu 0.359
[2017.02.02-17.22.12:447][396]LogBlueprintUserMessages: Late PlayInEditor Detection: Level '/Game/Assets/maps/developmentMaps/Menu.Menu:PersistentLevel' has LevelScriptBlueprint '/Game/Assets/maps/developmentMaps/Menu.Menu:PersistentLevel.Menu' with GeneratedClass '/Game/Assets/maps/developmentMaps/Menu.Menu_C' with ClassGeneratedBy '/Game/Assets/maps/developmentMaps/Menu.Menu:PersistentLevel.Menu'
[2017.02.02-17.22.13:719][544]LogNet: Browse: /Game/Assets/maps/developmentMaps/developmentRoom
[2017.02.02-17.22.13:720][544]LogLoad: LoadMap: /Game/Assets/maps/developmentMaps/developmentRoom
[2017.02.02-17.22.13:749][544]Cmd: MEM
[2017.02.02-17.22.13:776][544]LogMemory: Platform Memory Stats for Windows
[2017.02.02-17.22.13:776][544]LogMemory: Process Physical Memory: 1098.22 MB used, 1380.92 MB peak
[2017.02.02-17.22.13:776][544]LogMemory: Process Virtual Memory: 1863.20 MB used, 1904.41 MB peak
[2017.02.02-17.22.13:777][544]LogMemory: Physical Memory: 4003.01 MB used,  4126.67 MB free, 8129.68 MB total
[2017.02.02-17.22.13:777][544]LogMemory: Virtual Memory: 2776.11 MB used,  4126.67 MB free, 134217728.00 MB total
[2017.02.02-17.22.13:777][544]LogMemory: 
[2017.02.02-17.22.13:777][544]Allocator Stats for TBB: (not implemented)
[2017.02.02-17.22.13:814][544]LogAIModule: Creating AISystem for world developmentRoom
[2017.02.02-17.22.13:814][544]LogLoad: Game class is 'protocellGameMode_C'
[2017.02.02-17.22.13:819][544]LogWorld: Bringing World /Game/Assets/maps/developmentMaps/UEDPIE_0_developmentRoom.developmentRoom up for play (max tick rate 0) at 2017.02.02-20.22.13
[2017.02.02-17.22.13:819][544]LogWorld: Bringing up level for play took: 0.004170
[2017.02.02-17.22.13:819][544]LogGameMode: Warning - PATHS NOT DEFINED or NO PLAYERSTART with positive rating
[2017.02.02-17.22.13:820][544]LogLoad: Took 0.100462 seconds to LoadMap(/Game/Assets/maps/developmentMaps/developmentRoom)
[2017.02.02-17.22.14:472][619]LogBlueprintUserMessages: Early EndPlayMap Detection: Level '/Game/Assets/maps/developmentMaps/Menu.Menu:PersistentLevel' has LevelScriptBlueprint '/Game/Assets/maps/developmentMaps/Menu.Menu:PersistentLevel.Menu' with GeneratedClass '/Game/Assets/maps/developmentMaps/Menu.Menu_C' with ClassGeneratedBy '/Game/Assets/maps/developmentMaps/Menu.Menu:PersistentLevel.Menu'
[2017.02.02-17.22.14:503][619]LogBlueprintUserMessages: Late EndPlayMap Detection: Level '/Game/Assets/maps/developmentMaps/Menu.Menu:PersistentLevel' has LevelScriptBlueprint '/Game/Assets/maps/developmentMaps/Menu.Menu:PersistentLevel.Menu' with GeneratedClass '/Game/Assets/maps/developmentMaps/Menu.Menu_C' with ClassGeneratedBy '/Game/Assets/maps/developmentMaps/Menu.Menu:PersistentLevel.Menu'
[2017.02.02-17.22.23:785][ 91]LogSavePackage: Save=82.73ms
[2017.02.02-17.22.23:785][ 91]LogSavePackage: Moving '../../../../../../Users/SaintLouis/Desktop/g/PrimordialSoup/Saved/MenuB28381CC4C6EEA32277010918A12E650.tmp' to '../../../../../../Users/SaintLouis/Desktop/g/PrimordialSoup/Content/Assets/maps/developmentMaps/Menu.umap'
[2017.02.02-17.22.23:789][ 91]LogSavePackage:Display: Finished SavePackage ../../../../../../Users/SaintLouis/Desktop/g/PrimordialSoup/Content/Assets/maps/developmentMaps/Menu.umap
[2017.02.02-17.22.24:913][197]LogWindowsTextInputMethodSystem:Display: IME system now deactivated.
[2017.02.02-17.22.25:194][198]Cmd: QUIT_EDITOR
[2017.02.02-17.22.25:383][198]LogExit: Preparing to exit.
[2017.02.02-17.22.26:326][198]LogDirectoryWatcher: A directory notification for 'C:/Users/SaintLouis/Desktop/g/PrimordialSoup/Content/' was aborted.
[2017.02.02-17.22.26:444][198]LogExit: Editor shut down
[2017.02.02-17.22.26:445][198]LogExit: Transaction tracking system shut down
[2017.02.02-17.22.26:588][198]LogObj: Freed 0b from 0 cluster array pools.
[2017.02.02-17.22.26:588][198]LogExit: Object subsystem successfully closed.
[2017.02.02-17.22.26:604][198]LogD3D11RHI: Shutdown
[2017.02.02-17.22.26:604][198]LogD3D11RHI: CleanupD3DDevice
[2017.02.02-17.22.26:720][198]LogD3D11RHI: ~FD3D11DynamicRHI
[2017.02.02-17.22.26:750][198]LogHttp:Display: Http module shutting down, but needs to wait on 1 outstanding Http requests:
[2017.02.02-17.22.26:750][198]LogHttp:Display: 	verb=[POST] url=[https://datarouter.ol.epicgames.com/datarouter/api/v1/public/data?SessionID=%7B7234F091-405C-5CEE-CDD0-1CB5F7AFFF12%7D&AppID=UEEditor.Rocket.Release&AppVersion=4.14.3-3249277%2B%2B%2BUE4%2BRelease-4.14&UserID=e00a554242c404a496c988b772a59924%7C6ea81b7b51d34d0a95c194cdf0f52ea0%7Cc2e7d8b0-8ee7-46b4-a3f3-e5027e52534e&AppEnvironment=datacollector-binary&UploadType=eteventstream] status=Processing
[2017.02.02-17.22.26:783][198]LogModuleManager: Shutting down and abandoning module SequencerWidgets (245)
[2017.02.02-17.22.26:783][198]LogModuleManager: Shutting down and abandoning module BlueprintGraph (244)
[2017.02.02-17.22.26:783][198]LogModuleManager: Shutting down and abandoning module BlueprintProfiler (243)
[2017.02.02-17.22.26:792][198]LogModuleManager: Shutting down and abandoning module MovieSceneCapture (242)
[2017.02.02-17.22.26:792][198]LogModuleManager: Shutting down and abandoning module HierarchicalLODOutliner (241)
[2017.02.02-17.22.26:793][198]LogModuleManager: Shutting down and abandoning module CrashTracker (240)
[2017.02.02-17.22.26:793][198]LogModuleManager: Shutting down and abandoning module SceneOutliner (239)
[2017.02.02-17.22.26:793][198]LogModuleManager: Shutting down and abandoning module WidgetCarousel (238)
[2017.02.02-17.22.26:793][198]LogModuleManager: Shutting down and abandoning module AddContentDialog (237)
[2017.02.02-17.22.26:793][198]LogDirectoryWatcher: A directory notification for 'C:/Program Files/Epic Games/UE_4.14/FeaturePacks/' was aborted.
[2017.02.02-17.22.26:796][198]LogModuleManager: Shutting down and abandoning module GameplayTags (236)
[2017.02.02-17.22.26:796][198]LogModuleManager: Shutting down and abandoning module EditorWidgets (235)
[2017.02.02-17.22.26:796][198]LogModuleManager: Shutting down and abandoning module CollectionManager (234)
[2017.02.02-17.22.26:796][198]LogDirectoryWatcher: A directory notification for 'C:/Users/SaintLouis/Desktop/g/PrimordialSoup/Content/Collections/' was aborted.
[2017.02.02-17.22.26:796][198]LogDirectoryWatcher: A directory notification for 'C:/Users/SaintLouis/Desktop/g/PrimordialSoup/Content/Developers/saintlouis/Collections/' was aborted.
[2017.02.02-17.22.26:796][198]LogDirectoryWatcher: A directory notification for 'C:/Users/SaintLouis/Desktop/g/PrimordialSoup/Saved/Collections/' was aborted.
[2017.02.02-17.22.26:796][198]LogModuleManager: Shutting down and abandoning module StatsViewer (233)
[2017.02.02-17.22.26:796][198]LogModuleManager: Shutting down and abandoning module FoliageEdit (232)
[2017.02.02-17.22.26:796][198]LogModuleManager: Shutting down and abandoning module LandscapeEditor (231)
[2017.02.02-17.22.26:797][198]LogModuleManager: Shutting down and abandoning module SceneDepthPickerMode (230)
[2017.02.02-17.22.26:797][198]LogModuleManager: Shutting down and abandoning module ActorPickerMode (229)
[2017.02.02-17.22.26:797][198]LogModuleManager: Shutting down and abandoning module GeometryMode (228)
[2017.02.02-17.22.26:797][198]LogModuleManager: Shutting down and abandoning module TextureAlignMode (227)
[2017.02.02-17.22.26:797][198]LogModuleManager: Shutting down and abandoning module BspMode (226)
[2017.02.02-17.22.26:797][198]LogModuleManager: Shutting down and abandoning module HardwareSurvey (225)
[2017.02.02-17.22.26:797][198]LogModuleManager: Shutting down and abandoning module SequenceRecorderSections (224)
[2017.02.02-17.22.26:797][198]LogModuleManager: Shutting down and abandoning module AutomationWorker (223)
[2017.02.02-17.22.26:797][198]LogModuleManager: Shutting down and abandoning module MatineeToLevelSequence (222)
[2017.02.02-17.22.26:797][198]LogModuleManager: Shutting down and abandoning module PlacementMode (221)
[2017.02.02-17.22.26:797][198]LogModuleManager: Shutting down and abandoning module LevelSequenceEditor (220)
[2017.02.02-17.22.26:797][198]LogModuleManager: Shutting down and abandoning module WmfMediaFactory (219)
[2017.02.02-17.22.26:797][198]LogModuleManager: Shutting down and abandoning module WmfMediaEditor (218)
[2017.02.02-17.22.26:797][198]LogModuleManager: Shutting down and abandoning module AvfMediaFactory (217)
[2017.02.02-17.22.26:797][198]LogModuleManager: Shutting down and abandoning module AvfMediaEditor (216)
[2017.02.02-17.22.26:797][198]LogModuleManager: Shutting down and abandoning module Media (215)
[2017.02.02-17.22.26:797][198]LogModuleManager: Shutting down and abandoning module AndroidMediaFactory (214)
[2017.02.02-17.22.26:797][198]LogModuleManager: Shutting down and abandoning module AndroidMediaEditor (213)
[2017.02.02-17.22.26:797][198]LogModuleManager: Shutting down and abandoning module CharacterAI (212)
[2017.02.02-17.22.26:797][198]LogModuleManager: Shutting down and abandoning module SequenceRecorder (211)
[2017.02.02-17.22.26:797][198]LogModuleManager: Shutting down and abandoning module AudioCapture (210)
[2017.02.02-17.22.26:797][198]LogModuleManager: Shutting down and abandoning module SmartSnapping (209)
[2017.02.02-17.22.26:797][198]LogModuleManager: Shutting down and abandoning module SessionServices (208)
[2017.02.02-17.22.26:797][198]LogModuleManager: Shutting down and abandoning module ViewportSnapping (207)
[2017.02.02-17.22.26:797][198]LogModuleManager: Shutting down and abandoning module ViewportInteraction (206)
[2017.02.02-17.22.26:797][198]LogModuleManager: Shutting down and abandoning module LogVisualizer (205)
[2017.02.02-17.22.26:797][198]LogModuleManager: Shutting down and abandoning module GameProjectGeneration (204)
[2017.02.02-17.22.26:797][198]LogModuleManager: Shutting down and abandoning module IntroTutorials (203)
[2017.02.02-17.22.26:797][198]LogModuleManager: Shutting down and abandoning module EditorLiveStreaming (202)
[2017.02.02-17.22.26:797][198]LogModuleManager: Shutting down and abandoning module IOSPlatformEditor (201)
[2017.02.02-17.22.26:797][198]LogModuleManager: Shutting down and abandoning module HTML5PlatformEditor (200)
[2017.02.02-17.22.26:797][198]LogModuleManager: Shutting down and abandoning module AndroidDeviceDetection (199)
[2017.02.02-17.22.27:361][198]LogModuleManager: Shutting down and abandoning module AndroidPlatformEditor (198)
[2017.02.02-17.22.27:361][198]LogModuleManager: Shutting down and abandoning module IOSRuntimeSettings (197)
[2017.02.02-17.22.27:361][198]LogModuleManager: Shutting down and abandoning module AndroidRuntimeSettings (196)
[2017.02.02-17.22.27:361][198]LogModuleManager: Shutting down and abandoning module InputBindingEditor (195)
[2017.02.02-17.22.27:361][198]LogModuleManager: Shutting down and abandoning module NiagaraEditor (194)
[2017.02.02-17.22.27:361][198]LogModuleManager: Shutting down and abandoning module MergeActors (193)
[2017.02.02-17.22.27:361][198]LogModuleManager: Shutting down and abandoning module SizeMap (192)
[2017.02.02-17.22.27:361][198]LogModuleManager: Shutting down and abandoning module TreeMap (191)
[2017.02.02-17.22.27:361][198]LogModuleManager: Shutting down and abandoning module ReferenceViewer (190)
[2017.02.02-17.22.27:361][198]LogModuleManager: Shutting down and abandoning module LocalizationService (189)
[2017.02.02-17.22.27:361][198]LogModuleManager: Shutting down and abandoning module LocalizationDashboard (188)
[2017.02.02-17.22.27:361][198]LogModuleManager: Shutting down and abandoning module HardwareTargeting (187)
[2017.02.02-17.22.27:361][198]LogModuleManager: Shutting down and abandoning module DeviceProfileEditor (186)
[2017.02.02-17.22.27:361][198]LogModuleManager: Shutting down and abandoning module UndoHistory (185)
[2017.02.02-17.22.27:361][198]LogModuleManager: Shutting down and abandoning module UserFeedback (184)
[2017.02.02-17.22.27:361][198]LogModuleManager: Shutting down and abandoning module XmlParser (183)
[2017.02.02-17.22.27:361][198]LogModuleManager: Shutting down and abandoning module Blutility (182)
[2017.02.02-17.22.27:361][198]LogModuleManager: Shutting down and abandoning module ProjectTargetPlatformEditor (181)
[2017.02.02-17.22.27:362][198]LogModuleManager: Shutting down and abandoning module ProjectSettingsViewer (180)
[2017.02.02-17.22.27:362][198]LogModuleManager: Shutting down and abandoning module EditorSettingsViewer (179)
[2017.02.02-17.22.27:362][198]LogModuleManager: Shutting down and abandoning module SettingsEditor (178)
[2017.02.02-17.22.27:362][198]LogModuleManager: Shutting down and abandoning module ProjectLauncher (177)
[2017.02.02-17.22.27:362][198]LogModuleManager: Shutting down and abandoning module SessionFrontend (176)
[2017.02.02-17.22.27:362][198]LogModuleManager: Shutting down and abandoning module ProfilerClient (175)
[2017.02.02-17.22.27:362][198]LogModuleManager: Shutting down and abandoning module TargetDeviceServices (174)
[2017.02.02-17.22.27:362][198]LogModuleManager: Shutting down and abandoning module DeviceManager (173)
[2017.02.02-17.22.27:404][198]LogModuleManager: Shutting down and abandoning module AutomationController (172)
[2017.02.02-17.22.27:404][198]LogModuleManager: Shutting down and abandoning module AutomationWindow (171)
[2017.02.02-17.22.27:404][198]LogModuleManager: Shutting down and abandoning module Layers (170)
[2017.02.02-17.22.27:404][198]LogModuleManager: Shutting down and abandoning module ComponentVisualizers (169)
[2017.02.02-17.22.27:404][198]LogModuleManager: Shutting down and abandoning module DetailCustomizations (168)
[2017.02.02-17.22.27:404][198]LogModuleManager: Shutting down and abandoning module PackagesDialog (167)
[2017.02.02-17.22.27:404][198]LogModuleManager: Shutting down and abandoning module AnimGraph (166)
[2017.02.02-17.22.27:404][198]LogModuleManager: Shutting down and abandoning module Persona (165)
[2017.02.02-17.22.27:405][198]LogModuleManager: Shutting down and abandoning module Kismet (164)
[2017.02.02-17.22.27:411][198]LogModuleManager: Shutting down and abandoning module GraphEditor (163)
[2017.02.02-17.22.27:411][198]LogModuleManager: Shutting down and abandoning module ClassViewer (162)
[2017.02.02-17.22.27:413][198]LogModuleManager: Shutting down and abandoning module Toolbox (161)
[2017.02.02-17.22.27:413][198]LogModuleManager: Shutting down and abandoning module ModuleUI (160)
[2017.02.02-17.22.27:413][198]LogModuleManager: Shutting down and abandoning module MovieSceneTools (159)
[2017.02.02-17.22.27:413][198]LogModuleManager: Shutting down and abandoning module OutputLog (158)
[2017.02.02-17.22.27:413][198]LogModuleManager: Shutting down and abandoning module GammaUI (157)
[2017.02.02-17.22.27:413][198]LogModuleManager: Shutting down and abandoning module Documentation (156)
[2017.02.02-17.22.27:413][198]LogModuleManager: Shutting down and abandoning module Niagara (155)
[2017.02.02-17.22.27:413][198]LogModuleManager: Shutting down and abandoning module StreamingPauseRendering (154)
[2017.02.02-17.22.27:413][198]LogModuleManager: Shutting down and abandoning module AnalyticsET (153)
[2017.02.02-17.22.27:413][198]LogModuleManager: Shutting down and abandoning module PortalServices (152)
[2017.02.02-17.22.27:413][198]LogModuleManager: Shutting down and abandoning module PortalRpc (151)
[2017.02.02-17.22.27:413][198]LogModuleManager: Shutting down and abandoning module MessagingRpc (150)
[2017.02.02-17.22.27:413][198]LogModuleManager: Shutting down and abandoning module GameplayDebugger (149)
[2017.02.02-17.22.27:413][198]LogModuleManager: Shutting down and abandoning module AITestSuite (148)
[2017.02.02-17.22.27:413][198]LogModuleManager: Shutting down and abandoning module AIModule (147)
[2017.02.02-17.22.27:413][198]LogModuleManager: Shutting down and abandoning module ProfilerService (146)
[2017.02.02-17.22.27:615][198]LogModuleManager: Shutting down and abandoning module TaskGraph (145)
[2017.02.02-17.22.27:615][198]LogModuleManager: Shutting down and abandoning module SlateRemote (144)
[2017.02.02-17.22.27:615][198]LogModuleManager: Shutting down and abandoning module SteamVRController (143)
[2017.02.02-17.22.27:615][198]LogModuleManager: Shutting down and abandoning module SteamVR (142)
[2017.02.02-17.22.27:615][198]LogModuleManager: Shutting down and abandoning module ProceduralMeshComponentEditor (141)
[2017.02.02-17.22.27:615][198]LogModuleManager: Shutting down and abandoning module ProceduralMeshComponent (140)
[2017.02.02-17.22.27:615][198]LogModuleManager: Shutting down and abandoning module OculusLibrary (139)
[2017.02.02-17.22.27:615][198]LogModuleManager: Shutting down and abandoning module OculusInput (138)
[2017.02.02-17.22.27:615][198]LogModuleManager: Shutting down and abandoning module MobilePatchingUtils (137)
[2017.02.02-17.22.27:615][198]LogModuleManager: Shutting down and abandoning module CustomMeshComponent (136)
[2017.02.02-17.22.27:615][198]LogModuleManager: Shutting down and abandoning module CableComponent (135)
[2017.02.02-17.22.27:615][198]LogModuleManager: Shutting down and abandoning module ArchVisCharacter (134)
[2017.02.02-17.22.27:615][198]LogModuleManager: Shutting down and abandoning module MediaPlayerEditor (132)
[2017.02.02-17.22.27:615][198]LogModuleManager: Shutting down and abandoning module HTML5Networking (131)
[2017.02.02-17.22.27:615][198]LogModuleManager: Shutting down and abandoning module GeometryCacheEd (130)
[2017.02.02-17.22.27:615][198]LogModuleManager: Shutting down and abandoning module GeometryCache (129)
[2017.02.02-17.22.27:615][198]LogModuleManager: Shutting down and abandoning module AlembicLibrary (128)
[2017.02.02-17.22.27:615][198]LogModuleManager: Shutting down and abandoning module AlembicImporter (127)
[2017.02.02-17.22.27:615][198]LogModuleManager: Shutting down and abandoning module SuperSearch (126)
[2017.02.02-17.22.27:615][198]LogModuleManager: Shutting down and abandoning module SuperSearchEditor (125)
[2017.02.02-17.22.27:615][198]LogModuleManager: Shutting down and abandoning module SpeedTreeImporter (124)
[2017.02.02-17.22.27:615][198]LogModuleManager: Shutting down and abandoning module PluginBrowser (123)
[2017.02.02-17.22.27:616][198]LogModuleManager: Shutting down and abandoning module MobileLauncherProfileWizard (122)
[2017.02.02-17.22.27:616][198]LogModuleManager: Shutting down and abandoning module EpicSurvey (121)
[2017.02.02-17.22.27:616][198]LogModuleManager: Shutting down and abandoning module DesktopPlatform (120)
[2017.02.02-17.22.27:616][198]LogModuleManager: Shutting down and abandoning module VisualStudioSourceCodeAccess (119)
[2017.02.02-17.22.27:616][198]LogModuleManager: Shutting down and abandoning module UObjectPlugin (118)
[2017.02.02-17.22.27:616][198]LogModuleManager: Shutting down and abandoning module SubversionSourceControl (117)
[2017.02.02-17.22.27:616][198]LogModuleManager: Shutting down and abandoning module PerforceSourceControl (116)
[2017.02.02-17.22.27:616][198]LogModuleManager: Shutting down and abandoning module SourceControl (115)
[2017.02.02-17.22.27:616][198]LogModuleManager: Shutting down and abandoning module GitSourceControl (114)
[2017.02.02-17.22.27:616][198]LogModuleManager: Shutting down and abandoning module LightPropagationVolumeEditor (113)
[2017.02.02-17.22.27:616][198]LogModuleManager: Shutting down and abandoning module PaperTiledImporter (112)
[2017.02.02-17.22.27:616][198]LogModuleManager: Shutting down and abandoning module PaperSpriteSheetImporter (111)
[2017.02.02-17.22.27:616][198]LogModuleManager: Shutting down and abandoning module MeshPaint (110)
[2017.02.02-17.22.27:616][198]LogModuleManager: Shutting down and abandoning module PixelInspectorModule (109)
[2017.02.02-17.22.27:616][198]LogModuleManager: Shutting down and abandoning module HotReload (108)
[2017.02.02-17.22.27:617][198]LogModuleManager: Shutting down and abandoning module MainFrame (107)
[2017.02.02-17.22.27:617][198]LogModuleManager: Shutting down and abandoning module LevelEditor (106)
[2017.02.02-17.22.27:618][198]LogModuleManager: Shutting down and abandoning module ContentBrowser (105)
[2017.02.02-17.22.27:619][198]LogModuleManager: Shutting down and abandoning module Paper2DEditor (104)
[2017.02.02-17.22.27:619][198]LogModuleManager: Shutting down and abandoning module UdpMessaging (103)
[2017.02.02-17.22.27:720][198]LogModuleManager: Shutting down and abandoning module TcpMessaging (102)
[2017.02.02-17.22.27:822][198]LogModuleManager: Shutting down and abandoning module LightPropagationVolumeRuntime (101)
[2017.02.02-17.22.27:822][198]LogModuleManager: Shutting down and abandoning module Paper2D (100)
[2017.02.02-17.22.27:822][198]LogModuleManager: Shutting down and abandoning module WindowsMoviePlayer (99)
[2017.02.02-17.22.27:822][198]LogModuleManager: Shutting down and abandoning module WmfMedia (98)
[2017.02.02-17.22.27:822][198]LogModuleManager: Shutting down and abandoning module MediaAssets (97)
[2017.02.02-17.22.27:822][198]LogModuleManager: Shutting down and abandoning module GameLiveStreaming (96)
[2017.02.02-17.22.27:822][198]LogModuleManager: Shutting down and abandoning module GameplayTagsEditor (95)
[2017.02.02-17.22.27:822][198]LogModuleManager: Shutting down and abandoning module VREditor (94)
[2017.02.02-17.22.27:822][198]LogModuleManager: Shutting down and abandoning module GameplayTasksEditor (93)
[2017.02.02-17.22.27:822][198]LogModuleManager: Shutting down and abandoning module BehaviorTreeEditor (92)
[2017.02.02-17.22.27:822][198]LogModuleManager: Shutting down and abandoning module FunctionalTesting (91)
[2017.02.02-17.22.27:822][198]LogModuleManager: Shutting down and abandoning module CollisionAnalyzer (90)
[2017.02.02-17.22.27:822][198]LogModuleManager: Shutting down and abandoning module Sequencer (89)
[2017.02.02-17.22.27:822][198]LogModuleManager: Shutting down and abandoning module WorkspaceMenuStructure (88)
[2017.02.02-17.22.27:822][198]LogModuleManager: Shutting down and abandoning module MessageLog (87)
[2017.02.02-17.22.27:822][198]LogModuleManager: Shutting down and abandoning module AssetTools (86)
[2017.02.02-17.22.27:822][198]LogModuleManager: Shutting down and abandoning module UMGEditor (85)
[2017.02.02-17.22.27:822][198]LogModuleManager: Shutting down and abandoning module UMG (84)
[2017.02.02-17.22.27:822][198]LogModuleManager: Shutting down and abandoning module SlateReflector (83)
[2017.02.02-17.22.27:822][198]LogModuleManager: Shutting down and abandoning module Slate (82)
[2017.02.02-17.22.27:822][198]LogModuleManager: Shutting down and abandoning module EditorStyle (81)
[2017.02.02-17.22.27:826][198]LogModuleManager: Shutting down and abandoning module SourceCodeAccess (80)
[2017.02.02-17.22.27:826][198]LogModuleManager: Shutting down and abandoning module HeadMountedDisplay (79)
[2017.02.02-17.22.27:826][198]LogModuleManager: Shutting down and abandoning module XAudio2 (78)
[2017.02.02-17.22.27:826][198]LogModuleManager: Shutting down and abandoning module Networking (76)
[2017.02.02-17.22.27:826][198]LogModuleManager: Shutting down and abandoning module Core (75)
[2017.02.02-17.22.27:826][198]LogModuleManager: Shutting down and abandoning module DirectoryWatcher (74)
[2017.02.02-17.22.27:826][198]LogDirectoryWatcher: A directory notification for '../../../Engine/Content/' was aborted.
[2017.02.02-17.22.27:828][198]LogDirectoryWatcher: A directory notification for '../../../../../../Users/SaintLouis/Desktop/g/PrimordialSoup/Content/' was aborted.
[2017.02.02-17.22.27:829][198]LogDirectoryWatcher: A directory notification for '../../../Engine/Plugins/2D/Paper2D/Content/' was aborted.
[2017.02.02-17.22.27:832][198]LogModuleManager: Shutting down and abandoning module AssetRegistry (73)
[2017.02.02-17.22.27:998][198]LogModuleManager: Shutting down and abandoning module KismetCompiler (72)
[2017.02.02-17.22.27:998][198]LogModuleManager: Shutting down and abandoning module PhysXFormats (71)
[2017.02.02-17.22.27:998][198]LogModuleManager: Shutting down and abandoning module SimplygonSwarm (70)
[2017.02.02-17.22.27:998][198]LogModuleManager: Shutting down and abandoning module SimplygonMeshReduction (69)
[2017.02.02-17.22.27:998][198]LogModuleManager: Shutting down and abandoning module QuadricMeshReduction (68)
[2017.02.02-17.22.27:998][198]LogModuleManager: Shutting down and abandoning module PropertyEditor (67)
[2017.02.02-17.22.27:998][198]LogModuleManager: Shutting down and abandoning module MeshUtilities (66)
[2017.02.02-17.22.27:998][198]LogModuleManager: Shutting down and abandoning module DerivedDataCache (65)
[2017.02.02-17.22.28:000][198]LogDerivedDataCache: Shutdown
[2017.02.02-17.22.28:000][198]LogModuleManager: Shutting down and abandoning module VulkanShaderFormat (64)
[2017.02.02-17.22.28:000][198]LogModuleManager: Shutting down and abandoning module ShaderFormatOpenGL (63)
[2017.02.02-17.22.28:000][198]LogModuleManager: Shutting down and abandoning module ShaderFormatD3D (62)
[2017.02.02-17.22.28:000][198]LogModuleManager: Shutting down and abandoning module MetalShaderFormat (61)
[2017.02.02-17.22.28:000][198]LogModuleManager: Shutting down and abandoning module TextureFormatUncompressed (60)
[2017.02.02-17.22.28:000][198]LogModuleManager: Shutting down and abandoning module TextureFormatPVR (59)
[2017.02.02-17.22.28:000][198]LogModuleManager: Shutting down and abandoning module TextureFormatDXT (58)
[2017.02.02-17.22.28:000][198]LogModuleManager: Shutting down and abandoning module TextureFormatIntelISPCTexComp (57)
[2017.02.02-17.22.28:000][198]LogModuleManager: Shutting down and abandoning module ImageWrapper (56)
[2017.02.02-17.22.28:000][198]LogModuleManager: Shutting down and abandoning module TextureFormatASTC (55)
[2017.02.02-17.22.28:000][198]LogModuleManager: Shutting down and abandoning module TextureFormatAndroid (54)
[2017.02.02-17.22.28:000][198]LogModuleManager: Shutting down and abandoning module AudioFormatOpus (53)
[2017.02.02-17.22.28:001][198]LogModuleManager: Shutting down and abandoning module AudioFormatOgg (52)
[2017.02.02-17.22.28:001][198]LogModuleManager: Shutting down and abandoning module AudioFormatADPCM (51)
[2017.02.02-17.22.28:001][198]LogModuleManager: Shutting down and abandoning module LinuxTargetPlatform (50)
[2017.02.02-17.22.28:001][198]LogModuleManager: Shutting down and abandoning module LinuxServerTargetPlatform (49)
[2017.02.02-17.22.28:001][198]LogModuleManager: Shutting down and abandoning module LinuxNoEditorTargetPlatform (48)
[2017.02.02-17.22.28:001][198]LogModuleManager: Shutting down and abandoning module LinuxClientTargetPlatform (47)
[2017.02.02-17.22.28:001][198]LogModuleManager: Shutting down and abandoning module TVOSTargetPlatform (46)
[2017.02.02-17.22.28:001][198]LogModuleManager: Shutting down and abandoning module Messaging (45)
[2017.02.02-17.22.28:001][198]LogModuleManager: Shutting down and abandoning module IOSTargetPlatform (44)
[2017.02.02-17.22.28:001][198]LogModuleManager: Shutting down and abandoning module HTML5TargetPlatform (43)
[2017.02.02-17.22.28:001][198]LogModuleManager: Shutting down and abandoning module Android_PVRTCTargetPlatform (42)
[2017.02.02-17.22.28:001][198]LogModuleManager: Shutting down and abandoning module Android_MultiTargetPlatform (41)
[2017.02.02-17.22.28:001][198]LogModuleManager: Shutting down and abandoning module Android_ETC2TargetPlatform (40)
[2017.02.02-17.22.28:001][198]LogModuleManager: Shutting down and abandoning module Android_ETC1TargetPlatform (39)
[2017.02.02-17.22.28:001][198]LogModuleManager: Shutting down and abandoning module Android_DXTTargetPlatform (38)
[2017.02.02-17.22.28:001][198]LogModuleManager: Shutting down and abandoning module Android_ATCTargetPlatform (37)
[2017.02.02-17.22.28:001][198]LogModuleManager: Shutting down and abandoning module Android_ASTCTargetPlatform (36)
[2017.02.02-17.22.28:001][198]LogModuleManager: Shutting down and abandoning module AndroidTargetPlatform (35)
[2017.02.02-17.22.28:001][198]LogModuleManager: Shutting down and abandoning module WindowsTargetPlatform (34)
[2017.02.02-17.22.28:001][198]LogModuleManager: Shutting down and abandoning module WindowsServerTargetPlatform (33)
[2017.02.02-17.22.28:001][198]LogModuleManager: Shutting down and abandoning module WindowsNoEditorTargetPlatform (32)
[2017.02.02-17.22.28:001][198]LogModuleManager: Shutting down and abandoning module WindowsClientTargetPlatform (31)
[2017.02.02-17.22.28:001][198]LogModuleManager: Shutting down and abandoning module MacTargetPlatform (30)
[2017.02.02-17.22.28:001][198]LogModuleManager: Shutting down and abandoning module MacServerTargetPlatform (29)
[2017.02.02-17.22.28:001][198]LogModuleManager: Shutting down and abandoning module MacNoEditorTargetPlatform (28)
[2017.02.02-17.22.28:001][198]LogModuleManager: Shutting down and abandoning module MacClientTargetPlatform (27)
[2017.02.02-17.22.28:001][198]LogModuleManager: Shutting down and abandoning module AllDesktopTargetPlatform (26)
[2017.02.02-17.22.28:001][198]LogModuleManager: Shutting down and abandoning module TargetPlatform (25)
[2017.02.02-17.22.28:002][198]LogModuleManager: Shutting down and abandoning module InputCore (24)
[2017.02.02-17.22.28:002][198]LogModuleManager: Shutting down and abandoning module Settings (23)
[2017.02.02-17.22.28:002][198]LogModuleManager: Shutting down and abandoning module OculusRift (22)
[2017.02.02-17.22.28:002][198]LogModuleManager: Shutting down and abandoning module ExampleDeviceProfileSelector (21)
[2017.02.02-17.22.28:002][198]LogModuleManager: Shutting down and abandoning module OnlineBlueprintSupport (20)
[2017.02.02-17.22.28:002][198]LogModuleManager: Shutting down and abandoning module OnlineSubsystem (18)
[2017.02.02-17.22.28:002][198]LogOnline:Display: Unloading online subsystem: NULL
[2017.02.02-17.22.28:002][198]LogModuleManager: Shutting down and abandoning module SSL (17)
[2017.02.02-17.22.28:004][198]LogModuleManager: Shutting down and abandoning module HTTP (16)
[2017.02.02-17.22.28:004][198]LogModuleManager: Shutting down and abandoning module XMPP (15)
[2017.02.02-17.22.28:004][198]LogModuleManager: Shutting down and abandoning module TextureCompressor (14)
[2017.02.02-17.22.28:004][198]LogModuleManager: Shutting down and abandoning module ShaderCore (13)
[2017.02.02-17.22.28:004][198]LogModuleManager: Shutting down and abandoning module Landscape (12)
[2017.02.02-17.22.28:004][198]LogModuleManager: Shutting down and abandoning module SlateRHIRenderer (11)
[2017.02.02-17.22.28:011][198]LogModuleManager: Shutting down and abandoning module OpenGLDrv (10)
[2017.02.02-17.22.28:011][198]LogModuleManager: Shutting down and abandoning module D3D11RHI (9)
[2017.02.02-17.22.28:011][198]LogModuleManager: Shutting down and abandoning module AnimGraphRuntime (8)
[2017.02.02-17.22.28:011][198]LogModuleManager: Shutting down and abandoning module Renderer (7)
[2017.02.02-17.22.28:011][198]LogModuleManager: Shutting down and abandoning module Engine (6)
[2017.02.02-17.22.28:011][198]LogModuleManager: Shutting down and abandoning module CoreUObject (5)
[2017.02.02-17.22.28:011][198]LogModuleManager: Shutting down and abandoning module NetworkFile (4)
[2017.02.02-17.22.28:011][198]LogModuleManager: Shutting down and abandoning module StreamingFile (3)
[2017.02.02-17.22.28:011][198]LogModuleManager: Shutting down and abandoning module SandboxFile (2)
[2017.02.02-17.22.28:011][198]LogModuleManager: Shutting down and abandoning module PakFile (1)
[2017.02.02-17.22.28:012][198]LogExit: Exiting.
[2017.02.02-17.22.28:039][198]Log file closed, 02/02/17 20:22:28
